<?xml version="1.0" encoding="UTF-8"?>
<testsuite name="pft.sandbox.PrimeTests" tests="2" skipped="0" failures="0" errors="0" timestamp="2020-01-25T07:31:55" hostname="Earp" time="22.698">
  <properties/>
  <testcase name="testPrimes" classname="pft.sandbox.PrimeTests" time="5.598"/>
  <testcase name="testPrimesLong" classname="pft.sandbox.PrimeTests" time="17.1"/>
  <system-out><![CDATA[]]></system-out>
  <system-err><![CDATA[]]></system-err>
</testsuite>
