<?xml version="1.0" encoding="UTF-8"?>
<testsuite name="pft.sandbox.PointTest" tests="1" skipped="0" failures="0" errors="0" timestamp="2019-12-28T07:54:06" hostname="Earp" time="0.013">
  <properties/>
  <testcase name="testLength" classname="pft.sandbox.PointTest" time="0.013"/>
  <system-out><![CDATA[]]></system-out>
  <system-err><![CDATA[]]></system-err>
</testsuite>
