<?xml version="1.0" encoding="UTF-8"?>
<testsuite name="pft.adressbook.tests.GroupCreationTests" tests="3" skipped="0" failures="0" errors="0" timestamp="2020-03-11T07:13:45" hostname="Earp" time="4.586">
  <properties/>
  <testcase name="testGroupCreation[0](GroupData{id='2147483647', name='test 0'})" classname="pft.adressbook.tests.GroupCreationTests" time="1.728"/>
  <testcase name="testGroupCreation[1](GroupData{id='2147483647', name='test 1'})" classname="pft.adressbook.tests.GroupCreationTests" time="1.236"/>
  <testcase name="testGroupCreation[2](GroupData{id='2147483647', name='test 2'})" classname="pft.adressbook.tests.GroupCreationTests" time="1.221"/>
  <system-out><![CDATA[Hibernate: select groupdata0_.group_id as group_id1_2_, groupdata0_.group_footer as group_fo2_2_, groupdata0_.group_header as group_he3_2_, groupdata0_.group_name as group_na4_2_ from group_list groupdata0_
Hibernate: select groupdata0_.group_id as group_id1_2_, groupdata0_.group_footer as group_fo2_2_, groupdata0_.group_header as group_he3_2_, groupdata0_.group_name as group_na4_2_ from group_list groupdata0_
Hibernate: select groupdata0_.group_id as group_id1_2_, groupdata0_.group_footer as group_fo2_2_, groupdata0_.group_header as group_he3_2_, groupdata0_.group_name as group_na4_2_ from group_list groupdata0_
Hibernate: select groupdata0_.group_id as group_id1_2_, groupdata0_.group_footer as group_fo2_2_, groupdata0_.group_header as group_he3_2_, groupdata0_.group_name as group_na4_2_ from group_list groupdata0_
Hibernate: select groupdata0_.group_id as group_id1_2_, groupdata0_.group_footer as group_fo2_2_, groupdata0_.group_header as group_he3_2_, groupdata0_.group_name as group_na4_2_ from group_list groupdata0_
Hibernate: select groupdata0_.group_id as group_id1_2_, groupdata0_.group_footer as group_fo2_2_, groupdata0_.group_header as group_he3_2_, groupdata0_.group_name as group_na4_2_ from group_list groupdata0_
]]></system-out>
  <system-err><![CDATA[]]></system-err>
</testsuite>
