<?xml version="1.0" encoding="UTF-8"?>
<testsuite name="pft.adressbook.tests.GroupCreationTests" tests="3" skipped="0" failures="0" errors="0" timestamp="2020-02-10T11:56:33" hostname="Earp" time="14.621">
  <properties/>
  <testcase name="testGroupCreation[0](GroupData{id='2147483647', name='test 0'})" classname="pft.adressbook.tests.GroupCreationTests" time="6.593"/>
  <testcase name="testGroupCreation[1](GroupData{id='2147483647', name='test 1'})" classname="pft.adressbook.tests.GroupCreationTests" time="3.734"/>
  <testcase name="testGroupCreation[2](GroupData{id='2147483647', name='test 2'})" classname="pft.adressbook.tests.GroupCreationTests" time="4.294"/>
  <system-out><![CDATA[]]></system-out>
  <system-err><![CDATA[]]></system-err>
</testsuite>
