<?xml version="1.0" encoding="UTF-8"?>
<testsuite name="pft.adressbook.tests.GroupModificationTests" tests="1" skipped="0" failures="0" errors="0" timestamp="2020-02-10T11:51:46" hostname="Earp" time="3.5">
  <properties/>
  <testcase name="testGroupModification" classname="pft.adressbook.tests.GroupModificationTests" time="3.5"/>
  <system-out><![CDATA[]]></system-out>
  <system-err><![CDATA[]]></system-err>
</testsuite>
