<?xml version="1.0" encoding="UTF-8"?>
<testsuite name="pft.mantis.tests.SoapTests" tests="2" skipped="0" failures="0" errors="0" timestamp="2020-03-01T10:49:00" hostname="Earp" time="1.32">
  <properties/>
  <testcase name="testCreateIssue" classname="pft.mantis.tests.SoapTests" time="1.202"/>
  <testcase name="testGetProjects" classname="pft.mantis.tests.SoapTests" time="0.117"/>
  <system-out><![CDATA[1
Test
]]></system-out>
  <system-err><![CDATA[]]></system-err>
</testsuite>
