<?xml version="1.0" encoding="UTF-8"?>
<testsuite name="pft.mantis.tests.RegistrationTests" tests="1" skipped="0" failures="0" errors="0" timestamp="2020-02-23T09:09:55" hostname="Earp" time="7.468">
  <properties/>
  <testcase name="testRegistration" classname="pft.mantis.tests.RegistrationTests" time="7.468"/>
  <system-out><![CDATA[]]></system-out>
  <system-err><![CDATA[1582448996789	mozrunner::runner	INFO	Running command: "C:\\Program Files\\Mozilla Firefox\\firefox.exe" "-marionette" "-foreground" "-no-remote" "-profile" "C:\\Users\\olkol\\AppData\\Local\\Temp\\rust_mozprofileCN2zCq"
1582448997339	addons.webextension.doh-rollout@mozilla.org	WARN	Loading extension 'doh-rollout@mozilla.org': Reading manifest: Invalid extension permission: networkStatus
1582448997728	addons.webextension.screenshots@mozilla.org	WARN	Loading extension 'screenshots@mozilla.org': Reading manifest: Invalid extension permission: mozillaAddons
1582448997729	addons.webextension.screenshots@mozilla.org	WARN	Loading extension 'screenshots@mozilla.org': Reading manifest: Invalid extension permission: telemetry
1582448997729	addons.webextension.screenshots@mozilla.org	WARN	Loading extension 'screenshots@mozilla.org': Reading manifest: Invalid extension permission: resource://pdf.js/
1582448997729	addons.webextension.screenshots@mozilla.org	WARN	Loading extension 'screenshots@mozilla.org': Reading manifest: Invalid extension permission: about:reader*
JavaScript error: resource://gre/modules/XULStore.jsm, line 66: Error: Can't find profile directory.
1582448999805	Marionette	INFO	Listening on port 55953
1582448999904	Marionette	WARN	TLS certificate errors will be ignored for this session
фев 23, 2020 2:10:00 PM org.openqa.selenium.remote.ProtocolHandshake createSession
INFO: Detected dialect: W3C
]]></system-err>
</testsuite>
