<?xml version="1.0" encoding="UTF-8"?>
<testsuite name="pft.mantis.tests.SoapTests" tests="1" skipped="0" failures="0" errors="0" timestamp="2020-02-29T10:55:25" hostname="Earp" time="0.498">
  <properties/>
  <testcase name="testGetProjects" classname="pft.mantis.tests.SoapTests" time="0.498"/>
  <system-out><![CDATA[0
]]></system-out>
  <system-err><![CDATA[]]></system-err>
</testsuite>
