<?xml version="1.0" encoding="UTF-8"?>
<testsuite name="pft.adressbook.tests.DeleteContactFromGroup" tests="1" skipped="0" failures="1" errors="0" timestamp="2020-03-07T09:11:13" hostname="Earp" time="1.127">
  <properties/>
  <testcase name="testDeleteContactFromGroup" classname="pft.adressbook.tests.DeleteContactFromGroup" time="1.127">
    <failure message="org.hibernate.LazyInitializationException: failed to lazily initialize a collection of role: pft.adressbook.model.GroupData.contacts, could not initialize proxy - no Session" type="org.hibernate.LazyInitializationException">org.hibernate.LazyInitializationException: failed to lazily initialize a collection of role: pft.adressbook.model.GroupData.contacts, could not initialize proxy - no Session
	at org.hibernate.collection.internal.AbstractPersistentCollection.throwLazyInitializationException(AbstractPersistentCollection.java:606)
	at org.hibernate.collection.internal.AbstractPersistentCollection.withTemporarySessionIfNeeded(AbstractPersistentCollection.java:218)
	at org.hibernate.collection.internal.AbstractPersistentCollection.readSize(AbstractPersistentCollection.java:162)
	at org.hibernate.collection.internal.PersistentSet.size(PersistentSet.java:168)
	at java.util.HashSet.&lt;init&gt;(HashSet.java:119)
	at pft.adressbook.model.Contacts.&lt;init&gt;(Contacts.java:22)
	at pft.adressbook.model.GroupData.getContacts(GroupData.java:44)
	at pft.adressbook.tests.DeleteContactFromGroup.testDeleteContactFromGroup(DeleteContactFromGroup.java:36)
	at sun.reflect.NativeMethodAccessorImpl.invoke0(Native Method)
	at sun.reflect.NativeMethodAccessorImpl.invoke(NativeMethodAccessorImpl.java:62)
	at sun.reflect.DelegatingMethodAccessorImpl.invoke(DelegatingMethodAccessorImpl.java:43)
	at java.lang.reflect.Method.invoke(Method.java:498)
	at org.testng.internal.MethodInvocationHelper.invokeMethod(MethodInvocationHelper.java:86)
	at org.testng.internal.Invoker.invokeMethod(Invoker.java:643)
	at org.testng.internal.Invoker.invokeTestMethod(Invoker.java:820)
	at org.testng.internal.Invoker.invokeTestMethods(Invoker.java:1128)
	at org.testng.internal.TestMethodWorker.invokeTestMethods(TestMethodWorker.java:129)
	at org.testng.internal.TestMethodWorker.run(TestMethodWorker.java:112)
	at org.testng.TestRunner.privateRun(TestRunner.java:782)
	at org.testng.TestRunner.run(TestRunner.java:632)
	at org.testng.SuiteRunner.runTest(SuiteRunner.java:366)
	at org.testng.SuiteRunner.runSequentially(SuiteRunner.java:361)
	at org.testng.SuiteRunner.privateRun(SuiteRunner.java:319)
	at org.testng.SuiteRunner.run(SuiteRunner.java:268)
	at org.testng.SuiteRunnerWorker.runSuite(SuiteRunnerWorker.java:52)
	at org.testng.SuiteRunnerWorker.run(SuiteRunnerWorker.java:86)
	at org.testng.TestNG.runSuitesSequentially(TestNG.java:1244)
	at org.testng.TestNG.runSuitesLocally(TestNG.java:1169)
	at org.testng.TestNG.run(TestNG.java:1064)
	at org.gradle.api.internal.tasks.testing.testng.TestNGTestClassProcessor.runTests(TestNGTestClassProcessor.java:141)
	at org.gradle.api.internal.tasks.testing.testng.TestNGTestClassProcessor.stop(TestNGTestClassProcessor.java:90)
	at org.gradle.api.internal.tasks.testing.SuiteTestClassProcessor.stop(SuiteTestClassProcessor.java:61)
	at sun.reflect.NativeMethodAccessorImpl.invoke0(Native Method)
	at sun.reflect.NativeMethodAccessorImpl.invoke(NativeMethodAccessorImpl.java:62)
	at sun.reflect.DelegatingMethodAccessorImpl.invoke(DelegatingMethodAccessorImpl.java:43)
	at java.lang.reflect.Method.invoke(Method.java:498)
	at org.gradle.internal.dispatch.ReflectionDispatch.dispatch(ReflectionDispatch.java:36)
	at org.gradle.internal.dispatch.ReflectionDispatch.dispatch(ReflectionDispatch.java:24)
	at org.gradle.internal.dispatch.ContextClassLoaderDispatch.dispatch(ContextClassLoaderDispatch.java:33)
	at org.gradle.internal.dispatch.ProxyDispatchAdapter$DispatchingInvocationHandler.invoke(ProxyDispatchAdapter.java:94)
	at com.sun.proxy.$Proxy2.stop(Unknown Source)
	at org.gradle.api.internal.tasks.testing.worker.TestWorker.stop(TestWorker.java:132)
	at sun.reflect.NativeMethodAccessorImpl.invoke0(Native Method)
	at sun.reflect.NativeMethodAccessorImpl.invoke(NativeMethodAccessorImpl.java:62)
	at sun.reflect.DelegatingMethodAccessorImpl.invoke(DelegatingMethodAccessorImpl.java:43)
	at java.lang.reflect.Method.invoke(Method.java:498)
	at org.gradle.internal.dispatch.ReflectionDispatch.dispatch(ReflectionDispatch.java:36)
	at org.gradle.internal.dispatch.ReflectionDispatch.dispatch(ReflectionDispatch.java:24)
	at org.gradle.internal.remote.internal.hub.MessageHubBackedObjectConnection$DispatchWrapper.dispatch(MessageHubBackedObjectConnection.java:182)
	at org.gradle.internal.remote.internal.hub.MessageHubBackedObjectConnection$DispatchWrapper.dispatch(MessageHubBackedObjectConnection.java:164)
	at org.gradle.internal.remote.internal.hub.MessageHub$Handler.run(MessageHub.java:412)
	at org.gradle.internal.concurrent.ExecutorPolicy$CatchAndRecordFailures.onExecute(ExecutorPolicy.java:64)
	at org.gradle.internal.concurrent.ManagedExecutorImpl$1.run(ManagedExecutorImpl.java:48)
	at java.util.concurrent.ThreadPoolExecutor.runWorker(ThreadPoolExecutor.java:1149)
	at java.util.concurrent.ThreadPoolExecutor$Worker.run(ThreadPoolExecutor.java:624)
	at org.gradle.internal.concurrent.ThreadFactoryImpl$ManagedThreadRunnable.run(ThreadFactoryImpl.java:56)
	at java.lang.Thread.run(Thread.java:748)
</failure>
  </testcase>
  <system-out><![CDATA[14:11:13.743 [Test worker] DEBUG o.h.e.t.internal.TransactionImpl - On TransactionImpl creation, JpaCompliance#isJpaTransactionComplianceEnabled == false
14:11:13.744 [Test worker] DEBUG o.h.e.t.internal.TransactionImpl - begin
14:11:13.746 [Test worker] DEBUG org.hibernate.SQL - select contactdat0_.id as id1_1_, contactdat0_.address as address2_1_, contactdat0_.email as email3_1_, contactdat0_.lastname as lastname4_1_, contactdat0_.mobile as mobile5_1_, contactdat0_.firstname as firstnam6_1_, contactdat0_.photo as photo7_1_, contactdat0_.home as home8_1_, contactdat0_.work as work9_1_ from addressbook contactdat0_
Hibernate: select contactdat0_.id as id1_1_, contactdat0_.address as address2_1_, contactdat0_.email as email3_1_, contactdat0_.lastname as lastname4_1_, contactdat0_.mobile as mobile5_1_, contactdat0_.firstname as firstnam6_1_, contactdat0_.photo as photo7_1_, contactdat0_.home as home8_1_, contactdat0_.work as work9_1_ from addressbook contactdat0_
14:11:13.750 [Test worker] DEBUG org.hibernate.loader.Loader - Result set row: 0
14:11:13.750 [Test worker] DEBUG org.hibernate.loader.Loader - Result row: EntityKey[pft.adressbook.model.ContactData#3]
14:11:13.751 [Test worker] DEBUG org.hibernate.loader.Loader - Result set row: 1
14:11:13.751 [Test worker] DEBUG org.hibernate.loader.Loader - Result row: EntityKey[pft.adressbook.model.ContactData#5]
14:11:13.751 [Test worker] DEBUG org.hibernate.loader.Loader - Result set row: 2
14:11:13.751 [Test worker] DEBUG org.hibernate.loader.Loader - Result row: EntityKey[pft.adressbook.model.ContactData#9]
14:11:13.751 [Test worker] DEBUG org.hibernate.loader.Loader - Result set row: 3
14:11:13.751 [Test worker] DEBUG org.hibernate.loader.Loader - Result row: EntityKey[pft.adressbook.model.ContactData#10]
14:11:13.751 [Test worker] DEBUG org.hibernate.loader.Loader - Result set row: 4
14:11:13.751 [Test worker] DEBUG org.hibernate.loader.Loader - Result row: EntityKey[pft.adressbook.model.ContactData#11]
14:11:13.752 [Test worker] DEBUG o.h.engine.internal.TwoPhaseLoad - Resolving attributes for [pft.adressbook.model.ContactData#3]
14:11:13.752 [Test worker] DEBUG o.h.engine.internal.TwoPhaseLoad - Processing attribute `address` : value = Екатеринбург
14:11:13.752 [Test worker] DEBUG o.h.engine.internal.TwoPhaseLoad - Attribute (`address`)  - enhanced for lazy-loading? - false
14:11:13.752 [Test worker] DEBUG o.h.engine.internal.TwoPhaseLoad - Processing attribute `email` : value = sokolov85@mail.ru
14:11:13.752 [Test worker] DEBUG o.h.engine.internal.TwoPhaseLoad - Attribute (`email`)  - enhanced for lazy-loading? - false
14:11:13.752 [Test worker] DEBUG o.h.engine.internal.TwoPhaseLoad - Processing attribute `family` : value = Соколов
14:11:13.752 [Test worker] DEBUG o.h.engine.internal.TwoPhaseLoad - Attribute (`family`)  - enhanced for lazy-loading? - false
14:11:13.752 [Test worker] DEBUG o.h.engine.internal.TwoPhaseLoad - Processing attribute `groups` : value = NOT NULL COLLECTION
14:11:13.752 [Test worker] DEBUG o.h.engine.internal.TwoPhaseLoad - Attribute (`groups`)  - enhanced for lazy-loading? - false
14:11:13.752 [Test worker] DEBUG o.h.engine.internal.TwoPhaseLoad - Processing attribute `mobile` : value = 222
14:11:13.752 [Test worker] DEBUG o.h.engine.internal.TwoPhaseLoad - Attribute (`mobile`)  - enhanced for lazy-loading? - false
14:11:13.752 [Test worker] DEBUG o.h.engine.internal.TwoPhaseLoad - Processing attribute `name` : value = Олег
14:11:13.752 [Test worker] DEBUG o.h.engine.internal.TwoPhaseLoad - Attribute (`name`)  - enhanced for lazy-loading? - false
14:11:13.752 [Test worker] DEBUG o.h.engine.internal.TwoPhaseLoad - Processing attribute `photo` : value = 
14:11:13.752 [Test worker] DEBUG o.h.engine.internal.TwoPhaseLoad - Attribute (`photo`)  - enhanced for lazy-loading? - false
14:11:13.752 [Test worker] DEBUG o.h.engine.internal.TwoPhaseLoad - Processing attribute `telephone` : value = 4951251
14:11:13.753 [Test worker] DEBUG o.h.engine.internal.TwoPhaseLoad - Attribute (`telephone`)  - enhanced for lazy-loading? - false
14:11:13.753 [Test worker] DEBUG o.h.engine.internal.TwoPhaseLoad - Processing attribute `work` : value = 333
14:11:13.753 [Test worker] DEBUG o.h.engine.internal.TwoPhaseLoad - Attribute (`work`)  - enhanced for lazy-loading? - false
14:11:13.753 [Test worker] DEBUG o.h.engine.internal.TwoPhaseLoad - Done materializing entity [pft.adressbook.model.ContactData#3]
14:11:13.753 [Test worker] DEBUG o.h.engine.internal.TwoPhaseLoad - Resolving attributes for [pft.adressbook.model.ContactData#5]
14:11:13.753 [Test worker] DEBUG o.h.engine.internal.TwoPhaseLoad - Processing attribute `address` : value = Ekaterinburg
14:11:13.753 [Test worker] DEBUG o.h.engine.internal.TwoPhaseLoad - Attribute (`address`)  - enhanced for lazy-loading? - false
14:11:13.753 [Test worker] DEBUG o.h.engine.internal.TwoPhaseLoad - Processing attribute `email` : value = null
14:11:13.753 [Test worker] DEBUG o.h.engine.internal.TwoPhaseLoad - Attribute (`email`)  - enhanced for lazy-loading? - false
14:11:13.753 [Test worker] DEBUG o.h.engine.internal.TwoPhaseLoad - Processing attribute `family` : value = Oleg
14:11:13.753 [Test worker] DEBUG o.h.engine.internal.TwoPhaseLoad - Attribute (`family`)  - enhanced for lazy-loading? - false
14:11:13.753 [Test worker] DEBUG o.h.engine.internal.TwoPhaseLoad - Processing attribute `groups` : value = NOT NULL COLLECTION
14:11:13.753 [Test worker] DEBUG o.h.engine.internal.TwoPhaseLoad - Attribute (`groups`)  - enhanced for lazy-loading? - false
14:11:13.753 [Test worker] DEBUG o.h.engine.internal.TwoPhaseLoad - Processing attribute `mobile` : value = null
14:11:13.753 [Test worker] DEBUG o.h.engine.internal.TwoPhaseLoad - Attribute (`mobile`)  - enhanced for lazy-loading? - false
14:11:13.753 [Test worker] DEBUG o.h.engine.internal.TwoPhaseLoad - Processing attribute `name` : value = Sokolov
14:11:13.753 [Test worker] DEBUG o.h.engine.internal.TwoPhaseLoad - Attribute (`name`)  - enhanced for lazy-loading? - false
14:11:13.754 [Test worker] DEBUG o.h.engine.internal.TwoPhaseLoad - Processing attribute `photo` : value = 
14:11:13.754 [Test worker] DEBUG o.h.engine.internal.TwoPhaseLoad - Attribute (`photo`)  - enhanced for lazy-loading? - false
14:11:13.754 [Test worker] DEBUG o.h.engine.internal.TwoPhaseLoad - Processing attribute `telephone` : value = null
14:11:13.754 [Test worker] DEBUG o.h.engine.internal.TwoPhaseLoad - Attribute (`telephone`)  - enhanced for lazy-loading? - false
14:11:13.754 [Test worker] DEBUG o.h.engine.internal.TwoPhaseLoad - Processing attribute `work` : value = null
14:11:13.754 [Test worker] DEBUG o.h.engine.internal.TwoPhaseLoad - Attribute (`work`)  - enhanced for lazy-loading? - false
14:11:13.754 [Test worker] DEBUG o.h.engine.internal.TwoPhaseLoad - Done materializing entity [pft.adressbook.model.ContactData#5]
14:11:13.754 [Test worker] DEBUG o.h.engine.internal.TwoPhaseLoad - Resolving attributes for [pft.adressbook.model.ContactData#9]
14:11:13.754 [Test worker] DEBUG o.h.engine.internal.TwoPhaseLoad - Processing attribute `address` : value = Ekaterinburg
14:11:13.754 [Test worker] DEBUG o.h.engine.internal.TwoPhaseLoad - Attribute (`address`)  - enhanced for lazy-loading? - false
14:11:13.754 [Test worker] DEBUG o.h.engine.internal.TwoPhaseLoad - Processing attribute `email` : value = null
14:11:13.754 [Test worker] DEBUG o.h.engine.internal.TwoPhaseLoad - Attribute (`email`)  - enhanced for lazy-loading? - false
14:11:13.754 [Test worker] DEBUG o.h.engine.internal.TwoPhaseLoad - Processing attribute `family` : value = Smirnov
14:11:13.754 [Test worker] DEBUG o.h.engine.internal.TwoPhaseLoad - Attribute (`family`)  - enhanced for lazy-loading? - false
14:11:13.754 [Test worker] DEBUG o.h.engine.internal.TwoPhaseLoad - Processing attribute `groups` : value = NOT NULL COLLECTION
14:11:13.754 [Test worker] DEBUG o.h.engine.internal.TwoPhaseLoad - Attribute (`groups`)  - enhanced for lazy-loading? - false
14:11:13.754 [Test worker] DEBUG o.h.engine.internal.TwoPhaseLoad - Processing attribute `mobile` : value = null
14:11:13.755 [Test worker] DEBUG o.h.engine.internal.TwoPhaseLoad - Attribute (`mobile`)  - enhanced for lazy-loading? - false
14:11:13.755 [Test worker] DEBUG o.h.engine.internal.TwoPhaseLoad - Processing attribute `name` : value = Victor
14:11:13.755 [Test worker] DEBUG o.h.engine.internal.TwoPhaseLoad - Attribute (`name`)  - enhanced for lazy-loading? - false
14:11:13.755 [Test worker] DEBUG o.h.engine.internal.TwoPhaseLoad - Processing attribute `photo` : value = 
14:11:13.755 [Test worker] DEBUG o.h.engine.internal.TwoPhaseLoad - Attribute (`photo`)  - enhanced for lazy-loading? - false
14:11:13.755 [Test worker] DEBUG o.h.engine.internal.TwoPhaseLoad - Processing attribute `telephone` : value = null
14:11:13.755 [Test worker] DEBUG o.h.engine.internal.TwoPhaseLoad - Attribute (`telephone`)  - enhanced for lazy-loading? - false
14:11:13.755 [Test worker] DEBUG o.h.engine.internal.TwoPhaseLoad - Processing attribute `work` : value = null
14:11:13.755 [Test worker] DEBUG o.h.engine.internal.TwoPhaseLoad - Attribute (`work`)  - enhanced for lazy-loading? - false
14:11:13.755 [Test worker] DEBUG o.h.engine.internal.TwoPhaseLoad - Done materializing entity [pft.adressbook.model.ContactData#9]
14:11:13.755 [Test worker] DEBUG o.h.engine.internal.TwoPhaseLoad - Resolving attributes for [pft.adressbook.model.ContactData#10]
14:11:13.755 [Test worker] DEBUG o.h.engine.internal.TwoPhaseLoad - Processing attribute `address` : value = Екатеринбург
14:11:13.755 [Test worker] DEBUG o.h.engine.internal.TwoPhaseLoad - Attribute (`address`)  - enhanced for lazy-loading? - false
14:11:13.755 [Test worker] DEBUG o.h.engine.internal.TwoPhaseLoad - Processing attribute `email` : value = sokolov85@mail.ru
14:11:13.755 [Test worker] DEBUG o.h.engine.internal.TwoPhaseLoad - Attribute (`email`)  - enhanced for lazy-loading? - false
14:11:13.755 [Test worker] DEBUG o.h.engine.internal.TwoPhaseLoad - Processing attribute `family` : value = Соколов
14:11:13.755 [Test worker] DEBUG o.h.engine.internal.TwoPhaseLoad - Attribute (`family`)  - enhanced for lazy-loading? - false
14:11:13.755 [Test worker] DEBUG o.h.engine.internal.TwoPhaseLoad - Processing attribute `groups` : value = NOT NULL COLLECTION
14:11:13.755 [Test worker] DEBUG o.h.engine.internal.TwoPhaseLoad - Attribute (`groups`)  - enhanced for lazy-loading? - false
14:11:13.755 [Test worker] DEBUG o.h.engine.internal.TwoPhaseLoad - Processing attribute `mobile` : value = 111
14:11:13.755 [Test worker] DEBUG o.h.engine.internal.TwoPhaseLoad - Attribute (`mobile`)  - enhanced for lazy-loading? - false
14:11:13.755 [Test worker] DEBUG o.h.engine.internal.TwoPhaseLoad - Processing attribute `name` : value = Олег
14:11:13.755 [Test worker] DEBUG o.h.engine.internal.TwoPhaseLoad - Attribute (`name`)  - enhanced for lazy-loading? - false
14:11:13.756 [Test worker] DEBUG o.h.engine.internal.TwoPhaseLoad - Processing attribute `photo` : value = 
14:11:13.756 [Test worker] DEBUG o.h.engine.internal.TwoPhaseLoad - Attribute (`photo`)  - enhanced for lazy-loading? - false
14:11:13.756 [Test worker] DEBUG o.h.engine.internal.TwoPhaseLoad - Processing attribute `telephone` : value = 4951251
14:11:13.756 [Test worker] DEBUG o.h.engine.internal.TwoPhaseLoad - Attribute (`telephone`)  - enhanced for lazy-loading? - false
14:11:13.756 [Test worker] DEBUG o.h.engine.internal.TwoPhaseLoad - Processing attribute `work` : value = 222
14:11:13.756 [Test worker] DEBUG o.h.engine.internal.TwoPhaseLoad - Attribute (`work`)  - enhanced for lazy-loading? - false
14:11:13.756 [Test worker] DEBUG o.h.engine.internal.TwoPhaseLoad - Done materializing entity [pft.adressbook.model.ContactData#10]
14:11:13.756 [Test worker] DEBUG o.h.engine.internal.TwoPhaseLoad - Resolving attributes for [pft.adressbook.model.ContactData#11]
14:11:13.756 [Test worker] DEBUG o.h.engine.internal.TwoPhaseLoad - Processing attribute `address` : value = Ekaterinburg
14:11:13.756 [Test worker] DEBUG o.h.engine.internal.TwoPhaseLoad - Attribute (`address`)  - enhanced for lazy-loading? - false
14:11:13.756 [Test worker] DEBUG o.h.engine.internal.TwoPhaseLoad - Processing attribute `email` : value = null
14:11:13.756 [Test worker] DEBUG o.h.engine.internal.TwoPhaseLoad - Attribute (`email`)  - enhanced for lazy-loading? - false
14:11:13.756 [Test worker] DEBUG o.h.engine.internal.TwoPhaseLoad - Processing attribute `family` : value = Oleg
14:11:13.756 [Test worker] DEBUG o.h.engine.internal.TwoPhaseLoad - Attribute (`family`)  - enhanced for lazy-loading? - false
14:11:13.756 [Test worker] DEBUG o.h.engine.internal.TwoPhaseLoad - Processing attribute `groups` : value = NOT NULL COLLECTION
14:11:13.756 [Test worker] DEBUG o.h.engine.internal.TwoPhaseLoad - Attribute (`groups`)  - enhanced for lazy-loading? - false
14:11:13.756 [Test worker] DEBUG o.h.engine.internal.TwoPhaseLoad - Processing attribute `mobile` : value = null
14:11:13.756 [Test worker] DEBUG o.h.engine.internal.TwoPhaseLoad - Attribute (`mobile`)  - enhanced for lazy-loading? - false
14:11:13.756 [Test worker] DEBUG o.h.engine.internal.TwoPhaseLoad - Processing attribute `name` : value = Sokolov
14:11:13.756 [Test worker] DEBUG o.h.engine.internal.TwoPhaseLoad - Attribute (`name`)  - enhanced for lazy-loading? - false
14:11:13.756 [Test worker] DEBUG o.h.engine.internal.TwoPhaseLoad - Processing attribute `photo` : value = 
14:11:13.756 [Test worker] DEBUG o.h.engine.internal.TwoPhaseLoad - Attribute (`photo`)  - enhanced for lazy-loading? - false
14:11:13.756 [Test worker] DEBUG o.h.engine.internal.TwoPhaseLoad - Processing attribute `telephone` : value = null
14:11:13.756 [Test worker] DEBUG o.h.engine.internal.TwoPhaseLoad - Attribute (`telephone`)  - enhanced for lazy-loading? - false
14:11:13.757 [Test worker] DEBUG o.h.engine.internal.TwoPhaseLoad - Processing attribute `work` : value = null
14:11:13.757 [Test worker] DEBUG o.h.engine.internal.TwoPhaseLoad - Attribute (`work`)  - enhanced for lazy-loading? - false
14:11:13.757 [Test worker] DEBUG o.h.engine.internal.TwoPhaseLoad - Done materializing entity [pft.adressbook.model.ContactData#11]
14:11:13.757 [Test worker] DEBUG o.h.l.c.p.AbstractLoadPlanBasedCollectionInitializer - Loading collection: [pft.adressbook.model.ContactData.groups#11]
14:11:13.757 [Test worker] DEBUG org.hibernate.SQL - select groups0_.id as id1_0_0_, groups0_.group_id as group_id2_0_0_, groupdata1_.group_id as group_id1_2_1_, groupdata1_.group_footer as group_fo2_2_1_, groupdata1_.group_header as group_he3_2_1_, groupdata1_.group_name as group_na4_2_1_ from address_in_groups groups0_ inner join group_list groupdata1_ on groups0_.group_id=groupdata1_.group_id where groups0_.id=?
Hibernate: select groups0_.id as id1_0_0_, groups0_.group_id as group_id2_0_0_, groupdata1_.group_id as group_id1_2_1_, groupdata1_.group_footer as group_fo2_2_1_, groupdata1_.group_header as group_he3_2_1_, groupdata1_.group_name as group_na4_2_1_ from address_in_groups groups0_ inner join group_list groupdata1_ on groups0_.group_id=groupdata1_.group_id where groups0_.id=?
14:11:13.800 [Test worker] DEBUG o.h.l.p.e.p.i.ResultSetProcessorImpl - Preparing collection initializer : [pft.adressbook.model.ContactData.groups#11]
14:11:13.801 [Test worker] DEBUG o.h.e.l.i.CollectionLoadContext - 1 collections were found in result set for role: pft.adressbook.model.ContactData.groups
14:11:13.801 [Test worker] DEBUG o.h.e.l.i.CollectionLoadContext - Collection fully initialized: [pft.adressbook.model.ContactData.groups#11]
14:11:13.801 [Test worker] DEBUG o.h.e.l.i.CollectionLoadContext - 1 collections initialized for role: pft.adressbook.model.ContactData.groups
14:11:13.801 [Test worker] DEBUG o.h.l.c.p.AbstractLoadPlanBasedCollectionInitializer - Done loading collection
14:11:13.801 [Test worker] DEBUG o.h.l.c.p.AbstractLoadPlanBasedCollectionInitializer - Loading collection: [pft.adressbook.model.ContactData.groups#10]
14:11:13.801 [Test worker] DEBUG org.hibernate.SQL - select groups0_.id as id1_0_0_, groups0_.group_id as group_id2_0_0_, groupdata1_.group_id as group_id1_2_1_, groupdata1_.group_footer as group_fo2_2_1_, groupdata1_.group_header as group_he3_2_1_, groupdata1_.group_name as group_na4_2_1_ from address_in_groups groups0_ inner join group_list groupdata1_ on groups0_.group_id=groupdata1_.group_id where groups0_.id=?
Hibernate: select groups0_.id as id1_0_0_, groups0_.group_id as group_id2_0_0_, groupdata1_.group_id as group_id1_2_1_, groupdata1_.group_footer as group_fo2_2_1_, groupdata1_.group_header as group_he3_2_1_, groupdata1_.group_name as group_na4_2_1_ from address_in_groups groups0_ inner join group_list groupdata1_ on groups0_.group_id=groupdata1_.group_id where groups0_.id=?
14:11:13.803 [Test worker] DEBUG o.h.l.p.e.p.i.ResultSetProcessorImpl - Preparing collection initializer : [pft.adressbook.model.ContactData.groups#10]
14:11:13.803 [Test worker] DEBUG o.h.e.l.i.CollectionLoadContext - 1 collections were found in result set for role: pft.adressbook.model.ContactData.groups
14:11:13.804 [Test worker] DEBUG o.h.e.l.i.CollectionLoadContext - Collection fully initialized: [pft.adressbook.model.ContactData.groups#10]
14:11:13.804 [Test worker] DEBUG o.h.e.l.i.CollectionLoadContext - 1 collections initialized for role: pft.adressbook.model.ContactData.groups
14:11:13.804 [Test worker] DEBUG o.h.l.c.p.AbstractLoadPlanBasedCollectionInitializer - Done loading collection
14:11:13.804 [Test worker] DEBUG o.h.l.c.p.AbstractLoadPlanBasedCollectionInitializer - Loading collection: [pft.adressbook.model.ContactData.groups#9]
14:11:13.804 [Test worker] DEBUG org.hibernate.SQL - select groups0_.id as id1_0_0_, groups0_.group_id as group_id2_0_0_, groupdata1_.group_id as group_id1_2_1_, groupdata1_.group_footer as group_fo2_2_1_, groupdata1_.group_header as group_he3_2_1_, groupdata1_.group_name as group_na4_2_1_ from address_in_groups groups0_ inner join group_list groupdata1_ on groups0_.group_id=groupdata1_.group_id where groups0_.id=?
Hibernate: select groups0_.id as id1_0_0_, groups0_.group_id as group_id2_0_0_, groupdata1_.group_id as group_id1_2_1_, groupdata1_.group_footer as group_fo2_2_1_, groupdata1_.group_header as group_he3_2_1_, groupdata1_.group_name as group_na4_2_1_ from address_in_groups groups0_ inner join group_list groupdata1_ on groups0_.group_id=groupdata1_.group_id where groups0_.id=?
14:11:13.805 [Test worker] DEBUG o.h.l.p.e.p.i.ResultSetProcessorImpl - Preparing collection initializer : [pft.adressbook.model.ContactData.groups#9]
14:11:13.806 [Test worker] DEBUG o.h.e.l.i.CollectionLoadContext - 1 collections were found in result set for role: pft.adressbook.model.ContactData.groups
14:11:13.806 [Test worker] DEBUG o.h.e.l.i.CollectionLoadContext - Collection fully initialized: [pft.adressbook.model.ContactData.groups#9]
14:11:13.806 [Test worker] DEBUG o.h.e.l.i.CollectionLoadContext - 1 collections initialized for role: pft.adressbook.model.ContactData.groups
14:11:13.806 [Test worker] DEBUG o.h.l.c.p.AbstractLoadPlanBasedCollectionInitializer - Done loading collection
14:11:13.806 [Test worker] DEBUG o.h.l.c.p.AbstractLoadPlanBasedCollectionInitializer - Loading collection: [pft.adressbook.model.ContactData.groups#5]
14:11:13.806 [Test worker] DEBUG org.hibernate.SQL - select groups0_.id as id1_0_0_, groups0_.group_id as group_id2_0_0_, groupdata1_.group_id as group_id1_2_1_, groupdata1_.group_footer as group_fo2_2_1_, groupdata1_.group_header as group_he3_2_1_, groupdata1_.group_name as group_na4_2_1_ from address_in_groups groups0_ inner join group_list groupdata1_ on groups0_.group_id=groupdata1_.group_id where groups0_.id=?
Hibernate: select groups0_.id as id1_0_0_, groups0_.group_id as group_id2_0_0_, groupdata1_.group_id as group_id1_2_1_, groupdata1_.group_footer as group_fo2_2_1_, groupdata1_.group_header as group_he3_2_1_, groupdata1_.group_name as group_na4_2_1_ from address_in_groups groups0_ inner join group_list groupdata1_ on groups0_.group_id=groupdata1_.group_id where groups0_.id=?
14:11:13.808 [Test worker] DEBUG o.h.l.p.e.p.i.ResultSetProcessorImpl - Preparing collection initializer : [pft.adressbook.model.ContactData.groups#5]
14:11:13.808 [Test worker] DEBUG o.h.e.l.i.CollectionLoadContext - 1 collections were found in result set for role: pft.adressbook.model.ContactData.groups
14:11:13.808 [Test worker] DEBUG o.h.e.l.i.CollectionLoadContext - Collection fully initialized: [pft.adressbook.model.ContactData.groups#5]
14:11:13.808 [Test worker] DEBUG o.h.e.l.i.CollectionLoadContext - 1 collections initialized for role: pft.adressbook.model.ContactData.groups
14:11:13.809 [Test worker] DEBUG o.h.l.c.p.AbstractLoadPlanBasedCollectionInitializer - Done loading collection
14:11:13.809 [Test worker] DEBUG o.h.l.c.p.AbstractLoadPlanBasedCollectionInitializer - Loading collection: [pft.adressbook.model.ContactData.groups#3]
14:11:13.809 [Test worker] DEBUG org.hibernate.SQL - select groups0_.id as id1_0_0_, groups0_.group_id as group_id2_0_0_, groupdata1_.group_id as group_id1_2_1_, groupdata1_.group_footer as group_fo2_2_1_, groupdata1_.group_header as group_he3_2_1_, groupdata1_.group_name as group_na4_2_1_ from address_in_groups groups0_ inner join group_list groupdata1_ on groups0_.group_id=groupdata1_.group_id where groups0_.id=?
Hibernate: select groups0_.id as id1_0_0_, groups0_.group_id as group_id2_0_0_, groupdata1_.group_id as group_id1_2_1_, groupdata1_.group_footer as group_fo2_2_1_, groupdata1_.group_header as group_he3_2_1_, groupdata1_.group_name as group_na4_2_1_ from address_in_groups groups0_ inner join group_list groupdata1_ on groups0_.group_id=groupdata1_.group_id where groups0_.id=?
14:11:13.814 [Test worker] DEBUG o.h.l.p.e.p.i.ResultSetProcessorImpl - Preparing collection initializer : [pft.adressbook.model.ContactData.groups#3]
14:11:13.815 [Test worker] DEBUG o.h.e.l.i.CollectionLoadContext - 1 collections were found in result set for role: pft.adressbook.model.ContactData.groups
14:11:13.815 [Test worker] DEBUG o.h.e.l.i.CollectionLoadContext - Collection fully initialized: [pft.adressbook.model.ContactData.groups#3]
14:11:13.815 [Test worker] DEBUG o.h.e.l.i.CollectionLoadContext - 1 collections initialized for role: pft.adressbook.model.ContactData.groups
14:11:13.815 [Test worker] DEBUG o.h.l.c.p.AbstractLoadPlanBasedCollectionInitializer - Done loading collection
14:11:13.815 [Test worker] DEBUG o.h.e.t.internal.TransactionImpl - committing
14:11:13.815 [Test worker] DEBUG o.h.e.i.AbstractFlushingEventListener - Processing flush-time cascades
14:11:13.815 [Test worker] DEBUG o.h.e.i.AbstractFlushingEventListener - Dirty checking collections
14:11:13.816 [Test worker] DEBUG o.h.engine.internal.Collections - Collection found: [pft.adressbook.model.ContactData.groups#3], was: [pft.adressbook.model.ContactData.groups#3] (initialized)
14:11:13.816 [Test worker] DEBUG o.h.engine.internal.Collections - Collection found: [pft.adressbook.model.ContactData.groups#5], was: [pft.adressbook.model.ContactData.groups#5] (initialized)
14:11:13.816 [Test worker] DEBUG o.h.engine.internal.Collections - Collection found: [pft.adressbook.model.ContactData.groups#9], was: [pft.adressbook.model.ContactData.groups#9] (initialized)
14:11:13.816 [Test worker] DEBUG o.h.engine.internal.Collections - Collection found: [pft.adressbook.model.ContactData.groups#10], was: [pft.adressbook.model.ContactData.groups#10] (initialized)
14:11:13.816 [Test worker] DEBUG o.h.engine.internal.Collections - Collection found: [pft.adressbook.model.ContactData.groups#11], was: [pft.adressbook.model.ContactData.groups#11] (initialized)
14:11:13.817 [Test worker] DEBUG o.h.e.i.AbstractFlushingEventListener - Flushed: 0 insertions, 0 updates, 0 deletions to 5 objects
14:11:13.817 [Test worker] DEBUG o.h.e.i.AbstractFlushingEventListener - Flushed: 0 (re)creations, 0 updates, 0 removals to 5 collections
14:11:13.817 [Test worker] DEBUG o.h.internal.util.EntityPrinter - Listing entities:
14:11:13.817 [Test worker] DEBUG o.h.internal.util.EntityPrinter - pft.adressbook.model.ContactData{address=Ekaterinburg, work=null, mobile=null, name=Sokolov, groups=[], photo=, telephone=null, id=5, family=Oleg, email=null}
14:11:13.817 [Test worker] DEBUG o.h.internal.util.EntityPrinter - pft.adressbook.model.ContactData{address=Екатеринбург, work=333, mobile=222, name=Олег, groups=[], photo=, telephone=4951251, id=3, family=Соколов, email=sokolov85@mail.ru}
14:11:13.817 [Test worker] DEBUG o.h.internal.util.EntityPrinter - pft.adressbook.model.ContactData{address=Ekaterinburg, work=null, mobile=null, name=Sokolov, groups=[], photo=, telephone=null, id=11, family=Oleg, email=null}
14:11:13.817 [Test worker] DEBUG o.h.internal.util.EntityPrinter - pft.adressbook.model.ContactData{address=Ekaterinburg, work=null, mobile=null, name=Victor, groups=[], photo=, telephone=null, id=9, family=Smirnov, email=null}
14:11:13.817 [Test worker] DEBUG o.h.internal.util.EntityPrinter - pft.adressbook.model.ContactData{address=Екатеринбург, work=222, mobile=111, name=Олег, groups=[], photo=, telephone=4951251, id=10, family=Соколов, email=sokolov85@mail.ru}
14:11:13.819 [Test worker] DEBUG o.h.r.j.i.LogicalConnectionManagedImpl - Initiating JDBC connection release from afterTransaction
14:11:13.819 [Test worker] DEBUG o.h.r.j.i.LogicalConnectionManagedImpl - Initiating JDBC connection release from afterTransaction
14:11:13.820 [Test worker] DEBUG o.h.e.t.internal.TransactionImpl - On TransactionImpl creation, JpaCompliance#isJpaTransactionComplianceEnabled == false
14:11:13.820 [Test worker] DEBUG o.h.e.t.internal.TransactionImpl - begin
14:11:13.822 [Test worker] DEBUG org.hibernate.SQL - select groupdata0_.group_id as group_id1_2_, groupdata0_.group_footer as group_fo2_2_, groupdata0_.group_header as group_he3_2_, groupdata0_.group_name as group_na4_2_ from group_list groupdata0_
Hibernate: select groupdata0_.group_id as group_id1_2_, groupdata0_.group_footer as group_fo2_2_, groupdata0_.group_header as group_he3_2_, groupdata0_.group_name as group_na4_2_ from group_list groupdata0_
14:11:13.826 [Test worker] DEBUG org.hibernate.loader.Loader - Result set row: 0
14:11:13.826 [Test worker] DEBUG org.hibernate.loader.Loader - Result row: EntityKey[pft.adressbook.model.GroupData#7]
14:11:13.826 [Test worker] DEBUG org.hibernate.loader.Loader - Result set row: 1
14:11:13.826 [Test worker] DEBUG org.hibernate.loader.Loader - Result row: EntityKey[pft.adressbook.model.GroupData#14]
14:11:13.827 [Test worker] DEBUG o.h.engine.internal.TwoPhaseLoad - Resolving attributes for [pft.adressbook.model.GroupData#7]
14:11:13.827 [Test worker] DEBUG o.h.engine.internal.TwoPhaseLoad - Processing attribute `contacts` : value = NOT NULL COLLECTION
14:11:13.827 [Test worker] DEBUG o.h.engine.internal.TwoPhaseLoad - Attribute (`contacts`)  - enhanced for lazy-loading? - false
14:11:13.827 [Test worker] DEBUG o.h.engine.internal.TwoPhaseLoad - Processing attribute `footer` : value = footer 0
14:11:13.827 [Test worker] DEBUG o.h.engine.internal.TwoPhaseLoad - Attribute (`footer`)  - enhanced for lazy-loading? - false
14:11:13.827 [Test worker] DEBUG o.h.engine.internal.TwoPhaseLoad - Processing attribute `header` : value = header 0
14:11:13.827 [Test worker] DEBUG o.h.engine.internal.TwoPhaseLoad - Attribute (`header`)  - enhanced for lazy-loading? - false
14:11:13.827 [Test worker] DEBUG o.h.engine.internal.TwoPhaseLoad - Processing attribute `name` : value = test 0
14:11:13.827 [Test worker] DEBUG o.h.engine.internal.TwoPhaseLoad - Attribute (`name`)  - enhanced for lazy-loading? - false
14:11:13.828 [Test worker] DEBUG o.h.engine.internal.TwoPhaseLoad - Done materializing entity [pft.adressbook.model.GroupData#7]
14:11:13.828 [Test worker] DEBUG o.h.engine.internal.TwoPhaseLoad - Resolving attributes for [pft.adressbook.model.GroupData#14]
14:11:13.828 [Test worker] DEBUG o.h.engine.internal.TwoPhaseLoad - Processing attribute `contacts` : value = NOT NULL COLLECTION
14:11:13.828 [Test worker] DEBUG o.h.engine.internal.TwoPhaseLoad - Attribute (`contacts`)  - enhanced for lazy-loading? - false
14:11:13.828 [Test worker] DEBUG o.h.engine.internal.TwoPhaseLoad - Processing attribute `footer` : value = test3
14:11:13.828 [Test worker] DEBUG o.h.engine.internal.TwoPhaseLoad - Attribute (`footer`)  - enhanced for lazy-loading? - false
14:11:13.828 [Test worker] DEBUG o.h.engine.internal.TwoPhaseLoad - Processing attribute `header` : value = test2
14:11:13.828 [Test worker] DEBUG o.h.engine.internal.TwoPhaseLoad - Attribute (`header`)  - enhanced for lazy-loading? - false
14:11:13.828 [Test worker] DEBUG o.h.engine.internal.TwoPhaseLoad - Processing attribute `name` : value = test1
14:11:13.828 [Test worker] DEBUG o.h.engine.internal.TwoPhaseLoad - Attribute (`name`)  - enhanced for lazy-loading? - false
14:11:13.828 [Test worker] DEBUG o.h.engine.internal.TwoPhaseLoad - Done materializing entity [pft.adressbook.model.GroupData#14]
14:11:13.828 [Test worker] DEBUG o.h.e.t.internal.TransactionImpl - committing
14:11:13.828 [Test worker] DEBUG o.h.e.i.AbstractFlushingEventListener - Processing flush-time cascades
14:11:13.828 [Test worker] DEBUG o.h.e.i.AbstractFlushingEventListener - Dirty checking collections
14:11:13.829 [Test worker] DEBUG o.h.engine.internal.Collections - Collection found: [pft.adressbook.model.GroupData.contacts#7], was: [pft.adressbook.model.GroupData.contacts#7] (uninitialized)
14:11:13.829 [Test worker] DEBUG o.h.engine.internal.Collections - Collection found: [pft.adressbook.model.GroupData.contacts#14], was: [pft.adressbook.model.GroupData.contacts#14] (uninitialized)
14:11:13.829 [Test worker] DEBUG o.h.e.i.AbstractFlushingEventListener - Flushed: 0 insertions, 0 updates, 0 deletions to 2 objects
14:11:13.829 [Test worker] DEBUG o.h.e.i.AbstractFlushingEventListener - Flushed: 0 (re)creations, 0 updates, 0 removals to 2 collections
14:11:13.829 [Test worker] DEBUG o.h.internal.util.EntityPrinter - Listing entities:
14:11:13.829 [Test worker] DEBUG o.h.internal.util.EntityPrinter - pft.adressbook.model.GroupData{footer=test3, name=test1, header=test2, id=14, contacts=<uninitialized>}
14:11:13.829 [Test worker] DEBUG o.h.internal.util.EntityPrinter - pft.adressbook.model.GroupData{footer=footer 0, name=test 0, header=header 0, id=7, contacts=<uninitialized>}
14:11:13.830 [Test worker] DEBUG o.h.r.j.i.LogicalConnectionManagedImpl - Initiating JDBC connection release from afterTransaction
14:11:13.831 [Test worker] DEBUG o.h.r.j.i.LogicalConnectionManagedImpl - Initiating JDBC connection release from afterTransaction
]]></system-out>
  <system-err><![CDATA[]]></system-err>
</testsuite>
