<?xml version="1.0" encoding="UTF-8"?>
<testsuite name="pft.adressbook.tests.HbConnectionTest" tests="2" skipped="1" failures="1" errors="0" timestamp="2020-02-17T12:10:35" hostname="Earp" time="2.108">
  <properties/>
  <testcase name="setUp" classname="pft.adressbook.tests.HbConnectionTest" time="0.0">
    <failure message="java.lang.AssertionError" type="java.lang.AssertionError">java.lang.AssertionError
	at org.hibernate.metamodel.mapping.internal.EntityCollectionPart.generateFetch(EntityCollectionPart.java:110)
	at org.hibernate.metamodel.mapping.internal.EntityCollectionPart.generateFetch(EntityCollectionPart.java:36)
	at org.hibernate.collection.internal.AbstractSetSemantics.createInitializerProducer(AbstractSetSemantics.java:62)
	at org.hibernate.sql.results.graph.collection.internal.EagerCollectionFetch.&lt;init&gt;(EagerCollectionFetch.java:90)
	at org.hibernate.metamodel.mapping.internal.PluralAttributeMappingImpl.generateFetch(PluralAttributeMappingImpl.java:390)
	at org.hibernate.loader.ast.internal.LoaderSelectBuilder.lambda$visitFetches$5(LoaderSelectBuilder.java:431)
	at java.util.ArrayList.forEach(ArrayList.java:1257)
	at org.hibernate.persister.entity.AbstractEntityPersister.visitFetchables(AbstractEntityPersister.java:6174)
	at org.hibernate.loader.ast.internal.LoaderSelectBuilder.visitFetches(LoaderSelectBuilder.java:460)
	at org.hibernate.loader.ast.internal.LoaderSqlAstCreationState.visitFetches(LoaderSqlAstCreationState.java:131)
	at org.hibernate.sql.results.graph.AbstractFetchParent.afterInitialize(AbstractFetchParent.java:31)
	at org.hibernate.sql.results.graph.entity.internal.EntityResultImpl.&lt;init&gt;(EntityResultImpl.java:52)
	at org.hibernate.sql.results.graph.entity.internal.EntityResultImpl.&lt;init&gt;(EntityResultImpl.java:34)
	at org.hibernate.sql.results.graph.entity.internal.EntityFetchJoinedImpl.&lt;init&gt;(EntityFetchJoinedImpl.java:40)
	at org.hibernate.metamodel.mapping.internal.EntityCollectionPart.generateFetch(EntityCollectionPart.java:130)
	at org.hibernate.metamodel.mapping.internal.EntityCollectionPart.generateFetch(EntityCollectionPart.java:36)
	at org.hibernate.collection.internal.AbstractSetSemantics.createInitializerProducer(AbstractSetSemantics.java:62)
	at org.hibernate.sql.results.graph.collection.internal.CollectionDomainResult.&lt;init&gt;(CollectionDomainResult.java:60)
	at org.hibernate.metamodel.mapping.internal.PluralAttributeMappingImpl.createDomainResult(PluralAttributeMappingImpl.java:348)
	at org.hibernate.loader.ast.internal.LoaderSelectBuilder.generateSelect(LoaderSelectBuilder.java:236)
	at org.hibernate.loader.ast.internal.LoaderSelectBuilder.createSelect(LoaderSelectBuilder.java:107)
	at org.hibernate.loader.ast.internal.CollectionLoaderSingleKey.&lt;init&gt;(CollectionLoaderSingleKey.java:60)
	at org.hibernate.persister.collection.AbstractCollectionPersister.createCollectionLoader(AbstractCollectionPersister.java:821)
	at org.hibernate.persister.collection.AbstractCollectionPersister.postInstantiate(AbstractCollectionPersister.java:722)
	at java.util.concurrent.ConcurrentHashMap$ValuesView.forEach(ConcurrentHashMap.java:4707)
	at org.hibernate.metamodel.model.domain.internal.MappingMetamodelImpl.finishInitialization(MappingMetamodelImpl.java:218)
	at org.hibernate.metamodel.internal.RuntimeMetamodelsImpl.finishInitialization(RuntimeMetamodelsImpl.java:47)
	at org.hibernate.internal.SessionFactoryImpl.&lt;init&gt;(SessionFactoryImpl.java:304)
	at org.hibernate.boot.internal.SessionFactoryBuilderImpl.build(SessionFactoryBuilderImpl.java:453)
	at org.hibernate.boot.internal.MetadataImpl.buildSessionFactory(MetadataImpl.java:176)
	at pft.adressbook.tests.HbConnectionTest.setUp(HbConnectionTest.java:28)
	at sun.reflect.NativeMethodAccessorImpl.invoke0(Native Method)
	at sun.reflect.NativeMethodAccessorImpl.invoke(NativeMethodAccessorImpl.java:62)
	at sun.reflect.DelegatingMethodAccessorImpl.invoke(DelegatingMethodAccessorImpl.java:43)
	at java.lang.reflect.Method.invoke(Method.java:498)
	at org.testng.internal.MethodInvocationHelper.invokeMethod(MethodInvocationHelper.java:86)
	at org.testng.internal.Invoker.invokeConfigurationMethod(Invoker.java:514)
	at org.testng.internal.Invoker.invokeConfigurations(Invoker.java:215)
	at org.testng.internal.Invoker.invokeConfigurations(Invoker.java:142)
	at org.testng.internal.TestMethodWorker.invokeBeforeClassMethods(TestMethodWorker.java:178)
	at org.testng.internal.TestMethodWorker.run(TestMethodWorker.java:108)
	at org.testng.TestRunner.privateRun(TestRunner.java:782)
	at org.testng.TestRunner.run(TestRunner.java:632)
	at org.testng.SuiteRunner.runTest(SuiteRunner.java:366)
	at org.testng.SuiteRunner.runSequentially(SuiteRunner.java:361)
	at org.testng.SuiteRunner.privateRun(SuiteRunner.java:319)
	at org.testng.SuiteRunner.run(SuiteRunner.java:268)
	at org.testng.SuiteRunnerWorker.runSuite(SuiteRunnerWorker.java:52)
	at org.testng.SuiteRunnerWorker.run(SuiteRunnerWorker.java:86)
	at org.testng.TestNG.runSuitesSequentially(TestNG.java:1244)
	at org.testng.TestNG.runSuitesLocally(TestNG.java:1169)
	at org.testng.TestNG.run(TestNG.java:1064)
	at org.gradle.api.internal.tasks.testing.testng.TestNGTestClassProcessor.runTests(TestNGTestClassProcessor.java:141)
	at org.gradle.api.internal.tasks.testing.testng.TestNGTestClassProcessor.stop(TestNGTestClassProcessor.java:90)
	at org.gradle.api.internal.tasks.testing.SuiteTestClassProcessor.stop(SuiteTestClassProcessor.java:61)
	at sun.reflect.NativeMethodAccessorImpl.invoke0(Native Method)
	at sun.reflect.NativeMethodAccessorImpl.invoke(NativeMethodAccessorImpl.java:62)
	at sun.reflect.DelegatingMethodAccessorImpl.invoke(DelegatingMethodAccessorImpl.java:43)
	at java.lang.reflect.Method.invoke(Method.java:498)
	at org.gradle.internal.dispatch.ReflectionDispatch.dispatch(ReflectionDispatch.java:36)
	at org.gradle.internal.dispatch.ReflectionDispatch.dispatch(ReflectionDispatch.java:24)
	at org.gradle.internal.dispatch.ContextClassLoaderDispatch.dispatch(ContextClassLoaderDispatch.java:33)
	at org.gradle.internal.dispatch.ProxyDispatchAdapter$DispatchingInvocationHandler.invoke(ProxyDispatchAdapter.java:94)
	at com.sun.proxy.$Proxy2.stop(Unknown Source)
	at org.gradle.api.internal.tasks.testing.worker.TestWorker.stop(TestWorker.java:132)
	at sun.reflect.NativeMethodAccessorImpl.invoke0(Native Method)
	at sun.reflect.NativeMethodAccessorImpl.invoke(NativeMethodAccessorImpl.java:62)
	at sun.reflect.DelegatingMethodAccessorImpl.invoke(DelegatingMethodAccessorImpl.java:43)
	at java.lang.reflect.Method.invoke(Method.java:498)
	at org.gradle.internal.dispatch.ReflectionDispatch.dispatch(ReflectionDispatch.java:36)
	at org.gradle.internal.dispatch.ReflectionDispatch.dispatch(ReflectionDispatch.java:24)
	at org.gradle.internal.remote.internal.hub.MessageHubBackedObjectConnection$DispatchWrapper.dispatch(MessageHubBackedObjectConnection.java:182)
	at org.gradle.internal.remote.internal.hub.MessageHubBackedObjectConnection$DispatchWrapper.dispatch(MessageHubBackedObjectConnection.java:164)
	at org.gradle.internal.remote.internal.hub.MessageHub$Handler.run(MessageHub.java:412)
	at org.gradle.internal.concurrent.ExecutorPolicy$CatchAndRecordFailures.onExecute(ExecutorPolicy.java:64)
	at org.gradle.internal.concurrent.ManagedExecutorImpl$1.run(ManagedExecutorImpl.java:48)
	at java.util.concurrent.ThreadPoolExecutor.runWorker(ThreadPoolExecutor.java:1149)
	at java.util.concurrent.ThreadPoolExecutor$Worker.run(ThreadPoolExecutor.java:624)
	at org.gradle.internal.concurrent.ThreadFactoryImpl$ManagedThreadRunnable.run(ThreadFactoryImpl.java:56)
	at java.lang.Thread.run(Thread.java:748)
</failure>
  </testcase>
  <testcase name="testHbConnection" classname="pft.adressbook.tests.HbConnectionTest" time="0.001">
    <skipped/>
  </testcase>
  <system-out><![CDATA[]]></system-out>
  <system-err><![CDATA[]]></system-err>
</testsuite>
