<?xml version="1.0" encoding="UTF-8"?>
<testsuite name="pft.adressbook.tests.ContactCreationTest" tests="1" skipped="0" failures="0" errors="0" timestamp="2020-02-08T15:59:47" hostname="Earp" time="7.978">
  <properties/>
  <testcase name="testContactCreation[0](ContactData{name='Петр', family='Петров'})" classname="pft.adressbook.tests.ContactCreationTest" time="7.978"/>
  <system-out><![CDATA[]]></system-out>
  <system-err><![CDATA[]]></system-err>
</testsuite>
