<?xml version="1.0" encoding="UTF-8"?>
<testsuite name="pft.adressbook.ContactCreationTest" tests="1" skipped="0" failures="0" errors="0" timestamp="2019-12-29T11:38:47" hostname="Earp" time="2.702">
  <properties/>
  <testcase name="testContactCreation" classname="pft.adressbook.ContactCreationTest" time="2.702"/>
  <system-out><![CDATA[]]></system-out>
  <system-err><![CDATA[]]></system-err>
</testsuite>
