<?xml version="1.0" encoding="UTF-8"?>
<testsuite name="pft.adressbook.tests.ContactCreationTest" tests="1" skipped="0" failures="0" errors="0" timestamp="2020-01-28T21:18:54" hostname="Earp" time="9.35">
  <properties/>
  <testcase name="testContactCreation" classname="pft.adressbook.tests.ContactCreationTest" time="9.35"/>
  <system-out><![CDATA[]]></system-out>
  <system-err><![CDATA[]]></system-err>
</testsuite>
