<?xml version="1.0" encoding="UTF-8"?>
<testsuite name="pft.adressbook.tests.GroupCreationTests" tests="3" skipped="0" failures="0" errors="0" timestamp="2020-02-09T14:01:51" hostname="Earp" time="8.315">
  <properties/>
  <testcase name="testGroupCreation[0](GroupData{id='0', name='test 0'})" classname="pft.adressbook.tests.GroupCreationTests" time="3.267"/>
  <testcase name="testGroupCreation[1](GroupData{id='0', name='test 1'})" classname="pft.adressbook.tests.GroupCreationTests" time="2.612"/>
  <testcase name="testGroupCreation[2](GroupData{id='0', name='test 2'})" classname="pft.adressbook.tests.GroupCreationTests" time="2.436"/>
  <system-out><![CDATA[]]></system-out>
  <system-err><![CDATA[]]></system-err>
</testsuite>
