<?xml version="1.0" encoding="UTF-8"?>
<testsuite name="pft.adressbook.tests.GroupDeletionTests" tests="1" skipped="0" failures="0" errors="0" timestamp="2019-12-30T16:44:44" hostname="Earp" time="0.584">
  <properties/>
  <testcase name="testGroupDeletion" classname="pft.adressbook.tests.GroupDeletionTests" time="0.584"/>
  <system-out><![CDATA[]]></system-out>
  <system-err><![CDATA[]]></system-err>
</testsuite>
