<?xml version="1.0" encoding="UTF-8"?>
<testsuite name="pft.adressbook.tests.ContactDeletionTests" tests="1" skipped="0" failures="0" errors="0" timestamp="2020-01-03T06:48:03" hostname="Earp" time="0.344">
  <properties/>
  <testcase name="testContactDeletion" classname="pft.adressbook.tests.ContactDeletionTests" time="0.344"/>
  <system-out><![CDATA[]]></system-out>
  <system-err><![CDATA[]]></system-err>
</testsuite>
