<?xml version="1.0" encoding="UTF-8"?>
<testsuite name="pft.adressbook.GroupDeletionTests" tests="1" skipped="0" failures="0" errors="0" timestamp="2019-12-30T15:51:51" hostname="Earp" time="0.601">
  <properties/>
  <testcase name="testGroupDeletion" classname="pft.adressbook.GroupDeletionTests" time="0.601"/>
  <system-out><![CDATA[]]></system-out>
  <system-err><![CDATA[]]></system-err>
</testsuite>
