<?xml version="1.0" encoding="UTF-8"?>
<testsuite name="pft.adressbook.tests.GroupCreationTests" tests="3" skipped="0" failures="0" errors="0" timestamp="2020-02-08T13:36:22" hostname="Earp" time="6.061">
  <properties/>
  <testcase name="testGroupCreation[0](GroupData{id='2147483647', name='test1'})" classname="pft.adressbook.tests.GroupCreationTests" time="2.119"/>
  <testcase name="testGroupCreation[1](GroupData{id='2147483647', name='test2'})" classname="pft.adressbook.tests.GroupCreationTests" time="1.857"/>
  <testcase name="testGroupCreation[2](GroupData{id='2147483647', name='test3'})" classname="pft.adressbook.tests.GroupCreationTests" time="2.085"/>
  <system-out><![CDATA[]]></system-out>
  <system-err><![CDATA[]]></system-err>
</testsuite>
