<?xml version="1.0" encoding="UTF-8"?>
<testsuite name="pft.adressbook.tests.HbConnectionTest" tests="1" skipped="0" failures="0" errors="0" timestamp="2020-02-16T06:43:05" hostname="Earp" time="0.482">
  <properties/>
  <testcase name="testHbConnection" classname="pft.adressbook.tests.HbConnectionTest" time="0.482"/>
  <system-out><![CDATA[11:43:05.705 [Test worker] DEBUG o.h.s.internal.StatisticsInitiator - Statistics initialized [enabled=false]
11:43:05.715 [Test worker] DEBUG o.h.e.t.internal.TransactionImpl - On TransactionImpl creation, JpaCompliance#isJpaTransactionComplianceEnabled == false
11:43:05.715 [Test worker] DEBUG o.h.e.t.internal.TransactionImpl - begin
11:43:05.801 [Test worker] DEBUG org.hibernate.orm.query.plan.cache - Creating and caching HqlInterpretation - from GroupData
11:43:05.965 [Test worker] DEBUG o.h.q.h.i.SemanticQueryBuilder - Handling root path - GroupData
11:43:05.971 [Test worker] DEBUG o.h.q.h.i.SemanticQueryBuilder - Encountered implicit select clause : fromGroupData
11:43:05.979 [Test worker] DEBUG org.hibernate.orm.query.sqm.ast - SqmStatement Tree :
    -> [select]
      -> [query-spec]
        -> [select]
          -> [selection]
            -> [root] - `pft.adressbook.model.GroupData`
            <- [root] - `pft.adressbook.model.GroupData`
          <- [selection]
        <- [select]
        -> [from]
          -> [root] - `pft.adressbook.model.GroupData`
          <- [root] - `pft.adressbook.model.GroupData`
        <- [from]
      <- [query-spec]
    <- [select]

11:43:06.012 [Test worker] DEBUG org.hibernate.orm.sql.ast.create - Created new SQL alias : g1_0
11:43:06.041 [Test worker] DEBUG org.hibernate.orm.sql.ast.tree - Error processing node {query-spec}
java.lang.NullPointerException: null
	at org.hibernate.sql.ast.SqlTreePrinter.lambda$visitQuerySpec$18(SqlTreePrinter.java:250)
	at org.hibernate.sql.ast.SqlTreePrinter.logNode(SqlTreePrinter.java:189)
	at org.hibernate.sql.ast.SqlTreePrinter.logNode(SqlTreePrinter.java:178)
	at org.hibernate.sql.ast.SqlTreePrinter.visitQuerySpec(SqlTreePrinter.java:234)
	at org.hibernate.sql.ast.SqlTreePrinter.lambda$visitStatement$0(SqlTreePrinter.java:78)
	at org.hibernate.sql.ast.SqlTreePrinter.logNode(SqlTreePrinter.java:189)
	at org.hibernate.sql.ast.SqlTreePrinter.logNode(SqlTreePrinter.java:178)
	at org.hibernate.sql.ast.SqlTreePrinter.visitStatement(SqlTreePrinter.java:76)
	at org.hibernate.sql.ast.SqlTreePrinter.print(SqlTreePrinter.java:63)
	at org.hibernate.sql.ast.spi.StandardSqlAstSelectTranslator.translate(StandardSqlAstSelectTranslator.java:85)
	at org.hibernate.query.sqm.internal.ConcreteSqmSelectQueryPlan.buildCacheableSqmInterpretation(ConcreteSqmSelectQueryPlan.java:230)
	at org.hibernate.query.sqm.internal.ConcreteSqmSelectQueryPlan.resolveCacheableSqmInterpretation(ConcreteSqmSelectQueryPlan.java:191)
	at org.hibernate.query.sqm.internal.ConcreteSqmSelectQueryPlan.performList(ConcreteSqmSelectQueryPlan.java:153)
	at org.hibernate.query.sqm.internal.QuerySqmImpl.doList(QuerySqmImpl.java:413)
	at org.hibernate.query.spi.AbstractQuery.list(AbstractQuery.java:1356)
	at pft.adressbook.tests.HbConnectionTest.testHbConnection(HbConnectionTest.java:41)
	at sun.reflect.NativeMethodAccessorImpl.invoke0(Native Method)
	at sun.reflect.NativeMethodAccessorImpl.invoke(NativeMethodAccessorImpl.java:62)
	at sun.reflect.DelegatingMethodAccessorImpl.invoke(DelegatingMethodAccessorImpl.java:43)
	at java.lang.reflect.Method.invoke(Method.java:498)
	at org.testng.internal.MethodInvocationHelper.invokeMethod(MethodInvocationHelper.java:86)
	at org.testng.internal.Invoker.invokeMethod(Invoker.java:643)
	at org.testng.internal.Invoker.invokeTestMethod(Invoker.java:820)
	at org.testng.internal.Invoker.invokeTestMethods(Invoker.java:1128)
	at org.testng.internal.TestMethodWorker.invokeTestMethods(TestMethodWorker.java:129)
	at org.testng.internal.TestMethodWorker.run(TestMethodWorker.java:112)
	at org.testng.TestRunner.privateRun(TestRunner.java:782)
	at org.testng.TestRunner.run(TestRunner.java:632)
	at org.testng.SuiteRunner.runTest(SuiteRunner.java:366)
	at org.testng.SuiteRunner.runSequentially(SuiteRunner.java:361)
	at org.testng.SuiteRunner.privateRun(SuiteRunner.java:319)
	at org.testng.SuiteRunner.run(SuiteRunner.java:268)
	at org.testng.SuiteRunnerWorker.runSuite(SuiteRunnerWorker.java:52)
	at org.testng.SuiteRunnerWorker.run(SuiteRunnerWorker.java:86)
	at org.testng.TestNG.runSuitesSequentially(TestNG.java:1244)
	at org.testng.TestNG.runSuitesLocally(TestNG.java:1169)
	at org.testng.TestNG.run(TestNG.java:1064)
	at org.gradle.api.internal.tasks.testing.testng.TestNGTestClassProcessor.runTests(TestNGTestClassProcessor.java:141)
	at org.gradle.api.internal.tasks.testing.testng.TestNGTestClassProcessor.stop(TestNGTestClassProcessor.java:90)
	at org.gradle.api.internal.tasks.testing.SuiteTestClassProcessor.stop(SuiteTestClassProcessor.java:61)
	at sun.reflect.NativeMethodAccessorImpl.invoke0(Native Method)
	at sun.reflect.NativeMethodAccessorImpl.invoke(NativeMethodAccessorImpl.java:62)
	at sun.reflect.DelegatingMethodAccessorImpl.invoke(DelegatingMethodAccessorImpl.java:43)
	at java.lang.reflect.Method.invoke(Method.java:498)
	at org.gradle.internal.dispatch.ReflectionDispatch.dispatch(ReflectionDispatch.java:36)
	at org.gradle.internal.dispatch.ReflectionDispatch.dispatch(ReflectionDispatch.java:24)
	at org.gradle.internal.dispatch.ContextClassLoaderDispatch.dispatch(ContextClassLoaderDispatch.java:33)
	at org.gradle.internal.dispatch.ProxyDispatchAdapter$DispatchingInvocationHandler.invoke(ProxyDispatchAdapter.java:94)
	at com.sun.proxy.$Proxy2.stop(Unknown Source)
	at org.gradle.api.internal.tasks.testing.worker.TestWorker.stop(TestWorker.java:132)
	at sun.reflect.NativeMethodAccessorImpl.invoke0(Native Method)
	at sun.reflect.NativeMethodAccessorImpl.invoke(NativeMethodAccessorImpl.java:62)
	at sun.reflect.DelegatingMethodAccessorImpl.invoke(DelegatingMethodAccessorImpl.java:43)
	at java.lang.reflect.Method.invoke(Method.java:498)
	at org.gradle.internal.dispatch.ReflectionDispatch.dispatch(ReflectionDispatch.java:36)
	at org.gradle.internal.dispatch.ReflectionDispatch.dispatch(ReflectionDispatch.java:24)
	at org.gradle.internal.remote.internal.hub.MessageHubBackedObjectConnection$DispatchWrapper.dispatch(MessageHubBackedObjectConnection.java:182)
	at org.gradle.internal.remote.internal.hub.MessageHubBackedObjectConnection$DispatchWrapper.dispatch(MessageHubBackedObjectConnection.java:164)
	at org.gradle.internal.remote.internal.hub.MessageHub$Handler.run(MessageHub.java:412)
	at org.gradle.internal.concurrent.ExecutorPolicy$CatchAndRecordFailures.onExecute(ExecutorPolicy.java:64)
	at org.gradle.internal.concurrent.ManagedExecutorImpl$1.run(ManagedExecutorImpl.java:48)
	at java.util.concurrent.ThreadPoolExecutor.runWorker(ThreadPoolExecutor.java:1149)
	at java.util.concurrent.ThreadPoolExecutor$Worker.run(ThreadPoolExecutor.java:624)
	at org.gradle.internal.concurrent.ThreadFactoryImpl$ManagedThreadRunnable.run(ThreadFactoryImpl.java:56)
	at java.lang.Thread.run(Thread.java:748)
11:43:06.045 [Test worker] DEBUG org.hibernate.orm.sql.ast.tree - SQL AST Tree:
    -> [select-statement]
      -> [query-spec]
        -> [select]
          selection - org.hibernate.sql.results.internal.SqlSelectionImpl@40d6b1ae
          selection - org.hibernate.sql.results.internal.SqlSelectionImpl@c93ec8e
          selection - org.hibernate.sql.results.internal.SqlSelectionImpl@f6a1d60
          selection - org.hibernate.sql.results.internal.SqlSelectionImpl@6430d9fe
        <- [select]
        -> [from]
          -> [table-group]
            -> [group_list as g1_0]
          <- [table-group]
        <- [from]
      <- [query-spec]
    <- [select-statement]

11:43:06.061 [Test worker] DEBUG o.h.s.e.i.JdbcSelectExecutorStandardImpl - Skipping reading Query result cache data: cache-enabled = false, cache-mode = NORMAL
11:43:06.072 [Test worker] DEBUG org.hibernate.orm.sql.results - Adding initializer : EntityRootInitializer(pft.adressbook.model.GroupData)
11:43:06.079 [Test worker] DEBUG org.hibernate.SQL - select g1_0.group_id, g1_0.group_footer, g1_0.group_header, g1_0.group_name from group_list as g1_0
Hibernate: select g1_0.group_id, g1_0.group_footer, g1_0.group_header, g1_0.group_name from group_list as g1_0
11:43:06.092 [Test worker] DEBUG o.h.s.r.internal.StandardRowReader - ---Processing Row---
11:43:06.094 [Test worker] DEBUG org.hibernate.orm.sql.results - Extracted JDBC value [0] - [84]
11:43:06.094 [Test worker] DEBUG o.h.orm.sql.resultsloading.entity - (o.h.s.r.g.e.i.EntityResultInitializer) Hydrated EntityKey (NavigablePath[pft.adressbook.model.GroupData]): 84
11:43:06.097 [Test worker] DEBUG o.h.orm.sql.resultsloading.entity - Created new entity instance [pft.adressbook.model.GroupData#84] : GroupData{id='84', name='null'}
11:43:06.098 [Test worker] DEBUG org.hibernate.orm.sql.results - Extracted JDBC value [1] - [ footer 1]
11:43:06.098 [Test worker] DEBUG org.hibernate.orm.sql.results - Extracted JDBC value [2] - [ header 1]
11:43:06.098 [Test worker] DEBUG org.hibernate.orm.sql.results - Extracted JDBC value [3] - [test 1]
11:43:06.108 [Test worker] DEBUG o.h.orm.sql.resultsloading.entity - Done materializing entityInstance : pft.adressbook.model.GroupData#84
11:43:06.108 [Test worker] DEBUG o.h.s.r.internal.StandardRowReader - ---Processing Row---
11:43:06.108 [Test worker] DEBUG org.hibernate.orm.sql.results - Extracted JDBC value [0] - [85]
11:43:06.108 [Test worker] DEBUG o.h.orm.sql.resultsloading.entity - (o.h.s.r.g.e.i.EntityResultInitializer) Hydrated EntityKey (NavigablePath[pft.adressbook.model.GroupData]): 85
11:43:06.108 [Test worker] DEBUG o.h.orm.sql.resultsloading.entity - Created new entity instance [pft.adressbook.model.GroupData#85] : GroupData{id='85', name='null'}
11:43:06.109 [Test worker] DEBUG org.hibernate.orm.sql.results - Extracted JDBC value [1] - [ footer 2]
11:43:06.109 [Test worker] DEBUG org.hibernate.orm.sql.results - Extracted JDBC value [2] - [ header 2]
11:43:06.109 [Test worker] DEBUG org.hibernate.orm.sql.results - Extracted JDBC value [3] - [test 2]
11:43:06.109 [Test worker] DEBUG o.h.orm.sql.resultsloading.entity - Done materializing entityInstance : pft.adressbook.model.GroupData#85
11:43:06.109 [Test worker] DEBUG o.h.r.j.i.ResourceRegistryStandardImpl - HHH000387: ResultSet's statement was not registered
GroupData{id='84', name='test 1'}
GroupData{id='85', name='test 2'}
11:43:06.110 [Test worker] DEBUG o.h.e.t.internal.TransactionImpl - committing
11:43:06.111 [Test worker] DEBUG o.h.e.i.AbstractFlushingEventListener - Processing flush-time cascades
11:43:06.117 [Test worker] DEBUG o.h.e.i.AbstractFlushingEventListener - Dirty checking collections
11:43:06.123 [Test worker] DEBUG o.h.e.i.AbstractFlushingEventListener - Flushed: 0 insertions, 0 updates, 0 deletions to 2 objects
11:43:06.123 [Test worker] DEBUG o.h.e.i.AbstractFlushingEventListener - Flushed: 0 (re)creations, 0 updates, 0 removals to 0 collections
11:43:06.124 [Test worker] DEBUG o.h.internal.util.EntityPrinter - Listing entities:
11:43:06.125 [Test worker] DEBUG o.h.internal.util.EntityPrinter - pft.adressbook.model.GroupData{footer= footer 1, name=test 1, header= header 1, id=84}
11:43:06.125 [Test worker] DEBUG o.h.internal.util.EntityPrinter - pft.adressbook.model.GroupData{footer= footer 2, name=test 2, header= header 2, id=85}
11:43:06.128 [Test worker] DEBUG o.h.r.j.i.LogicalConnectionManagedImpl - Initiating JDBC connection release from afterTransaction
11:43:06.128 [Test worker] DEBUG o.h.r.j.i.LogicalConnectionManagedImpl - Initiating JDBC connection release from afterTransaction
]]></system-out>
  <system-err><![CDATA[]]></system-err>
</testsuite>
