<?xml version="1.0" encoding="UTF-8"?>
<testsuite name="pft.adressbook.tests.GroupDeletionTests" tests="1" skipped="0" failures="0" errors="0" timestamp="2020-01-02T17:40:54" hostname="Earp" time="0.569">
  <properties/>
  <testcase name="testGroupDeletion" classname="pft.adressbook.tests.GroupDeletionTests" time="0.569"/>
  <system-out><![CDATA[]]></system-out>
  <system-err><![CDATA[]]></system-err>
</testsuite>
