<?xml version="1.0" encoding="UTF-8"?>
<testsuite name="pft.adressbook.tests.ContactCreationTest" tests="2" skipped="0" failures="2" errors="0" timestamp="2020-02-17T08:45:04" hostname="Earp" time="15.652">
  <properties/>
  <testcase name="testContactCreation[0](ContactData{name='Ivan', family='Ivanov'})" classname="pft.adressbook.tests.ContactCreationTest" time="8.04">
    <failure message="java.lang.AssertionError: &#13;&#10;Expected: &lt;[ContactData{name='Ivan', family='Ivanov'}, ContactData{name='Олег', family='Соколов'}, ContactData{name='Ivan', family='Ivanov'}, ContactData{name='Petr', family='Petrov'}, ContactData{name='Ivan', family='Ivanov'}]&gt;&#13;&#10;     but: was &lt;[ContactData{name='Ivan', family='Ivanov'}, ContactData{name='Олег', family='Соколов'}, ContactData{name='Ivan', family='Ivanov'}, ContactData{name='Petr', family='Petrov'}, ContactData{name='Ivan', family='Ivanov'}]&gt;" type="java.lang.AssertionError">java.lang.AssertionError: 
Expected: &lt;[ContactData{name='Ivan', family='Ivanov'}, ContactData{name='Олег', family='Соколов'}, ContactData{name='Ivan', family='Ivanov'}, ContactData{name='Petr', family='Petrov'}, ContactData{name='Ivan', family='Ivanov'}]&gt;
     but: was &lt;[ContactData{name='Ivan', family='Ivanov'}, ContactData{name='Олег', family='Соколов'}, ContactData{name='Ivan', family='Ivanov'}, ContactData{name='Petr', family='Petrov'}, ContactData{name='Ivan', family='Ivanov'}]&gt;
	at org.hamcrest.MatcherAssert.assertThat(MatcherAssert.java:20)
	at org.hamcrest.MatcherAssert.assertThat(MatcherAssert.java:6)
	at pft.adressbook.tests.ContactCreationTest.testContactCreation(ContactCreationTest.java:65)
	at sun.reflect.NativeMethodAccessorImpl.invoke0(Native Method)
	at sun.reflect.NativeMethodAccessorImpl.invoke(NativeMethodAccessorImpl.java:62)
	at sun.reflect.DelegatingMethodAccessorImpl.invoke(DelegatingMethodAccessorImpl.java:43)
	at java.lang.reflect.Method.invoke(Method.java:498)
	at org.testng.internal.MethodInvocationHelper.invokeMethod(MethodInvocationHelper.java:86)
	at org.testng.internal.Invoker.invokeMethod(Invoker.java:643)
	at org.testng.internal.Invoker.invokeTestMethod(Invoker.java:820)
	at org.testng.internal.Invoker.invokeTestMethods(Invoker.java:1128)
	at org.testng.internal.TestMethodWorker.invokeTestMethods(TestMethodWorker.java:129)
	at org.testng.internal.TestMethodWorker.run(TestMethodWorker.java:112)
	at org.testng.TestRunner.privateRun(TestRunner.java:782)
	at org.testng.TestRunner.run(TestRunner.java:632)
	at org.testng.SuiteRunner.runTest(SuiteRunner.java:366)
	at org.testng.SuiteRunner.runSequentially(SuiteRunner.java:361)
	at org.testng.SuiteRunner.privateRun(SuiteRunner.java:319)
	at org.testng.SuiteRunner.run(SuiteRunner.java:268)
	at org.testng.SuiteRunnerWorker.runSuite(SuiteRunnerWorker.java:52)
	at org.testng.SuiteRunnerWorker.run(SuiteRunnerWorker.java:86)
	at org.testng.TestNG.runSuitesSequentially(TestNG.java:1244)
	at org.testng.TestNG.runSuitesLocally(TestNG.java:1169)
	at org.testng.TestNG.run(TestNG.java:1064)
	at org.gradle.api.internal.tasks.testing.testng.TestNGTestClassProcessor.runTests(TestNGTestClassProcessor.java:141)
	at org.gradle.api.internal.tasks.testing.testng.TestNGTestClassProcessor.stop(TestNGTestClassProcessor.java:90)
	at org.gradle.api.internal.tasks.testing.SuiteTestClassProcessor.stop(SuiteTestClassProcessor.java:61)
	at sun.reflect.NativeMethodAccessorImpl.invoke0(Native Method)
	at sun.reflect.NativeMethodAccessorImpl.invoke(NativeMethodAccessorImpl.java:62)
	at sun.reflect.DelegatingMethodAccessorImpl.invoke(DelegatingMethodAccessorImpl.java:43)
	at java.lang.reflect.Method.invoke(Method.java:498)
	at org.gradle.internal.dispatch.ReflectionDispatch.dispatch(ReflectionDispatch.java:36)
	at org.gradle.internal.dispatch.ReflectionDispatch.dispatch(ReflectionDispatch.java:24)
	at org.gradle.internal.dispatch.ContextClassLoaderDispatch.dispatch(ContextClassLoaderDispatch.java:33)
	at org.gradle.internal.dispatch.ProxyDispatchAdapter$DispatchingInvocationHandler.invoke(ProxyDispatchAdapter.java:94)
	at com.sun.proxy.$Proxy2.stop(Unknown Source)
	at org.gradle.api.internal.tasks.testing.worker.TestWorker.stop(TestWorker.java:132)
	at sun.reflect.NativeMethodAccessorImpl.invoke0(Native Method)
	at sun.reflect.NativeMethodAccessorImpl.invoke(NativeMethodAccessorImpl.java:62)
	at sun.reflect.DelegatingMethodAccessorImpl.invoke(DelegatingMethodAccessorImpl.java:43)
	at java.lang.reflect.Method.invoke(Method.java:498)
	at org.gradle.internal.dispatch.ReflectionDispatch.dispatch(ReflectionDispatch.java:36)
	at org.gradle.internal.dispatch.ReflectionDispatch.dispatch(ReflectionDispatch.java:24)
	at org.gradle.internal.remote.internal.hub.MessageHubBackedObjectConnection$DispatchWrapper.dispatch(MessageHubBackedObjectConnection.java:182)
	at org.gradle.internal.remote.internal.hub.MessageHubBackedObjectConnection$DispatchWrapper.dispatch(MessageHubBackedObjectConnection.java:164)
	at org.gradle.internal.remote.internal.hub.MessageHub$Handler.run(MessageHub.java:412)
	at org.gradle.internal.concurrent.ExecutorPolicy$CatchAndRecordFailures.onExecute(ExecutorPolicy.java:64)
	at org.gradle.internal.concurrent.ManagedExecutorImpl$1.run(ManagedExecutorImpl.java:48)
	at java.util.concurrent.ThreadPoolExecutor.runWorker(ThreadPoolExecutor.java:1149)
	at java.util.concurrent.ThreadPoolExecutor$Worker.run(ThreadPoolExecutor.java:624)
	at org.gradle.internal.concurrent.ThreadFactoryImpl$ManagedThreadRunnable.run(ThreadFactoryImpl.java:56)
	at java.lang.Thread.run(Thread.java:748)
</failure>
  </testcase>
  <testcase name="testContactCreation[1](ContactData{name='Petr', family='Petrov'})" classname="pft.adressbook.tests.ContactCreationTest" time="7.606">
    <failure message="java.lang.AssertionError: &#13;&#10;Expected: &lt;[ContactData{name='Petr', family='Petrov'}, ContactData{name='Ivan', family='Ivanov'}, ContactData{name='Олег', family='Соколов'}, ContactData{name='Ivan', family='Ivanov'}, ContactData{name='Petr', family='Petrov'}, ContactData{name='Ivan', family='Ivanov'}]&gt;&#13;&#10;     but: was &lt;[ContactData{name='Petr', family='Petrov'}, ContactData{name='Ivan', family='Ivanov'}, ContactData{name='Олег', family='Соколов'}, ContactData{name='Ivan', family='Ivanov'}, ContactData{name='Petr', family='Petrov'}, ContactData{name='Ivan', family='Ivanov'}]&gt;" type="java.lang.AssertionError">java.lang.AssertionError: 
Expected: &lt;[ContactData{name='Petr', family='Petrov'}, ContactData{name='Ivan', family='Ivanov'}, ContactData{name='Олег', family='Соколов'}, ContactData{name='Ivan', family='Ivanov'}, ContactData{name='Petr', family='Petrov'}, ContactData{name='Ivan', family='Ivanov'}]&gt;
     but: was &lt;[ContactData{name='Petr', family='Petrov'}, ContactData{name='Ivan', family='Ivanov'}, ContactData{name='Олег', family='Соколов'}, ContactData{name='Ivan', family='Ivanov'}, ContactData{name='Petr', family='Petrov'}, ContactData{name='Ivan', family='Ivanov'}]&gt;
	at org.hamcrest.MatcherAssert.assertThat(MatcherAssert.java:20)
	at org.hamcrest.MatcherAssert.assertThat(MatcherAssert.java:6)
	at pft.adressbook.tests.ContactCreationTest.testContactCreation(ContactCreationTest.java:65)
	at sun.reflect.NativeMethodAccessorImpl.invoke0(Native Method)
	at sun.reflect.NativeMethodAccessorImpl.invoke(NativeMethodAccessorImpl.java:62)
	at sun.reflect.DelegatingMethodAccessorImpl.invoke(DelegatingMethodAccessorImpl.java:43)
	at java.lang.reflect.Method.invoke(Method.java:498)
	at org.testng.internal.MethodInvocationHelper.invokeMethod(MethodInvocationHelper.java:86)
	at org.testng.internal.Invoker.invokeMethod(Invoker.java:643)
	at org.testng.internal.Invoker.invokeTestMethod(Invoker.java:820)
	at org.testng.internal.Invoker.invokeTestMethods(Invoker.java:1128)
	at org.testng.internal.TestMethodWorker.invokeTestMethods(TestMethodWorker.java:129)
	at org.testng.internal.TestMethodWorker.run(TestMethodWorker.java:112)
	at org.testng.TestRunner.privateRun(TestRunner.java:782)
	at org.testng.TestRunner.run(TestRunner.java:632)
	at org.testng.SuiteRunner.runTest(SuiteRunner.java:366)
	at org.testng.SuiteRunner.runSequentially(SuiteRunner.java:361)
	at org.testng.SuiteRunner.privateRun(SuiteRunner.java:319)
	at org.testng.SuiteRunner.run(SuiteRunner.java:268)
	at org.testng.SuiteRunnerWorker.runSuite(SuiteRunnerWorker.java:52)
	at org.testng.SuiteRunnerWorker.run(SuiteRunnerWorker.java:86)
	at org.testng.TestNG.runSuitesSequentially(TestNG.java:1244)
	at org.testng.TestNG.runSuitesLocally(TestNG.java:1169)
	at org.testng.TestNG.run(TestNG.java:1064)
	at org.gradle.api.internal.tasks.testing.testng.TestNGTestClassProcessor.runTests(TestNGTestClassProcessor.java:141)
	at org.gradle.api.internal.tasks.testing.testng.TestNGTestClassProcessor.stop(TestNGTestClassProcessor.java:90)
	at org.gradle.api.internal.tasks.testing.SuiteTestClassProcessor.stop(SuiteTestClassProcessor.java:61)
	at sun.reflect.NativeMethodAccessorImpl.invoke0(Native Method)
	at sun.reflect.NativeMethodAccessorImpl.invoke(NativeMethodAccessorImpl.java:62)
	at sun.reflect.DelegatingMethodAccessorImpl.invoke(DelegatingMethodAccessorImpl.java:43)
	at java.lang.reflect.Method.invoke(Method.java:498)
	at org.gradle.internal.dispatch.ReflectionDispatch.dispatch(ReflectionDispatch.java:36)
	at org.gradle.internal.dispatch.ReflectionDispatch.dispatch(ReflectionDispatch.java:24)
	at org.gradle.internal.dispatch.ContextClassLoaderDispatch.dispatch(ContextClassLoaderDispatch.java:33)
	at org.gradle.internal.dispatch.ProxyDispatchAdapter$DispatchingInvocationHandler.invoke(ProxyDispatchAdapter.java:94)
	at com.sun.proxy.$Proxy2.stop(Unknown Source)
	at org.gradle.api.internal.tasks.testing.worker.TestWorker.stop(TestWorker.java:132)
	at sun.reflect.NativeMethodAccessorImpl.invoke0(Native Method)
	at sun.reflect.NativeMethodAccessorImpl.invoke(NativeMethodAccessorImpl.java:62)
	at sun.reflect.DelegatingMethodAccessorImpl.invoke(DelegatingMethodAccessorImpl.java:43)
	at java.lang.reflect.Method.invoke(Method.java:498)
	at org.gradle.internal.dispatch.ReflectionDispatch.dispatch(ReflectionDispatch.java:36)
	at org.gradle.internal.dispatch.ReflectionDispatch.dispatch(ReflectionDispatch.java:24)
	at org.gradle.internal.remote.internal.hub.MessageHubBackedObjectConnection$DispatchWrapper.dispatch(MessageHubBackedObjectConnection.java:182)
	at org.gradle.internal.remote.internal.hub.MessageHubBackedObjectConnection$DispatchWrapper.dispatch(MessageHubBackedObjectConnection.java:164)
	at org.gradle.internal.remote.internal.hub.MessageHub$Handler.run(MessageHub.java:412)
	at org.gradle.internal.concurrent.ExecutorPolicy$CatchAndRecordFailures.onExecute(ExecutorPolicy.java:64)
	at org.gradle.internal.concurrent.ManagedExecutorImpl$1.run(ManagedExecutorImpl.java:48)
	at java.util.concurrent.ThreadPoolExecutor.runWorker(ThreadPoolExecutor.java:1149)
	at java.util.concurrent.ThreadPoolExecutor$Worker.run(ThreadPoolExecutor.java:624)
	at org.gradle.internal.concurrent.ThreadFactoryImpl$ManagedThreadRunnable.run(ThreadFactoryImpl.java:56)
	at java.lang.Thread.run(Thread.java:748)
</failure>
  </testcase>
  <system-out><![CDATA[13:45:04.717 [Test worker] DEBUG o.h.s.internal.StatisticsInitiator - Statistics initialized [enabled=false]
13:45:04.725 [Test worker] DEBUG o.h.e.t.internal.TransactionImpl - On TransactionImpl creation, JpaCompliance#isJpaTransactionComplianceEnabled == false
13:45:04.725 [Test worker] DEBUG o.h.e.t.internal.TransactionImpl - begin
13:45:04.737 [Test worker] DEBUG org.hibernate.orm.query.plan.cache - Creating and caching HqlInterpretation - from ContactData
13:45:04.924 [Test worker] DEBUG o.h.q.h.i.SemanticQueryBuilder - Handling root path - ContactData
13:45:04.931 [Test worker] DEBUG o.h.q.h.i.SemanticQueryBuilder - Encountered implicit select clause : fromContactData
13:45:04.937 [Test worker] DEBUG org.hibernate.orm.query.sqm.ast - SqmStatement Tree :
    -> [select]
      -> [query-spec]
        -> [select]
          -> [selection]
            -> [root] - `pft.adressbook.model.ContactData`
            <- [root] - `pft.adressbook.model.ContactData`
          <- [selection]
        <- [select]
        -> [from]
          -> [root] - `pft.adressbook.model.ContactData`
          <- [root] - `pft.adressbook.model.ContactData`
        <- [from]
      <- [query-spec]
    <- [select]

13:45:04.970 [Test worker] DEBUG org.hibernate.orm.sql.ast.create - Created new SQL alias : c1_0
13:45:04.990 [Test worker] DEBUG org.hibernate.orm.sql.ast.tree - Error processing node {query-spec}
java.lang.NullPointerException: null
	at org.hibernate.sql.ast.SqlTreePrinter.lambda$visitQuerySpec$18(SqlTreePrinter.java:250)
	at org.hibernate.sql.ast.SqlTreePrinter.logNode(SqlTreePrinter.java:189)
	at org.hibernate.sql.ast.SqlTreePrinter.logNode(SqlTreePrinter.java:178)
	at org.hibernate.sql.ast.SqlTreePrinter.visitQuerySpec(SqlTreePrinter.java:234)
	at org.hibernate.sql.ast.SqlTreePrinter.lambda$visitStatement$0(SqlTreePrinter.java:78)
	at org.hibernate.sql.ast.SqlTreePrinter.logNode(SqlTreePrinter.java:189)
	at org.hibernate.sql.ast.SqlTreePrinter.logNode(SqlTreePrinter.java:178)
	at org.hibernate.sql.ast.SqlTreePrinter.visitStatement(SqlTreePrinter.java:76)
	at org.hibernate.sql.ast.SqlTreePrinter.print(SqlTreePrinter.java:63)
	at org.hibernate.sql.ast.spi.StandardSqlAstSelectTranslator.translate(StandardSqlAstSelectTranslator.java:85)
	at org.hibernate.query.sqm.internal.ConcreteSqmSelectQueryPlan.buildCacheableSqmInterpretation(ConcreteSqmSelectQueryPlan.java:230)
	at org.hibernate.query.sqm.internal.ConcreteSqmSelectQueryPlan.resolveCacheableSqmInterpretation(ConcreteSqmSelectQueryPlan.java:191)
	at org.hibernate.query.sqm.internal.ConcreteSqmSelectQueryPlan.performList(ConcreteSqmSelectQueryPlan.java:153)
	at org.hibernate.query.sqm.internal.QuerySqmImpl.doList(QuerySqmImpl.java:413)
	at org.hibernate.query.spi.AbstractQuery.list(AbstractQuery.java:1356)
	at pft.adressbook.appmanager.DbHelper.contacts(DbHelper.java:38)
	at pft.adressbook.tests.ContactCreationTest.testContactCreation(ContactCreationTest.java:60)
	at sun.reflect.NativeMethodAccessorImpl.invoke0(Native Method)
	at sun.reflect.NativeMethodAccessorImpl.invoke(NativeMethodAccessorImpl.java:62)
	at sun.reflect.DelegatingMethodAccessorImpl.invoke(DelegatingMethodAccessorImpl.java:43)
	at java.lang.reflect.Method.invoke(Method.java:498)
	at org.testng.internal.MethodInvocationHelper.invokeMethod(MethodInvocationHelper.java:86)
	at org.testng.internal.Invoker.invokeMethod(Invoker.java:643)
	at org.testng.internal.Invoker.invokeTestMethod(Invoker.java:820)
	at org.testng.internal.Invoker.invokeTestMethods(Invoker.java:1128)
	at org.testng.internal.TestMethodWorker.invokeTestMethods(TestMethodWorker.java:129)
	at org.testng.internal.TestMethodWorker.run(TestMethodWorker.java:112)
	at org.testng.TestRunner.privateRun(TestRunner.java:782)
	at org.testng.TestRunner.run(TestRunner.java:632)
	at org.testng.SuiteRunner.runTest(SuiteRunner.java:366)
	at org.testng.SuiteRunner.runSequentially(SuiteRunner.java:361)
	at org.testng.SuiteRunner.privateRun(SuiteRunner.java:319)
	at org.testng.SuiteRunner.run(SuiteRunner.java:268)
	at org.testng.SuiteRunnerWorker.runSuite(SuiteRunnerWorker.java:52)
	at org.testng.SuiteRunnerWorker.run(SuiteRunnerWorker.java:86)
	at org.testng.TestNG.runSuitesSequentially(TestNG.java:1244)
	at org.testng.TestNG.runSuitesLocally(TestNG.java:1169)
	at org.testng.TestNG.run(TestNG.java:1064)
	at org.gradle.api.internal.tasks.testing.testng.TestNGTestClassProcessor.runTests(TestNGTestClassProcessor.java:141)
	at org.gradle.api.internal.tasks.testing.testng.TestNGTestClassProcessor.stop(TestNGTestClassProcessor.java:90)
	at org.gradle.api.internal.tasks.testing.SuiteTestClassProcessor.stop(SuiteTestClassProcessor.java:61)
	at sun.reflect.NativeMethodAccessorImpl.invoke0(Native Method)
	at sun.reflect.NativeMethodAccessorImpl.invoke(NativeMethodAccessorImpl.java:62)
	at sun.reflect.DelegatingMethodAccessorImpl.invoke(DelegatingMethodAccessorImpl.java:43)
	at java.lang.reflect.Method.invoke(Method.java:498)
	at org.gradle.internal.dispatch.ReflectionDispatch.dispatch(ReflectionDispatch.java:36)
	at org.gradle.internal.dispatch.ReflectionDispatch.dispatch(ReflectionDispatch.java:24)
	at org.gradle.internal.dispatch.ContextClassLoaderDispatch.dispatch(ContextClassLoaderDispatch.java:33)
	at org.gradle.internal.dispatch.ProxyDispatchAdapter$DispatchingInvocationHandler.invoke(ProxyDispatchAdapter.java:94)
	at com.sun.proxy.$Proxy2.stop(Unknown Source)
	at org.gradle.api.internal.tasks.testing.worker.TestWorker.stop(TestWorker.java:132)
	at sun.reflect.NativeMethodAccessorImpl.invoke0(Native Method)
	at sun.reflect.NativeMethodAccessorImpl.invoke(NativeMethodAccessorImpl.java:62)
	at sun.reflect.DelegatingMethodAccessorImpl.invoke(DelegatingMethodAccessorImpl.java:43)
	at java.lang.reflect.Method.invoke(Method.java:498)
	at org.gradle.internal.dispatch.ReflectionDispatch.dispatch(ReflectionDispatch.java:36)
	at org.gradle.internal.dispatch.ReflectionDispatch.dispatch(ReflectionDispatch.java:24)
	at org.gradle.internal.remote.internal.hub.MessageHubBackedObjectConnection$DispatchWrapper.dispatch(MessageHubBackedObjectConnection.java:182)
	at org.gradle.internal.remote.internal.hub.MessageHubBackedObjectConnection$DispatchWrapper.dispatch(MessageHubBackedObjectConnection.java:164)
	at org.gradle.internal.remote.internal.hub.MessageHub$Handler.run(MessageHub.java:412)
	at org.gradle.internal.concurrent.ExecutorPolicy$CatchAndRecordFailures.onExecute(ExecutorPolicy.java:64)
	at org.gradle.internal.concurrent.ManagedExecutorImpl$1.run(ManagedExecutorImpl.java:48)
	at java.util.concurrent.ThreadPoolExecutor.runWorker(ThreadPoolExecutor.java:1149)
	at java.util.concurrent.ThreadPoolExecutor$Worker.run(ThreadPoolExecutor.java:624)
	at org.gradle.internal.concurrent.ThreadFactoryImpl$ManagedThreadRunnable.run(ThreadFactoryImpl.java:56)
	at java.lang.Thread.run(Thread.java:748)
13:45:04.993 [Test worker] DEBUG org.hibernate.orm.sql.ast.tree - SQL AST Tree:
    -> [select-statement]
      -> [query-spec]
        -> [select]
          selection - org.hibernate.sql.results.internal.SqlSelectionImpl@cdf81d2a
          selection - org.hibernate.sql.results.internal.SqlSelectionImpl@539d1d65
          selection - org.hibernate.sql.results.internal.SqlSelectionImpl@a57c792d
          selection - org.hibernate.sql.results.internal.SqlSelectionImpl@11aafe90
          selection - org.hibernate.sql.results.internal.SqlSelectionImpl@17c720b1
          selection - org.hibernate.sql.results.internal.SqlSelectionImpl@b2d36dec
          selection - org.hibernate.sql.results.internal.SqlSelectionImpl@a6157b43
          selection - org.hibernate.sql.results.internal.SqlSelectionImpl@2ea2e04e
          selection - org.hibernate.sql.results.internal.SqlSelectionImpl@2ea9b660
        <- [select]
        -> [from]
          -> [table-group]
            -> [addressbook as c1_0]
          <- [table-group]
        <- [from]
      <- [query-spec]
    <- [select-statement]

13:45:05.003 [Test worker] DEBUG o.h.s.e.i.JdbcSelectExecutorStandardImpl - Skipping reading Query result cache data: cache-enabled = false, cache-mode = NORMAL
13:45:05.021 [Test worker] DEBUG org.hibernate.orm.sql.results - Adding initializer : EntityRootInitializer(pft.adressbook.model.ContactData)
13:45:05.026 [Test worker] DEBUG org.hibernate.SQL - select c1_0.id, c1_0.address, c1_0.email, c1_0.lastname, c1_0.mobile, c1_0.firstname, c1_0.photo, c1_0.home, c1_0.work from addressbook as c1_0
Hibernate: select c1_0.id, c1_0.address, c1_0.email, c1_0.lastname, c1_0.mobile, c1_0.firstname, c1_0.photo, c1_0.home, c1_0.work from addressbook as c1_0
13:45:05.046 [Test worker] DEBUG o.h.s.r.internal.StandardRowReader - ---Processing Row---
13:45:05.052 [Test worker] DEBUG org.hibernate.orm.sql.results - Extracted JDBC value [0] - [174]
13:45:05.053 [Test worker] DEBUG o.h.orm.sql.resultsloading.entity - (o.h.s.r.g.e.i.EntityResultInitializer) Hydrated EntityKey (NavigablePath[pft.adressbook.model.ContactData]): 174
13:45:05.055 [Test worker] DEBUG o.h.orm.sql.resultsloading.entity - Created new entity instance [pft.adressbook.model.ContactData#174] : ContactData{name='null', family='null'}
13:45:05.057 [Test worker] DEBUG org.hibernate.orm.sql.results - Extracted JDBC value [1] - [Екатеринбург]
13:45:05.057 [Test worker] DEBUG org.hibernate.orm.sql.results - Extracted JDBC value [2] - [sokolov85@mail.ru]
13:45:05.057 [Test worker] DEBUG org.hibernate.orm.sql.results - Extracted JDBC value [3] - [Соколов]
13:45:05.057 [Test worker] DEBUG org.hibernate.orm.sql.results - Extracted JDBC value [4] - [222]
13:45:05.057 [Test worker] DEBUG org.hibernate.orm.sql.results - Extracted JDBC value [5] - [Олег]
13:45:05.057 [Test worker] DEBUG org.hibernate.orm.sql.results - Extracted JDBC value [6] - []
13:45:05.057 [Test worker] DEBUG org.hibernate.orm.sql.results - Extracted JDBC value [7] - [4951251]
13:45:05.057 [Test worker] DEBUG org.hibernate.orm.sql.results - Extracted JDBC value [8] - [333]
13:45:05.065 [Test worker] DEBUG o.h.orm.sql.resultsloading.entity - Done materializing entityInstance : pft.adressbook.model.ContactData#174
13:45:05.066 [Test worker] DEBUG o.h.s.r.internal.StandardRowReader - ---Processing Row---
13:45:05.066 [Test worker] DEBUG org.hibernate.orm.sql.results - Extracted JDBC value [0] - [202]
13:45:05.066 [Test worker] DEBUG o.h.orm.sql.resultsloading.entity - (o.h.s.r.g.e.i.EntityResultInitializer) Hydrated EntityKey (NavigablePath[pft.adressbook.model.ContactData]): 202
13:45:05.067 [Test worker] DEBUG o.h.orm.sql.resultsloading.entity - Created new entity instance [pft.adressbook.model.ContactData#202] : ContactData{name='null', family='null'}
13:45:05.067 [Test worker] DEBUG org.hibernate.orm.sql.results - Extracted JDBC value [1] - [Ekaterinburg]
13:45:05.067 [Test worker] DEBUG org.hibernate.orm.sql.results - Extracted JDBC value [2] - [null]
13:45:05.067 [Test worker] DEBUG org.hibernate.orm.sql.results - Extracted JDBC value [3] - [Ivanov]
13:45:05.067 [Test worker] DEBUG org.hibernate.orm.sql.results - Extracted JDBC value [4] - [null]
13:45:05.067 [Test worker] DEBUG org.hibernate.orm.sql.results - Extracted JDBC value [5] - [Ivan]
13:45:05.067 [Test worker] DEBUG org.hibernate.orm.sql.results - Extracted JDBC value [6] - []
13:45:05.067 [Test worker] DEBUG org.hibernate.orm.sql.results - Extracted JDBC value [7] - [null]
13:45:05.067 [Test worker] DEBUG org.hibernate.orm.sql.results - Extracted JDBC value [8] - [null]
13:45:05.067 [Test worker] DEBUG o.h.orm.sql.resultsloading.entity - Done materializing entityInstance : pft.adressbook.model.ContactData#202
13:45:05.068 [Test worker] DEBUG o.h.s.r.internal.StandardRowReader - ---Processing Row---
13:45:05.068 [Test worker] DEBUG org.hibernate.orm.sql.results - Extracted JDBC value [0] - [203]
13:45:05.068 [Test worker] DEBUG o.h.orm.sql.resultsloading.entity - (o.h.s.r.g.e.i.EntityResultInitializer) Hydrated EntityKey (NavigablePath[pft.adressbook.model.ContactData]): 203
13:45:05.068 [Test worker] DEBUG o.h.orm.sql.resultsloading.entity - Created new entity instance [pft.adressbook.model.ContactData#203] : ContactData{name='null', family='null'}
13:45:05.068 [Test worker] DEBUG org.hibernate.orm.sql.results - Extracted JDBC value [1] - [Ekaterinburg]
13:45:05.069 [Test worker] DEBUG org.hibernate.orm.sql.results - Extracted JDBC value [2] - [null]
13:45:05.069 [Test worker] DEBUG org.hibernate.orm.sql.results - Extracted JDBC value [3] - [Petrov]
13:45:05.069 [Test worker] DEBUG org.hibernate.orm.sql.results - Extracted JDBC value [4] - [null]
13:45:05.069 [Test worker] DEBUG org.hibernate.orm.sql.results - Extracted JDBC value [5] - [Petr]
13:45:05.069 [Test worker] DEBUG org.hibernate.orm.sql.results - Extracted JDBC value [6] - []
13:45:05.069 [Test worker] DEBUG org.hibernate.orm.sql.results - Extracted JDBC value [7] - [null]
13:45:05.069 [Test worker] DEBUG org.hibernate.orm.sql.results - Extracted JDBC value [8] - [null]
13:45:05.069 [Test worker] DEBUG o.h.orm.sql.resultsloading.entity - Done materializing entityInstance : pft.adressbook.model.ContactData#203
13:45:05.070 [Test worker] DEBUG o.h.s.r.internal.StandardRowReader - ---Processing Row---
13:45:05.070 [Test worker] DEBUG org.hibernate.orm.sql.results - Extracted JDBC value [0] - [204]
13:45:05.070 [Test worker] DEBUG o.h.orm.sql.resultsloading.entity - (o.h.s.r.g.e.i.EntityResultInitializer) Hydrated EntityKey (NavigablePath[pft.adressbook.model.ContactData]): 204
13:45:05.070 [Test worker] DEBUG o.h.orm.sql.resultsloading.entity - Created new entity instance [pft.adressbook.model.ContactData#204] : ContactData{name='null', family='null'}
13:45:05.070 [Test worker] DEBUG org.hibernate.orm.sql.results - Extracted JDBC value [1] - [Ekaterinburg]
13:45:05.070 [Test worker] DEBUG org.hibernate.orm.sql.results - Extracted JDBC value [2] - [null]
13:45:05.070 [Test worker] DEBUG org.hibernate.orm.sql.results - Extracted JDBC value [3] - [Ivanov]
13:45:05.071 [Test worker] DEBUG org.hibernate.orm.sql.results - Extracted JDBC value [4] - [null]
13:45:05.071 [Test worker] DEBUG org.hibernate.orm.sql.results - Extracted JDBC value [5] - [Ivan]
13:45:05.071 [Test worker] DEBUG org.hibernate.orm.sql.results - Extracted JDBC value [6] - []
13:45:05.071 [Test worker] DEBUG org.hibernate.orm.sql.results - Extracted JDBC value [7] - [null]
13:45:05.071 [Test worker] DEBUG org.hibernate.orm.sql.results - Extracted JDBC value [8] - [null]
13:45:05.071 [Test worker] DEBUG o.h.orm.sql.resultsloading.entity - Done materializing entityInstance : pft.adressbook.model.ContactData#204
13:45:05.072 [Test worker] DEBUG o.h.r.j.i.ResourceRegistryStandardImpl - HHH000387: ResultSet's statement was not registered
13:45:05.072 [Test worker] DEBUG o.h.e.t.internal.TransactionImpl - committing
13:45:05.073 [Test worker] DEBUG o.h.e.i.AbstractFlushingEventListener - Processing flush-time cascades
13:45:05.082 [Test worker] DEBUG o.h.e.i.AbstractFlushingEventListener - Dirty checking collections
13:45:05.088 [Test worker] DEBUG o.h.e.i.AbstractFlushingEventListener - Flushed: 0 insertions, 0 updates, 0 deletions to 4 objects
13:45:05.088 [Test worker] DEBUG o.h.e.i.AbstractFlushingEventListener - Flushed: 0 (re)creations, 0 updates, 0 removals to 0 collections
13:45:05.089 [Test worker] DEBUG o.h.internal.util.EntityPrinter - Listing entities:
13:45:05.090 [Test worker] DEBUG o.h.internal.util.EntityPrinter - pft.adressbook.model.ContactData{address=Екатеринбург, work=333, mobile=222, name=Олег, photo=, telephone=4951251, id=174, family=Соколов, email=sokolov85@mail.ru}
13:45:05.090 [Test worker] DEBUG o.h.internal.util.EntityPrinter - pft.adressbook.model.ContactData{address=Ekaterinburg, work=null, mobile=null, name=Petr, photo=, telephone=null, id=203, family=Petrov, email=null}
13:45:05.091 [Test worker] DEBUG o.h.internal.util.EntityPrinter - pft.adressbook.model.ContactData{address=Ekaterinburg, work=null, mobile=null, name=Ivan, photo=, telephone=null, id=204, family=Ivanov, email=null}
13:45:05.091 [Test worker] DEBUG o.h.internal.util.EntityPrinter - pft.adressbook.model.ContactData{address=Ekaterinburg, work=null, mobile=null, name=Ivan, photo=, telephone=null, id=202, family=Ivanov, email=null}
13:45:05.093 [Test worker] DEBUG o.h.r.j.i.LogicalConnectionManagedImpl - Initiating JDBC connection release from afterTransaction
13:45:05.096 [Test worker] DEBUG o.h.r.j.i.LogicalConnectionManagedImpl - Initiating JDBC connection release from afterTransaction
13:45:12.640 [Test worker] DEBUG o.h.e.t.internal.TransactionImpl - On TransactionImpl creation, JpaCompliance#isJpaTransactionComplianceEnabled == false
13:45:12.641 [Test worker] DEBUG o.h.e.t.internal.TransactionImpl - begin
13:45:12.645 [Test worker] DEBUG o.h.s.e.i.JdbcSelectExecutorStandardImpl - Skipping reading Query result cache data: cache-enabled = false, cache-mode = NORMAL
13:45:12.648 [Test worker] DEBUG org.hibernate.orm.sql.results - Adding initializer : EntityRootInitializer(pft.adressbook.model.ContactData)
13:45:12.648 [Test worker] DEBUG org.hibernate.SQL - select c1_0.id, c1_0.address, c1_0.email, c1_0.lastname, c1_0.mobile, c1_0.firstname, c1_0.photo, c1_0.home, c1_0.work from addressbook as c1_0
Hibernate: select c1_0.id, c1_0.address, c1_0.email, c1_0.lastname, c1_0.mobile, c1_0.firstname, c1_0.photo, c1_0.home, c1_0.work from addressbook as c1_0
13:45:12.650 [Test worker] DEBUG o.h.s.r.internal.StandardRowReader - ---Processing Row---
13:45:12.651 [Test worker] DEBUG org.hibernate.orm.sql.results - Extracted JDBC value [0] - [174]
13:45:12.651 [Test worker] DEBUG o.h.orm.sql.resultsloading.entity - (o.h.s.r.g.e.i.EntityResultInitializer) Hydrated EntityKey (NavigablePath[pft.adressbook.model.ContactData]): 174
13:45:12.651 [Test worker] DEBUG o.h.orm.sql.resultsloading.entity - Created new entity instance [pft.adressbook.model.ContactData#174] : ContactData{name='null', family='null'}
13:45:12.652 [Test worker] DEBUG org.hibernate.orm.sql.results - Extracted JDBC value [1] - [Екатеринбург]
13:45:12.652 [Test worker] DEBUG org.hibernate.orm.sql.results - Extracted JDBC value [2] - [sokolov85@mail.ru]
13:45:12.652 [Test worker] DEBUG org.hibernate.orm.sql.results - Extracted JDBC value [3] - [Соколов]
13:45:12.652 [Test worker] DEBUG org.hibernate.orm.sql.results - Extracted JDBC value [4] - [222]
13:45:12.652 [Test worker] DEBUG org.hibernate.orm.sql.results - Extracted JDBC value [5] - [Олег]
13:45:12.653 [Test worker] DEBUG org.hibernate.orm.sql.results - Extracted JDBC value [6] - []
13:45:12.653 [Test worker] DEBUG org.hibernate.orm.sql.results - Extracted JDBC value [7] - [4951251]
13:45:12.653 [Test worker] DEBUG org.hibernate.orm.sql.results - Extracted JDBC value [8] - [333]
13:45:12.653 [Test worker] DEBUG o.h.orm.sql.resultsloading.entity - Done materializing entityInstance : pft.adressbook.model.ContactData#174
13:45:12.654 [Test worker] DEBUG o.h.s.r.internal.StandardRowReader - ---Processing Row---
13:45:12.654 [Test worker] DEBUG org.hibernate.orm.sql.results - Extracted JDBC value [0] - [202]
13:45:12.655 [Test worker] DEBUG o.h.orm.sql.resultsloading.entity - (o.h.s.r.g.e.i.EntityResultInitializer) Hydrated EntityKey (NavigablePath[pft.adressbook.model.ContactData]): 202
13:45:12.657 [Test worker] DEBUG o.h.orm.sql.resultsloading.entity - Created new entity instance [pft.adressbook.model.ContactData#202] : ContactData{name='null', family='null'}
13:45:12.657 [Test worker] DEBUG org.hibernate.orm.sql.results - Extracted JDBC value [1] - [Ekaterinburg]
13:45:12.658 [Test worker] DEBUG org.hibernate.orm.sql.results - Extracted JDBC value [2] - [null]
13:45:12.658 [Test worker] DEBUG org.hibernate.orm.sql.results - Extracted JDBC value [3] - [Ivanov]
13:45:12.658 [Test worker] DEBUG org.hibernate.orm.sql.results - Extracted JDBC value [4] - [null]
13:45:12.659 [Test worker] DEBUG org.hibernate.orm.sql.results - Extracted JDBC value [5] - [Ivan]
13:45:12.659 [Test worker] DEBUG org.hibernate.orm.sql.results - Extracted JDBC value [6] - []
13:45:12.659 [Test worker] DEBUG org.hibernate.orm.sql.results - Extracted JDBC value [7] - [null]
13:45:12.659 [Test worker] DEBUG org.hibernate.orm.sql.results - Extracted JDBC value [8] - [null]
13:45:12.659 [Test worker] DEBUG o.h.orm.sql.resultsloading.entity - Done materializing entityInstance : pft.adressbook.model.ContactData#202
13:45:12.660 [Test worker] DEBUG o.h.s.r.internal.StandardRowReader - ---Processing Row---
13:45:12.661 [Test worker] DEBUG org.hibernate.orm.sql.results - Extracted JDBC value [0] - [203]
13:45:12.662 [Test worker] DEBUG o.h.orm.sql.resultsloading.entity - (o.h.s.r.g.e.i.EntityResultInitializer) Hydrated EntityKey (NavigablePath[pft.adressbook.model.ContactData]): 203
13:45:12.662 [Test worker] DEBUG o.h.orm.sql.resultsloading.entity - Created new entity instance [pft.adressbook.model.ContactData#203] : ContactData{name='null', family='null'}
13:45:12.662 [Test worker] DEBUG org.hibernate.orm.sql.results - Extracted JDBC value [1] - [Ekaterinburg]
13:45:12.662 [Test worker] DEBUG org.hibernate.orm.sql.results - Extracted JDBC value [2] - [null]
13:45:12.662 [Test worker] DEBUG org.hibernate.orm.sql.results - Extracted JDBC value [3] - [Petrov]
13:45:12.663 [Test worker] DEBUG org.hibernate.orm.sql.results - Extracted JDBC value [4] - [null]
13:45:12.663 [Test worker] DEBUG org.hibernate.orm.sql.results - Extracted JDBC value [5] - [Petr]
13:45:12.663 [Test worker] DEBUG org.hibernate.orm.sql.results - Extracted JDBC value [6] - []
13:45:12.664 [Test worker] DEBUG org.hibernate.orm.sql.results - Extracted JDBC value [7] - [null]
13:45:12.664 [Test worker] DEBUG org.hibernate.orm.sql.results - Extracted JDBC value [8] - [null]
13:45:12.664 [Test worker] DEBUG o.h.orm.sql.resultsloading.entity - Done materializing entityInstance : pft.adressbook.model.ContactData#203
13:45:12.664 [Test worker] DEBUG o.h.s.r.internal.StandardRowReader - ---Processing Row---
13:45:12.664 [Test worker] DEBUG org.hibernate.orm.sql.results - Extracted JDBC value [0] - [204]
13:45:12.664 [Test worker] DEBUG o.h.orm.sql.resultsloading.entity - (o.h.s.r.g.e.i.EntityResultInitializer) Hydrated EntityKey (NavigablePath[pft.adressbook.model.ContactData]): 204
13:45:12.664 [Test worker] DEBUG o.h.orm.sql.resultsloading.entity - Created new entity instance [pft.adressbook.model.ContactData#204] : ContactData{name='null', family='null'}
13:45:12.664 [Test worker] DEBUG org.hibernate.orm.sql.results - Extracted JDBC value [1] - [Ekaterinburg]
13:45:12.665 [Test worker] DEBUG org.hibernate.orm.sql.results - Extracted JDBC value [2] - [null]
13:45:12.665 [Test worker] DEBUG org.hibernate.orm.sql.results - Extracted JDBC value [3] - [Ivanov]
13:45:12.665 [Test worker] DEBUG org.hibernate.orm.sql.results - Extracted JDBC value [4] - [null]
13:45:12.665 [Test worker] DEBUG org.hibernate.orm.sql.results - Extracted JDBC value [5] - [Ivan]
13:45:12.665 [Test worker] DEBUG org.hibernate.orm.sql.results - Extracted JDBC value [6] - []
13:45:12.665 [Test worker] DEBUG org.hibernate.orm.sql.results - Extracted JDBC value [7] - [null]
13:45:12.665 [Test worker] DEBUG org.hibernate.orm.sql.results - Extracted JDBC value [8] - [null]
13:45:12.665 [Test worker] DEBUG o.h.orm.sql.resultsloading.entity - Done materializing entityInstance : pft.adressbook.model.ContactData#204
13:45:12.665 [Test worker] DEBUG o.h.s.r.internal.StandardRowReader - ---Processing Row---
13:45:12.666 [Test worker] DEBUG org.hibernate.orm.sql.results - Extracted JDBC value [0] - [206]
13:45:12.666 [Test worker] DEBUG o.h.orm.sql.resultsloading.entity - (o.h.s.r.g.e.i.EntityResultInitializer) Hydrated EntityKey (NavigablePath[pft.adressbook.model.ContactData]): 206
13:45:12.666 [Test worker] DEBUG o.h.orm.sql.resultsloading.entity - Created new entity instance [pft.adressbook.model.ContactData#206] : ContactData{name='null', family='null'}
13:45:12.666 [Test worker] DEBUG org.hibernate.orm.sql.results - Extracted JDBC value [1] - [Ekaterinburg]
13:45:12.666 [Test worker] DEBUG org.hibernate.orm.sql.results - Extracted JDBC value [2] - [null]
13:45:12.666 [Test worker] DEBUG org.hibernate.orm.sql.results - Extracted JDBC value [3] - [Ivanov]
13:45:12.666 [Test worker] DEBUG org.hibernate.orm.sql.results - Extracted JDBC value [4] - [null]
13:45:12.666 [Test worker] DEBUG org.hibernate.orm.sql.results - Extracted JDBC value [5] - [Ivan]
13:45:12.666 [Test worker] DEBUG org.hibernate.orm.sql.results - Extracted JDBC value [6] - []
13:45:12.666 [Test worker] DEBUG org.hibernate.orm.sql.results - Extracted JDBC value [7] - [null]
13:45:12.668 [Test worker] DEBUG org.hibernate.orm.sql.results - Extracted JDBC value [8] - [null]
13:45:12.668 [Test worker] DEBUG o.h.orm.sql.resultsloading.entity - Done materializing entityInstance : pft.adressbook.model.ContactData#206
13:45:12.668 [Test worker] DEBUG o.h.r.j.i.ResourceRegistryStandardImpl - HHH000387: ResultSet's statement was not registered
13:45:12.671 [Test worker] DEBUG o.h.e.t.internal.TransactionImpl - committing
13:45:12.672 [Test worker] DEBUG o.h.e.i.AbstractFlushingEventListener - Processing flush-time cascades
13:45:12.673 [Test worker] DEBUG o.h.e.i.AbstractFlushingEventListener - Dirty checking collections
13:45:12.674 [Test worker] DEBUG o.h.e.i.AbstractFlushingEventListener - Flushed: 0 insertions, 0 updates, 0 deletions to 5 objects
13:45:12.675 [Test worker] DEBUG o.h.e.i.AbstractFlushingEventListener - Flushed: 0 (re)creations, 0 updates, 0 removals to 0 collections
13:45:12.675 [Test worker] DEBUG o.h.internal.util.EntityPrinter - Listing entities:
13:45:12.676 [Test worker] DEBUG o.h.internal.util.EntityPrinter - pft.adressbook.model.ContactData{address=Екатеринбург, work=333, mobile=222, name=Олег, photo=, telephone=4951251, id=174, family=Соколов, email=sokolov85@mail.ru}
13:45:12.676 [Test worker] DEBUG o.h.internal.util.EntityPrinter - pft.adressbook.model.ContactData{address=Ekaterinburg, work=null, mobile=null, name=Ivan, photo=, telephone=null, id=206, family=Ivanov, email=null}
13:45:12.676 [Test worker] DEBUG o.h.internal.util.EntityPrinter - pft.adressbook.model.ContactData{address=Ekaterinburg, work=null, mobile=null, name=Petr, photo=, telephone=null, id=203, family=Petrov, email=null}
13:45:12.676 [Test worker] DEBUG o.h.internal.util.EntityPrinter - pft.adressbook.model.ContactData{address=Ekaterinburg, work=null, mobile=null, name=Ivan, photo=, telephone=null, id=204, family=Ivanov, email=null}
13:45:12.676 [Test worker] DEBUG o.h.internal.util.EntityPrinter - pft.adressbook.model.ContactData{address=Ekaterinburg, work=null, mobile=null, name=Ivan, photo=, telephone=null, id=202, family=Ivanov, email=null}
13:45:12.677 [Test worker] DEBUG o.h.r.j.i.LogicalConnectionManagedImpl - Initiating JDBC connection release from afterTransaction
13:45:12.678 [Test worker] DEBUG o.h.r.j.i.LogicalConnectionManagedImpl - Initiating JDBC connection release from afterTransaction
13:45:12.690 [Test worker] DEBUG o.h.e.t.internal.TransactionImpl - On TransactionImpl creation, JpaCompliance#isJpaTransactionComplianceEnabled == false
13:45:12.690 [Test worker] DEBUG o.h.e.t.internal.TransactionImpl - begin
13:45:12.691 [Test worker] DEBUG o.h.s.e.i.JdbcSelectExecutorStandardImpl - Skipping reading Query result cache data: cache-enabled = false, cache-mode = NORMAL
13:45:12.691 [Test worker] DEBUG org.hibernate.orm.sql.results - Adding initializer : EntityRootInitializer(pft.adressbook.model.ContactData)
13:45:12.691 [Test worker] DEBUG org.hibernate.SQL - select c1_0.id, c1_0.address, c1_0.email, c1_0.lastname, c1_0.mobile, c1_0.firstname, c1_0.photo, c1_0.home, c1_0.work from addressbook as c1_0
Hibernate: select c1_0.id, c1_0.address, c1_0.email, c1_0.lastname, c1_0.mobile, c1_0.firstname, c1_0.photo, c1_0.home, c1_0.work from addressbook as c1_0
13:45:12.693 [Test worker] DEBUG o.h.s.r.internal.StandardRowReader - ---Processing Row---
13:45:12.693 [Test worker] DEBUG org.hibernate.orm.sql.results - Extracted JDBC value [0] - [174]
13:45:12.693 [Test worker] DEBUG o.h.orm.sql.resultsloading.entity - (o.h.s.r.g.e.i.EntityResultInitializer) Hydrated EntityKey (NavigablePath[pft.adressbook.model.ContactData]): 174
13:45:12.693 [Test worker] DEBUG o.h.orm.sql.resultsloading.entity - Created new entity instance [pft.adressbook.model.ContactData#174] : ContactData{name='null', family='null'}
13:45:12.693 [Test worker] DEBUG org.hibernate.orm.sql.results - Extracted JDBC value [1] - [Екатеринбург]
13:45:12.693 [Test worker] DEBUG org.hibernate.orm.sql.results - Extracted JDBC value [2] - [sokolov85@mail.ru]
13:45:12.693 [Test worker] DEBUG org.hibernate.orm.sql.results - Extracted JDBC value [3] - [Соколов]
13:45:12.693 [Test worker] DEBUG org.hibernate.orm.sql.results - Extracted JDBC value [4] - [222]
13:45:12.693 [Test worker] DEBUG org.hibernate.orm.sql.results - Extracted JDBC value [5] - [Олег]
13:45:12.693 [Test worker] DEBUG org.hibernate.orm.sql.results - Extracted JDBC value [6] - []
13:45:12.693 [Test worker] DEBUG org.hibernate.orm.sql.results - Extracted JDBC value [7] - [4951251]
13:45:12.693 [Test worker] DEBUG org.hibernate.orm.sql.results - Extracted JDBC value [8] - [333]
13:45:12.694 [Test worker] DEBUG o.h.orm.sql.resultsloading.entity - Done materializing entityInstance : pft.adressbook.model.ContactData#174
13:45:12.694 [Test worker] DEBUG o.h.s.r.internal.StandardRowReader - ---Processing Row---
13:45:12.694 [Test worker] DEBUG org.hibernate.orm.sql.results - Extracted JDBC value [0] - [202]
13:45:12.694 [Test worker] DEBUG o.h.orm.sql.resultsloading.entity - (o.h.s.r.g.e.i.EntityResultInitializer) Hydrated EntityKey (NavigablePath[pft.adressbook.model.ContactData]): 202
13:45:12.694 [Test worker] DEBUG o.h.orm.sql.resultsloading.entity - Created new entity instance [pft.adressbook.model.ContactData#202] : ContactData{name='null', family='null'}
13:45:12.694 [Test worker] DEBUG org.hibernate.orm.sql.results - Extracted JDBC value [1] - [Ekaterinburg]
13:45:12.694 [Test worker] DEBUG org.hibernate.orm.sql.results - Extracted JDBC value [2] - [null]
13:45:12.694 [Test worker] DEBUG org.hibernate.orm.sql.results - Extracted JDBC value [3] - [Ivanov]
13:45:12.694 [Test worker] DEBUG org.hibernate.orm.sql.results - Extracted JDBC value [4] - [null]
13:45:12.694 [Test worker] DEBUG org.hibernate.orm.sql.results - Extracted JDBC value [5] - [Ivan]
13:45:12.694 [Test worker] DEBUG org.hibernate.orm.sql.results - Extracted JDBC value [6] - []
13:45:12.694 [Test worker] DEBUG org.hibernate.orm.sql.results - Extracted JDBC value [7] - [null]
13:45:12.694 [Test worker] DEBUG org.hibernate.orm.sql.results - Extracted JDBC value [8] - [null]
13:45:12.694 [Test worker] DEBUG o.h.orm.sql.resultsloading.entity - Done materializing entityInstance : pft.adressbook.model.ContactData#202
13:45:12.695 [Test worker] DEBUG o.h.s.r.internal.StandardRowReader - ---Processing Row---
13:45:12.695 [Test worker] DEBUG org.hibernate.orm.sql.results - Extracted JDBC value [0] - [203]
13:45:12.695 [Test worker] DEBUG o.h.orm.sql.resultsloading.entity - (o.h.s.r.g.e.i.EntityResultInitializer) Hydrated EntityKey (NavigablePath[pft.adressbook.model.ContactData]): 203
13:45:12.695 [Test worker] DEBUG o.h.orm.sql.resultsloading.entity - Created new entity instance [pft.adressbook.model.ContactData#203] : ContactData{name='null', family='null'}
13:45:12.695 [Test worker] DEBUG org.hibernate.orm.sql.results - Extracted JDBC value [1] - [Ekaterinburg]
13:45:12.695 [Test worker] DEBUG org.hibernate.orm.sql.results - Extracted JDBC value [2] - [null]
13:45:12.695 [Test worker] DEBUG org.hibernate.orm.sql.results - Extracted JDBC value [3] - [Petrov]
13:45:12.695 [Test worker] DEBUG org.hibernate.orm.sql.results - Extracted JDBC value [4] - [null]
13:45:12.695 [Test worker] DEBUG org.hibernate.orm.sql.results - Extracted JDBC value [5] - [Petr]
13:45:12.695 [Test worker] DEBUG org.hibernate.orm.sql.results - Extracted JDBC value [6] - []
13:45:12.695 [Test worker] DEBUG org.hibernate.orm.sql.results - Extracted JDBC value [7] - [null]
13:45:12.695 [Test worker] DEBUG org.hibernate.orm.sql.results - Extracted JDBC value [8] - [null]
13:45:12.695 [Test worker] DEBUG o.h.orm.sql.resultsloading.entity - Done materializing entityInstance : pft.adressbook.model.ContactData#203
13:45:12.695 [Test worker] DEBUG o.h.s.r.internal.StandardRowReader - ---Processing Row---
13:45:12.696 [Test worker] DEBUG org.hibernate.orm.sql.results - Extracted JDBC value [0] - [204]
13:45:12.696 [Test worker] DEBUG o.h.orm.sql.resultsloading.entity - (o.h.s.r.g.e.i.EntityResultInitializer) Hydrated EntityKey (NavigablePath[pft.adressbook.model.ContactData]): 204
13:45:12.696 [Test worker] DEBUG o.h.orm.sql.resultsloading.entity - Created new entity instance [pft.adressbook.model.ContactData#204] : ContactData{name='null', family='null'}
13:45:12.696 [Test worker] DEBUG org.hibernate.orm.sql.results - Extracted JDBC value [1] - [Ekaterinburg]
13:45:12.696 [Test worker] DEBUG org.hibernate.orm.sql.results - Extracted JDBC value [2] - [null]
13:45:12.696 [Test worker] DEBUG org.hibernate.orm.sql.results - Extracted JDBC value [3] - [Ivanov]
13:45:12.697 [Test worker] DEBUG org.hibernate.orm.sql.results - Extracted JDBC value [4] - [null]
13:45:12.697 [Test worker] DEBUG org.hibernate.orm.sql.results - Extracted JDBC value [5] - [Ivan]
13:45:12.697 [Test worker] DEBUG org.hibernate.orm.sql.results - Extracted JDBC value [6] - []
13:45:12.698 [Test worker] DEBUG org.hibernate.orm.sql.results - Extracted JDBC value [7] - [null]
13:45:12.698 [Test worker] DEBUG org.hibernate.orm.sql.results - Extracted JDBC value [8] - [null]
13:45:12.698 [Test worker] DEBUG o.h.orm.sql.resultsloading.entity - Done materializing entityInstance : pft.adressbook.model.ContactData#204
13:45:12.698 [Test worker] DEBUG o.h.s.r.internal.StandardRowReader - ---Processing Row---
13:45:12.698 [Test worker] DEBUG org.hibernate.orm.sql.results - Extracted JDBC value [0] - [206]
13:45:12.698 [Test worker] DEBUG o.h.orm.sql.resultsloading.entity - (o.h.s.r.g.e.i.EntityResultInitializer) Hydrated EntityKey (NavigablePath[pft.adressbook.model.ContactData]): 206
13:45:12.698 [Test worker] DEBUG o.h.orm.sql.resultsloading.entity - Created new entity instance [pft.adressbook.model.ContactData#206] : ContactData{name='null', family='null'}
13:45:12.698 [Test worker] DEBUG org.hibernate.orm.sql.results - Extracted JDBC value [1] - [Ekaterinburg]
13:45:12.698 [Test worker] DEBUG org.hibernate.orm.sql.results - Extracted JDBC value [2] - [null]
13:45:12.698 [Test worker] DEBUG org.hibernate.orm.sql.results - Extracted JDBC value [3] - [Ivanov]
13:45:12.698 [Test worker] DEBUG org.hibernate.orm.sql.results - Extracted JDBC value [4] - [null]
13:45:12.698 [Test worker] DEBUG org.hibernate.orm.sql.results - Extracted JDBC value [5] - [Ivan]
13:45:12.698 [Test worker] DEBUG org.hibernate.orm.sql.results - Extracted JDBC value [6] - []
13:45:12.698 [Test worker] DEBUG org.hibernate.orm.sql.results - Extracted JDBC value [7] - [null]
13:45:12.698 [Test worker] DEBUG org.hibernate.orm.sql.results - Extracted JDBC value [8] - [null]
13:45:12.699 [Test worker] DEBUG o.h.orm.sql.resultsloading.entity - Done materializing entityInstance : pft.adressbook.model.ContactData#206
13:45:12.699 [Test worker] DEBUG o.h.r.j.i.ResourceRegistryStandardImpl - HHH000387: ResultSet's statement was not registered
13:45:12.699 [Test worker] DEBUG o.h.e.t.internal.TransactionImpl - committing
13:45:12.699 [Test worker] DEBUG o.h.e.i.AbstractFlushingEventListener - Processing flush-time cascades
13:45:12.699 [Test worker] DEBUG o.h.e.i.AbstractFlushingEventListener - Dirty checking collections
13:45:12.700 [Test worker] DEBUG o.h.e.i.AbstractFlushingEventListener - Flushed: 0 insertions, 0 updates, 0 deletions to 5 objects
13:45:12.700 [Test worker] DEBUG o.h.e.i.AbstractFlushingEventListener - Flushed: 0 (re)creations, 0 updates, 0 removals to 0 collections
13:45:12.700 [Test worker] DEBUG o.h.internal.util.EntityPrinter - Listing entities:
13:45:12.700 [Test worker] DEBUG o.h.internal.util.EntityPrinter - pft.adressbook.model.ContactData{address=Екатеринбург, work=333, mobile=222, name=Олег, photo=, telephone=4951251, id=174, family=Соколов, email=sokolov85@mail.ru}
13:45:12.700 [Test worker] DEBUG o.h.internal.util.EntityPrinter - pft.adressbook.model.ContactData{address=Ekaterinburg, work=null, mobile=null, name=Ivan, photo=, telephone=null, id=206, family=Ivanov, email=null}
13:45:12.700 [Test worker] DEBUG o.h.internal.util.EntityPrinter - pft.adressbook.model.ContactData{address=Ekaterinburg, work=null, mobile=null, name=Petr, photo=, telephone=null, id=203, family=Petrov, email=null}
13:45:12.700 [Test worker] DEBUG o.h.internal.util.EntityPrinter - pft.adressbook.model.ContactData{address=Ekaterinburg, work=null, mobile=null, name=Ivan, photo=, telephone=null, id=204, family=Ivanov, email=null}
13:45:12.700 [Test worker] DEBUG o.h.internal.util.EntityPrinter - pft.adressbook.model.ContactData{address=Ekaterinburg, work=null, mobile=null, name=Ivan, photo=, telephone=null, id=202, family=Ivanov, email=null}
13:45:12.701 [Test worker] DEBUG o.h.r.j.i.LogicalConnectionManagedImpl - Initiating JDBC connection release from afterTransaction
13:45:12.703 [Test worker] DEBUG o.h.r.j.i.LogicalConnectionManagedImpl - Initiating JDBC connection release from afterTransaction
13:45:20.236 [Test worker] DEBUG o.h.e.t.internal.TransactionImpl - On TransactionImpl creation, JpaCompliance#isJpaTransactionComplianceEnabled == false
13:45:20.236 [Test worker] DEBUG o.h.e.t.internal.TransactionImpl - begin
13:45:20.246 [Test worker] DEBUG o.h.s.e.i.JdbcSelectExecutorStandardImpl - Skipping reading Query result cache data: cache-enabled = false, cache-mode = NORMAL
13:45:20.248 [Test worker] DEBUG org.hibernate.orm.sql.results - Adding initializer : EntityRootInitializer(pft.adressbook.model.ContactData)
13:45:20.249 [Test worker] DEBUG org.hibernate.SQL - select c1_0.id, c1_0.address, c1_0.email, c1_0.lastname, c1_0.mobile, c1_0.firstname, c1_0.photo, c1_0.home, c1_0.work from addressbook as c1_0
Hibernate: select c1_0.id, c1_0.address, c1_0.email, c1_0.lastname, c1_0.mobile, c1_0.firstname, c1_0.photo, c1_0.home, c1_0.work from addressbook as c1_0
13:45:20.253 [Test worker] DEBUG o.h.s.r.internal.StandardRowReader - ---Processing Row---
13:45:20.253 [Test worker] DEBUG org.hibernate.orm.sql.results - Extracted JDBC value [0] - [174]
13:45:20.253 [Test worker] DEBUG o.h.orm.sql.resultsloading.entity - (o.h.s.r.g.e.i.EntityResultInitializer) Hydrated EntityKey (NavigablePath[pft.adressbook.model.ContactData]): 174
13:45:20.253 [Test worker] DEBUG o.h.orm.sql.resultsloading.entity - Created new entity instance [pft.adressbook.model.ContactData#174] : ContactData{name='null', family='null'}
13:45:20.253 [Test worker] DEBUG org.hibernate.orm.sql.results - Extracted JDBC value [1] - [Екатеринбург]
13:45:20.253 [Test worker] DEBUG org.hibernate.orm.sql.results - Extracted JDBC value [2] - [sokolov85@mail.ru]
13:45:20.253 [Test worker] DEBUG org.hibernate.orm.sql.results - Extracted JDBC value [3] - [Соколов]
13:45:20.254 [Test worker] DEBUG org.hibernate.orm.sql.results - Extracted JDBC value [4] - [222]
13:45:20.254 [Test worker] DEBUG org.hibernate.orm.sql.results - Extracted JDBC value [5] - [Олег]
13:45:20.254 [Test worker] DEBUG org.hibernate.orm.sql.results - Extracted JDBC value [6] - []
13:45:20.254 [Test worker] DEBUG org.hibernate.orm.sql.results - Extracted JDBC value [7] - [4951251]
13:45:20.254 [Test worker] DEBUG org.hibernate.orm.sql.results - Extracted JDBC value [8] - [333]
13:45:20.254 [Test worker] DEBUG o.h.orm.sql.resultsloading.entity - Done materializing entityInstance : pft.adressbook.model.ContactData#174
13:45:20.254 [Test worker] DEBUG o.h.s.r.internal.StandardRowReader - ---Processing Row---
13:45:20.255 [Test worker] DEBUG org.hibernate.orm.sql.results - Extracted JDBC value [0] - [202]
13:45:20.255 [Test worker] DEBUG o.h.orm.sql.resultsloading.entity - (o.h.s.r.g.e.i.EntityResultInitializer) Hydrated EntityKey (NavigablePath[pft.adressbook.model.ContactData]): 202
13:45:20.255 [Test worker] DEBUG o.h.orm.sql.resultsloading.entity - Created new entity instance [pft.adressbook.model.ContactData#202] : ContactData{name='null', family='null'}
13:45:20.255 [Test worker] DEBUG org.hibernate.orm.sql.results - Extracted JDBC value [1] - [Ekaterinburg]
13:45:20.255 [Test worker] DEBUG org.hibernate.orm.sql.results - Extracted JDBC value [2] - [null]
13:45:20.255 [Test worker] DEBUG org.hibernate.orm.sql.results - Extracted JDBC value [3] - [Ivanov]
13:45:20.255 [Test worker] DEBUG org.hibernate.orm.sql.results - Extracted JDBC value [4] - [null]
13:45:20.256 [Test worker] DEBUG org.hibernate.orm.sql.results - Extracted JDBC value [5] - [Ivan]
13:45:20.256 [Test worker] DEBUG org.hibernate.orm.sql.results - Extracted JDBC value [6] - []
13:45:20.256 [Test worker] DEBUG org.hibernate.orm.sql.results - Extracted JDBC value [7] - [null]
13:45:20.256 [Test worker] DEBUG org.hibernate.orm.sql.results - Extracted JDBC value [8] - [null]
13:45:20.256 [Test worker] DEBUG o.h.orm.sql.resultsloading.entity - Done materializing entityInstance : pft.adressbook.model.ContactData#202
13:45:20.257 [Test worker] DEBUG o.h.s.r.internal.StandardRowReader - ---Processing Row---
13:45:20.257 [Test worker] DEBUG org.hibernate.orm.sql.results - Extracted JDBC value [0] - [203]
13:45:20.257 [Test worker] DEBUG o.h.orm.sql.resultsloading.entity - (o.h.s.r.g.e.i.EntityResultInitializer) Hydrated EntityKey (NavigablePath[pft.adressbook.model.ContactData]): 203
13:45:20.257 [Test worker] DEBUG o.h.orm.sql.resultsloading.entity - Created new entity instance [pft.adressbook.model.ContactData#203] : ContactData{name='null', family='null'}
13:45:20.257 [Test worker] DEBUG org.hibernate.orm.sql.results - Extracted JDBC value [1] - [Ekaterinburg]
13:45:20.258 [Test worker] DEBUG org.hibernate.orm.sql.results - Extracted JDBC value [2] - [null]
13:45:20.260 [Test worker] DEBUG org.hibernate.orm.sql.results - Extracted JDBC value [3] - [Petrov]
13:45:20.261 [Test worker] DEBUG org.hibernate.orm.sql.results - Extracted JDBC value [4] - [null]
13:45:20.261 [Test worker] DEBUG org.hibernate.orm.sql.results - Extracted JDBC value [5] - [Petr]
13:45:20.261 [Test worker] DEBUG org.hibernate.orm.sql.results - Extracted JDBC value [6] - []
13:45:20.261 [Test worker] DEBUG org.hibernate.orm.sql.results - Extracted JDBC value [7] - [null]
13:45:20.261 [Test worker] DEBUG org.hibernate.orm.sql.results - Extracted JDBC value [8] - [null]
13:45:20.263 [Test worker] DEBUG o.h.orm.sql.resultsloading.entity - Done materializing entityInstance : pft.adressbook.model.ContactData#203
13:45:20.263 [Test worker] DEBUG o.h.s.r.internal.StandardRowReader - ---Processing Row---
13:45:20.263 [Test worker] DEBUG org.hibernate.orm.sql.results - Extracted JDBC value [0] - [204]
13:45:20.264 [Test worker] DEBUG o.h.orm.sql.resultsloading.entity - (o.h.s.r.g.e.i.EntityResultInitializer) Hydrated EntityKey (NavigablePath[pft.adressbook.model.ContactData]): 204
13:45:20.265 [Test worker] DEBUG o.h.orm.sql.resultsloading.entity - Created new entity instance [pft.adressbook.model.ContactData#204] : ContactData{name='null', family='null'}
13:45:20.266 [Test worker] DEBUG org.hibernate.orm.sql.results - Extracted JDBC value [1] - [Ekaterinburg]
13:45:20.266 [Test worker] DEBUG org.hibernate.orm.sql.results - Extracted JDBC value [2] - [null]
13:45:20.266 [Test worker] DEBUG org.hibernate.orm.sql.results - Extracted JDBC value [3] - [Ivanov]
13:45:20.266 [Test worker] DEBUG org.hibernate.orm.sql.results - Extracted JDBC value [4] - [null]
13:45:20.266 [Test worker] DEBUG org.hibernate.orm.sql.results - Extracted JDBC value [5] - [Ivan]
13:45:20.266 [Test worker] DEBUG org.hibernate.orm.sql.results - Extracted JDBC value [6] - []
13:45:20.266 [Test worker] DEBUG org.hibernate.orm.sql.results - Extracted JDBC value [7] - [null]
13:45:20.266 [Test worker] DEBUG org.hibernate.orm.sql.results - Extracted JDBC value [8] - [null]
13:45:20.267 [Test worker] DEBUG o.h.orm.sql.resultsloading.entity - Done materializing entityInstance : pft.adressbook.model.ContactData#204
13:45:20.268 [Test worker] DEBUG o.h.s.r.internal.StandardRowReader - ---Processing Row---
13:45:20.268 [Test worker] DEBUG org.hibernate.orm.sql.results - Extracted JDBC value [0] - [206]
13:45:20.268 [Test worker] DEBUG o.h.orm.sql.resultsloading.entity - (o.h.s.r.g.e.i.EntityResultInitializer) Hydrated EntityKey (NavigablePath[pft.adressbook.model.ContactData]): 206
13:45:20.269 [Test worker] DEBUG o.h.orm.sql.resultsloading.entity - Created new entity instance [pft.adressbook.model.ContactData#206] : ContactData{name='null', family='null'}
13:45:20.269 [Test worker] DEBUG org.hibernate.orm.sql.results - Extracted JDBC value [1] - [Ekaterinburg]
13:45:20.269 [Test worker] DEBUG org.hibernate.orm.sql.results - Extracted JDBC value [2] - [null]
13:45:20.269 [Test worker] DEBUG org.hibernate.orm.sql.results - Extracted JDBC value [3] - [Ivanov]
13:45:20.269 [Test worker] DEBUG org.hibernate.orm.sql.results - Extracted JDBC value [4] - [null]
13:45:20.269 [Test worker] DEBUG org.hibernate.orm.sql.results - Extracted JDBC value [5] - [Ivan]
13:45:20.270 [Test worker] DEBUG org.hibernate.orm.sql.results - Extracted JDBC value [6] - []
13:45:20.270 [Test worker] DEBUG org.hibernate.orm.sql.results - Extracted JDBC value [7] - [null]
13:45:20.270 [Test worker] DEBUG org.hibernate.orm.sql.results - Extracted JDBC value [8] - [null]
13:45:20.270 [Test worker] DEBUG o.h.orm.sql.resultsloading.entity - Done materializing entityInstance : pft.adressbook.model.ContactData#206
13:45:20.270 [Test worker] DEBUG o.h.s.r.internal.StandardRowReader - ---Processing Row---
13:45:20.270 [Test worker] DEBUG org.hibernate.orm.sql.results - Extracted JDBC value [0] - [207]
13:45:20.270 [Test worker] DEBUG o.h.orm.sql.resultsloading.entity - (o.h.s.r.g.e.i.EntityResultInitializer) Hydrated EntityKey (NavigablePath[pft.adressbook.model.ContactData]): 207
13:45:20.270 [Test worker] DEBUG o.h.orm.sql.resultsloading.entity - Created new entity instance [pft.adressbook.model.ContactData#207] : ContactData{name='null', family='null'}
13:45:20.271 [Test worker] DEBUG org.hibernate.orm.sql.results - Extracted JDBC value [1] - [Ekaterinburg]
13:45:20.271 [Test worker] DEBUG org.hibernate.orm.sql.results - Extracted JDBC value [2] - [null]
13:45:20.271 [Test worker] DEBUG org.hibernate.orm.sql.results - Extracted JDBC value [3] - [Petrov]
13:45:20.271 [Test worker] DEBUG org.hibernate.orm.sql.results - Extracted JDBC value [4] - [null]
13:45:20.271 [Test worker] DEBUG org.hibernate.orm.sql.results - Extracted JDBC value [5] - [Petr]
13:45:20.271 [Test worker] DEBUG org.hibernate.orm.sql.results - Extracted JDBC value [6] - []
13:45:20.271 [Test worker] DEBUG org.hibernate.orm.sql.results - Extracted JDBC value [7] - [null]
13:45:20.271 [Test worker] DEBUG org.hibernate.orm.sql.results - Extracted JDBC value [8] - [null]
13:45:20.271 [Test worker] DEBUG o.h.orm.sql.resultsloading.entity - Done materializing entityInstance : pft.adressbook.model.ContactData#207
13:45:20.274 [Test worker] DEBUG o.h.r.j.i.ResourceRegistryStandardImpl - HHH000387: ResultSet's statement was not registered
13:45:20.275 [Test worker] DEBUG o.h.e.t.internal.TransactionImpl - committing
13:45:20.275 [Test worker] DEBUG o.h.e.i.AbstractFlushingEventListener - Processing flush-time cascades
13:45:20.276 [Test worker] DEBUG o.h.e.i.AbstractFlushingEventListener - Dirty checking collections
13:45:20.279 [Test worker] DEBUG o.h.e.i.AbstractFlushingEventListener - Flushed: 0 insertions, 0 updates, 0 deletions to 6 objects
13:45:20.280 [Test worker] DEBUG o.h.e.i.AbstractFlushingEventListener - Flushed: 0 (re)creations, 0 updates, 0 removals to 0 collections
13:45:20.281 [Test worker] DEBUG o.h.internal.util.EntityPrinter - Listing entities:
13:45:20.281 [Test worker] DEBUG o.h.internal.util.EntityPrinter - pft.adressbook.model.ContactData{address=Ekaterinburg, work=null, mobile=null, name=Petr, photo=, telephone=null, id=207, family=Petrov, email=null}
13:45:20.282 [Test worker] DEBUG o.h.internal.util.EntityPrinter - pft.adressbook.model.ContactData{address=Екатеринбург, work=333, mobile=222, name=Олег, photo=, telephone=4951251, id=174, family=Соколов, email=sokolov85@mail.ru}
13:45:20.282 [Test worker] DEBUG o.h.internal.util.EntityPrinter - pft.adressbook.model.ContactData{address=Ekaterinburg, work=null, mobile=null, name=Ivan, photo=, telephone=null, id=206, family=Ivanov, email=null}
13:45:20.282 [Test worker] DEBUG o.h.internal.util.EntityPrinter - pft.adressbook.model.ContactData{address=Ekaterinburg, work=null, mobile=null, name=Petr, photo=, telephone=null, id=203, family=Petrov, email=null}
13:45:20.282 [Test worker] DEBUG o.h.internal.util.EntityPrinter - pft.adressbook.model.ContactData{address=Ekaterinburg, work=null, mobile=null, name=Ivan, photo=, telephone=null, id=204, family=Ivanov, email=null}
13:45:20.282 [Test worker] DEBUG o.h.internal.util.EntityPrinter - pft.adressbook.model.ContactData{address=Ekaterinburg, work=null, mobile=null, name=Ivan, photo=, telephone=null, id=202, family=Ivanov, email=null}
13:45:20.285 [Test worker] DEBUG o.h.r.j.i.LogicalConnectionManagedImpl - Initiating JDBC connection release from afterTransaction
13:45:20.293 [Test worker] DEBUG o.h.r.j.i.LogicalConnectionManagedImpl - Initiating JDBC connection release from afterTransaction
]]></system-out>
  <system-err><![CDATA[]]></system-err>
</testsuite>
