<?xml version="1.0" encoding="UTF-8"?>
<testsuite name="pft.adressbook.tests.DbConnectionTest" tests="1" skipped="0" failures="0" errors="0" timestamp="2020-02-15T11:53:23" hostname="Earp" time="0.188">
  <properties/>
  <testcase name="testDbConnection" classname="pft.adressbook.tests.DbConnectionTest" time="0.188"/>
  <system-out><![CDATA[[GroupData{id='132', name='test 2'}, GroupData{id='83', name='test 0'}, GroupData{id='91', name='test 8'}, GroupData{id='116', name='test 1'}, GroupData{id='149', name='test 1'}, GroupData{id='51', name='test1'}, GroupData{id='77', name='test1'}, GroupData{id='140', name='test 1'}, GroupData{id='173', name='test 1'}, GroupData{id='96', name='test 13'}, GroupData{id='102', name='test2'}, GroupData{id='165', name='test 2'}, GroupData{id='73', name='test3'}, GroupData{id='103', name='test 0'}, GroupData{id='136', name='test 0'}, GroupData{id='169', name='test 0'}, GroupData{id='107', name='test 1'}, GroupData{id='127', name='test 0'}, GroupData{id='160', name='test 0'}, GroupData{id='98', name='test 0'}, GroupData{id='131', name='test 1'}, GroupData{id='86', name='test 3'}, GroupData{id='90', name='test 7'}, GroupData{id='115', name='test 0'}, GroupData{id='52', name='test1'}, GroupData{id='148', name='test 0'}, GroupData{id='119', name='test 1'}, GroupData{id='152', name='test 1'}, GroupData{id='48', name='test1'}, GroupData{id='81', name='test2'}, GroupData{id='123', name='test 2'}, GroupData{id='156', name='test 2'}, GroupData{id='139', name='test 0'}, GroupData{id='172', name='test 0'}, GroupData{id='110', name='test 1'}, GroupData{id='143', name='test 1'}, GroupData{id='114', name='test 2'}, GroupData{id='95', name='test 12'}, GroupData{id='147', name='test 2'}, GroupData{id='74', name='test1'}, GroupData{id='164', name='test 1'}, GroupData{id='135', name='test 2'}, GroupData{id='168', name='test 2'}, GroupData{id='66', name='test1'}, GroupData{id='106', name='test 0'}, GroupData{id='126', name='test 2'}, GroupData{id='159', name='test 2'}, GroupData{id='130', name='test 0'}, GroupData{id='53', name='test1'}, GroupData{id='85', name='test 2'}, GroupData{id='89', name='test 6'}, GroupData{id='118', name='test 0'}, GroupData{id='49', name='test1'}, GroupData{id='151', name='test 0'}, GroupData{id='82', name='test3'}, GroupData{id='122', name='test 1'}, GroupData{id='155', name='test 1'}, GroupData{id='79', name='test3'}, GroupData{id='141', name='test1'}, GroupData{id='108', name='test1'}, GroupData{id='109', name='test 0'}, GroupData{id='142', name='test 0'}, GroupData{id='174', name='test1'}, GroupData{id='113', name='test 1'}, GroupData{id='94', name='test 11'}, GroupData{id='146', name='test 1'}, GroupData{id='75', name='test2'}, GroupData{id='133', name='test1'}, GroupData{id='163', name='test 0'}, GroupData{id='71', name='test1'}, GroupData{id='134', name='test 1'}, GroupData{id='167', name='test 1'}, GroupData{id='105', name='test 2'}, GroupData{id='138', name='test 2'}, GroupData{id='171', name='test 2'}, GroupData{id='67', name='test2'}, GroupData{id='125', name='test 1'}, GroupData{id='158', name='test 1'}, GroupData{id='62', name='test1'}, GroupData{id='129', name='test 2'}, GroupData{id='162', name='test 2'}, GroupData{id='58', name='test1'}, GroupData{id='100', name='test 2'}, GroupData{id='68', name='test'}, GroupData{id='84', name='test 1'}, GroupData{id='88', name='test 5'}, GroupData{id='92', name='test 9'}, GroupData{id='117', name='test 2'}, GroupData{id='150', name='test 2'}, GroupData{id='54', name='test1'}, GroupData{id='112', name='test1'}, GroupData{id='121', name='test 0'}, GroupData{id='50', name='test1'}, GroupData{id='154', name='test 0'}]
]]></system-out>
  <system-err><![CDATA[]]></system-err>
</testsuite>
