<?xml version="1.0" encoding="UTF-8"?>
<testsuite name="pft.adressbook.tests.GroupModificationTests" tests="1" skipped="0" failures="0" errors="0" timestamp="2020-02-10T06:58:35" hostname="Earp" time="2.288">
  <properties/>
  <testcase name="testGroupModification" classname="pft.adressbook.tests.GroupModificationTests" time="2.288"/>
  <system-out><![CDATA[]]></system-out>
  <system-err><![CDATA[]]></system-err>
</testsuite>
