<?xml version="1.0" encoding="UTF-8"?>
<testsuite name="pft.adressbook.tests.DeleteContactFromGroup" tests="1" skipped="0" failures="1" errors="0" timestamp="2020-02-20T15:20:47" hostname="Earp" time="1.722">
  <properties/>
  <testcase name="testDeleteContactFromGroup" classname="pft.adressbook.tests.DeleteContactFromGroup" time="1.722">
    <failure message="org.hibernate.LazyInitializationException: failed to lazily initialize a collection of role: pft.adressbook.model.GroupData.contacts, could not initialize proxy - no Session" type="org.hibernate.LazyInitializationException">org.hibernate.LazyInitializationException: failed to lazily initialize a collection of role: pft.adressbook.model.GroupData.contacts, could not initialize proxy - no Session
	at org.hibernate.collection.internal.AbstractPersistentCollection.throwLazyInitializationException(AbstractPersistentCollection.java:606)
	at org.hibernate.collection.internal.AbstractPersistentCollection.withTemporarySessionIfNeeded(AbstractPersistentCollection.java:218)
	at org.hibernate.collection.internal.AbstractPersistentCollection.readSize(AbstractPersistentCollection.java:162)
	at org.hibernate.collection.internal.PersistentSet.size(PersistentSet.java:168)
	at java.util.HashSet.&lt;init&gt;(HashSet.java:119)
	at pft.adressbook.model.Contacts.&lt;init&gt;(Contacts.java:22)
	at pft.adressbook.model.GroupData.getContacts(GroupData.java:44)
	at pft.adressbook.tests.DeleteContactFromGroup.testDeleteContactFromGroup(DeleteContactFromGroup.java:17)
	at sun.reflect.NativeMethodAccessorImpl.invoke0(Native Method)
	at sun.reflect.NativeMethodAccessorImpl.invoke(NativeMethodAccessorImpl.java:62)
	at sun.reflect.DelegatingMethodAccessorImpl.invoke(DelegatingMethodAccessorImpl.java:43)
	at java.lang.reflect.Method.invoke(Method.java:498)
	at org.testng.internal.MethodInvocationHelper.invokeMethod(MethodInvocationHelper.java:86)
	at org.testng.internal.Invoker.invokeMethod(Invoker.java:643)
	at org.testng.internal.Invoker.invokeTestMethod(Invoker.java:820)
	at org.testng.internal.Invoker.invokeTestMethods(Invoker.java:1128)
	at org.testng.internal.TestMethodWorker.invokeTestMethods(TestMethodWorker.java:129)
	at org.testng.internal.TestMethodWorker.run(TestMethodWorker.java:112)
	at org.testng.TestRunner.privateRun(TestRunner.java:782)
	at org.testng.TestRunner.run(TestRunner.java:632)
	at org.testng.SuiteRunner.runTest(SuiteRunner.java:366)
	at org.testng.SuiteRunner.runSequentially(SuiteRunner.java:361)
	at org.testng.SuiteRunner.privateRun(SuiteRunner.java:319)
	at org.testng.SuiteRunner.run(SuiteRunner.java:268)
	at org.testng.SuiteRunnerWorker.runSuite(SuiteRunnerWorker.java:52)
	at org.testng.SuiteRunnerWorker.run(SuiteRunnerWorker.java:86)
	at org.testng.TestNG.runSuitesSequentially(TestNG.java:1244)
	at org.testng.TestNG.runSuitesLocally(TestNG.java:1169)
	at org.testng.TestNG.run(TestNG.java:1064)
	at org.gradle.api.internal.tasks.testing.testng.TestNGTestClassProcessor.runTests(TestNGTestClassProcessor.java:141)
	at org.gradle.api.internal.tasks.testing.testng.TestNGTestClassProcessor.stop(TestNGTestClassProcessor.java:90)
	at org.gradle.api.internal.tasks.testing.SuiteTestClassProcessor.stop(SuiteTestClassProcessor.java:61)
	at sun.reflect.NativeMethodAccessorImpl.invoke0(Native Method)
	at sun.reflect.NativeMethodAccessorImpl.invoke(NativeMethodAccessorImpl.java:62)
	at sun.reflect.DelegatingMethodAccessorImpl.invoke(DelegatingMethodAccessorImpl.java:43)
	at java.lang.reflect.Method.invoke(Method.java:498)
	at org.gradle.internal.dispatch.ReflectionDispatch.dispatch(ReflectionDispatch.java:36)
	at org.gradle.internal.dispatch.ReflectionDispatch.dispatch(ReflectionDispatch.java:24)
	at org.gradle.internal.dispatch.ContextClassLoaderDispatch.dispatch(ContextClassLoaderDispatch.java:33)
	at org.gradle.internal.dispatch.ProxyDispatchAdapter$DispatchingInvocationHandler.invoke(ProxyDispatchAdapter.java:94)
	at com.sun.proxy.$Proxy2.stop(Unknown Source)
	at org.gradle.api.internal.tasks.testing.worker.TestWorker.stop(TestWorker.java:132)
	at sun.reflect.NativeMethodAccessorImpl.invoke0(Native Method)
	at sun.reflect.NativeMethodAccessorImpl.invoke(NativeMethodAccessorImpl.java:62)
	at sun.reflect.DelegatingMethodAccessorImpl.invoke(DelegatingMethodAccessorImpl.java:43)
	at java.lang.reflect.Method.invoke(Method.java:498)
	at org.gradle.internal.dispatch.ReflectionDispatch.dispatch(ReflectionDispatch.java:36)
	at org.gradle.internal.dispatch.ReflectionDispatch.dispatch(ReflectionDispatch.java:24)
	at org.gradle.internal.remote.internal.hub.MessageHubBackedObjectConnection$DispatchWrapper.dispatch(MessageHubBackedObjectConnection.java:182)
	at org.gradle.internal.remote.internal.hub.MessageHubBackedObjectConnection$DispatchWrapper.dispatch(MessageHubBackedObjectConnection.java:164)
	at org.gradle.internal.remote.internal.hub.MessageHub$Handler.run(MessageHub.java:412)
	at org.gradle.internal.concurrent.ExecutorPolicy$CatchAndRecordFailures.onExecute(ExecutorPolicy.java:64)
	at org.gradle.internal.concurrent.ManagedExecutorImpl$1.run(ManagedExecutorImpl.java:48)
	at java.util.concurrent.ThreadPoolExecutor.runWorker(ThreadPoolExecutor.java:1149)
	at java.util.concurrent.ThreadPoolExecutor$Worker.run(ThreadPoolExecutor.java:624)
	at org.gradle.internal.concurrent.ThreadFactoryImpl$ManagedThreadRunnable.run(ThreadFactoryImpl.java:56)
	at java.lang.Thread.run(Thread.java:748)
</failure>
  </testcase>
  <system-out><![CDATA[20:20:47.321 [Test worker] DEBUG o.h.s.internal.StatisticsInitiator - Statistics initialized [enabled=false]
20:20:47.329 [Test worker] DEBUG o.h.e.t.internal.TransactionImpl - On TransactionImpl creation, JpaCompliance#isJpaTransactionComplianceEnabled == false
20:20:47.329 [Test worker] DEBUG o.h.e.t.internal.TransactionImpl - begin
20:20:47.355 [Test worker] DEBUG o.h.h.i.QueryTranslatorFactoryInitiator - QueryTranslatorFactory: org.hibernate.hql.internal.ast.ASTQueryTranslatorFactory@4bec516a
20:20:47.401 [Test worker] DEBUG o.h.h.i.ast.QueryTranslatorImpl - parse() - HQL: from pft.adressbook.model.ContactData
20:20:47.409 [Test worker] DEBUG o.h.hql.internal.ast.ErrorTracker - throwQueryException() : no errors
20:20:47.422 [Test worker] DEBUG o.h.h.i.ast.QueryTranslatorImpl - --- HQL AST ---
 \-[QUERY] Node: 'query'
    \-[SELECT_FROM] Node: 'SELECT_FROM'
       \-[FROM] Node: 'from'
          \-[RANGE] Node: 'RANGE'
             \-[DOT] Node: '.'
                +-[DOT] Node: '.'
                |  +-[DOT] Node: '.'
                |  |  +-[IDENT] Node: 'pft'
                |  |  \-[IDENT] Node: 'adressbook'
                |  \-[IDENT] Node: 'model'
                \-[IDENT] Node: 'ContactData'

20:20:47.475 [Test worker] DEBUG o.h.h.i.antlr.HqlSqlBaseWalker - select << begin [level=1, statement=select]
20:20:47.513 [Test worker] DEBUG o.h.h.internal.ast.tree.FromElement - FromClause{level=1} : pft.adressbook.model.ContactData (<no alias>) -> contactdat0_
20:20:47.514 [Test worker] DEBUG o.h.h.i.antlr.HqlSqlBaseWalker - select : finishing up [level=1, statement=select]
20:20:47.514 [Test worker] DEBUG o.h.hql.internal.ast.HqlSqlWalker - processQuery() :  ( SELECT ( FromClause{level=1} addressbook contactdat0_ ) )
20:20:47.526 [Test worker] DEBUG o.h.hql.internal.ast.HqlSqlWalker - Derived SELECT clause created.
20:20:47.530 [Test worker] DEBUG o.h.h.i.ast.util.JoinProcessor - Tables referenced from query nodes:
 \-QueryNode
    +-SelectClause
    | referencedTables(entity ContactData): [addressbook]
    |  +-SelectExpressionImpl
    |  | persister: SingleTableEntityPersister(pft.adressbook.model.ContactData)
    |  \-SqlFragment
    \-FromClause
       \-FromElement

20:20:47.537 [Test worker] DEBUG o.h.h.i.ast.util.JoinProcessor - Using FROM fragment [addressbook contactdat0_]
20:20:47.538 [Test worker] DEBUG o.h.h.i.antlr.HqlSqlBaseWalker - select >> end [level=1, statement=select]
20:20:47.539 [Test worker] DEBUG o.h.h.i.ast.QueryTranslatorImpl - --- SQL AST ---
 \-[SELECT] QueryNode: 'SELECT'  querySpaces (addressbook)
    +-[SELECT_CLAUSE] SelectClause: '{derived select clause}'
    |  +-[SELECT_EXPR] SelectExpressionImpl: 'contactdat0_.id as id1_1_' {FromElement{explicit,not a collection join,not a fetch join,fetch non-lazy properties,classAlias=null,role=null,tableName=addressbook,tableAlias=contactdat0_,origin=null,columns={,className=pft.adressbook.model.ContactData}}}
    |  \-[SQL_TOKEN] SqlFragment: 'contactdat0_.address as address2_1_, contactdat0_.email as email3_1_, contactdat0_.lastname as lastname4_1_, contactdat0_.mobile as mobile5_1_, contactdat0_.firstname as firstnam6_1_, contactdat0_.photo as photo7_1_, contactdat0_.home as home8_1_, contactdat0_.work as work9_1_'
    \-[FROM] FromClause: 'from' FromClause{level=1, fromElementCounter=1, fromElements=1, fromElementByClassAlias=[], fromElementByTableAlias=[contactdat0_], fromElementsByPath=[], collectionJoinFromElementsByPath=[], impliedElements=[]}
       \-[FROM_FRAGMENT] FromElement: 'addressbook contactdat0_' FromElement{explicit,not a collection join,not a fetch join,fetch non-lazy properties,classAlias=null,role=null,tableName=addressbook,tableAlias=contactdat0_,origin=null,columns={,className=pft.adressbook.model.ContactData}}

20:20:47.539 [Test worker] DEBUG o.h.hql.internal.ast.ErrorTracker - throwQueryException() : no errors
20:20:47.551 [Test worker] DEBUG o.h.h.i.ast.QueryTranslatorImpl - HQL: from pft.adressbook.model.ContactData
20:20:47.552 [Test worker] DEBUG o.h.h.i.ast.QueryTranslatorImpl - SQL: select contactdat0_.id as id1_1_, contactdat0_.address as address2_1_, contactdat0_.email as email3_1_, contactdat0_.lastname as lastname4_1_, contactdat0_.mobile as mobile5_1_, contactdat0_.firstname as firstnam6_1_, contactdat0_.photo as photo7_1_, contactdat0_.home as home8_1_, contactdat0_.work as work9_1_ from addressbook contactdat0_
20:20:47.552 [Test worker] DEBUG o.h.hql.internal.ast.ErrorTracker - throwQueryException() : no errors
20:20:47.581 [Test worker] DEBUG org.hibernate.SQL - select contactdat0_.id as id1_1_, contactdat0_.address as address2_1_, contactdat0_.email as email3_1_, contactdat0_.lastname as lastname4_1_, contactdat0_.mobile as mobile5_1_, contactdat0_.firstname as firstnam6_1_, contactdat0_.photo as photo7_1_, contactdat0_.home as home8_1_, contactdat0_.work as work9_1_ from addressbook contactdat0_
Hibernate: select contactdat0_.id as id1_1_, contactdat0_.address as address2_1_, contactdat0_.email as email3_1_, contactdat0_.lastname as lastname4_1_, contactdat0_.mobile as mobile5_1_, contactdat0_.firstname as firstnam6_1_, contactdat0_.photo as photo7_1_, contactdat0_.home as home8_1_, contactdat0_.work as work9_1_ from addressbook contactdat0_
20:20:47.613 [Test worker] DEBUG org.hibernate.loader.Loader - Result set row: 0
20:20:47.620 [Test worker] DEBUG org.hibernate.loader.Loader - Result row: EntityKey[pft.adressbook.model.ContactData#174]
20:20:47.638 [Test worker] DEBUG org.hibernate.loader.Loader - Result set row: 1
20:20:47.639 [Test worker] DEBUG org.hibernate.loader.Loader - Result row: EntityKey[pft.adressbook.model.ContactData#216]
20:20:47.641 [Test worker] DEBUG o.h.engine.internal.TwoPhaseLoad - Resolving attributes for [pft.adressbook.model.ContactData#174]
20:20:47.644 [Test worker] DEBUG o.h.engine.internal.TwoPhaseLoad - Processing attribute `address` : value = Екатеринбург
20:20:47.645 [Test worker] DEBUG o.h.engine.internal.TwoPhaseLoad - Attribute (`address`)  - enhanced for lazy-loading? - false
20:20:47.645 [Test worker] DEBUG o.h.engine.internal.TwoPhaseLoad - Processing attribute `email` : value = sokolov85@mail.ru
20:20:47.645 [Test worker] DEBUG o.h.engine.internal.TwoPhaseLoad - Attribute (`email`)  - enhanced for lazy-loading? - false
20:20:47.645 [Test worker] DEBUG o.h.engine.internal.TwoPhaseLoad - Processing attribute `family` : value = Соколов
20:20:47.645 [Test worker] DEBUG o.h.engine.internal.TwoPhaseLoad - Attribute (`family`)  - enhanced for lazy-loading? - false
20:20:47.645 [Test worker] DEBUG o.h.engine.internal.TwoPhaseLoad - Processing attribute `groups` : value = NOT NULL COLLECTION
20:20:47.645 [Test worker] DEBUG o.h.engine.internal.TwoPhaseLoad - Attribute (`groups`)  - enhanced for lazy-loading? - false
20:20:47.677 [Test worker] DEBUG o.h.engine.internal.TwoPhaseLoad - Processing attribute `mobile` : value = 222
20:20:47.678 [Test worker] DEBUG o.h.engine.internal.TwoPhaseLoad - Attribute (`mobile`)  - enhanced for lazy-loading? - false
20:20:47.678 [Test worker] DEBUG o.h.engine.internal.TwoPhaseLoad - Processing attribute `name` : value = Олег
20:20:47.678 [Test worker] DEBUG o.h.engine.internal.TwoPhaseLoad - Attribute (`name`)  - enhanced for lazy-loading? - false
20:20:47.678 [Test worker] DEBUG o.h.engine.internal.TwoPhaseLoad - Processing attribute `photo` : value = 
20:20:47.678 [Test worker] DEBUG o.h.engine.internal.TwoPhaseLoad - Attribute (`photo`)  - enhanced for lazy-loading? - false
20:20:47.678 [Test worker] DEBUG o.h.engine.internal.TwoPhaseLoad - Processing attribute `telephone` : value = 4951251
20:20:47.678 [Test worker] DEBUG o.h.engine.internal.TwoPhaseLoad - Attribute (`telephone`)  - enhanced for lazy-loading? - false
20:20:47.679 [Test worker] DEBUG o.h.engine.internal.TwoPhaseLoad - Processing attribute `work` : value = 333
20:20:47.679 [Test worker] DEBUG o.h.engine.internal.TwoPhaseLoad - Attribute (`work`)  - enhanced for lazy-loading? - false
20:20:47.681 [Test worker] DEBUG o.h.engine.internal.TwoPhaseLoad - Done materializing entity [pft.adressbook.model.ContactData#174]
20:20:47.682 [Test worker] DEBUG o.h.engine.internal.TwoPhaseLoad - Resolving attributes for [pft.adressbook.model.ContactData#216]
20:20:47.682 [Test worker] DEBUG o.h.engine.internal.TwoPhaseLoad - Processing attribute `address` : value = Ekaterinburg
20:20:47.682 [Test worker] DEBUG o.h.engine.internal.TwoPhaseLoad - Attribute (`address`)  - enhanced for lazy-loading? - false
20:20:47.682 [Test worker] DEBUG o.h.engine.internal.TwoPhaseLoad - Processing attribute `email` : value = null
20:20:47.682 [Test worker] DEBUG o.h.engine.internal.TwoPhaseLoad - Attribute (`email`)  - enhanced for lazy-loading? - false
20:20:47.682 [Test worker] DEBUG o.h.engine.internal.TwoPhaseLoad - Processing attribute `family` : value = Smirnov
20:20:47.682 [Test worker] DEBUG o.h.engine.internal.TwoPhaseLoad - Attribute (`family`)  - enhanced for lazy-loading? - false
20:20:47.683 [Test worker] DEBUG o.h.engine.internal.TwoPhaseLoad - Processing attribute `groups` : value = NOT NULL COLLECTION
20:20:47.683 [Test worker] DEBUG o.h.engine.internal.TwoPhaseLoad - Attribute (`groups`)  - enhanced for lazy-loading? - false
20:20:47.683 [Test worker] DEBUG o.h.engine.internal.TwoPhaseLoad - Processing attribute `mobile` : value = null
20:20:47.683 [Test worker] DEBUG o.h.engine.internal.TwoPhaseLoad - Attribute (`mobile`)  - enhanced for lazy-loading? - false
20:20:47.683 [Test worker] DEBUG o.h.engine.internal.TwoPhaseLoad - Processing attribute `name` : value = Victor
20:20:47.683 [Test worker] DEBUG o.h.engine.internal.TwoPhaseLoad - Attribute (`name`)  - enhanced for lazy-loading? - false
20:20:47.683 [Test worker] DEBUG o.h.engine.internal.TwoPhaseLoad - Processing attribute `photo` : value = 
20:20:47.683 [Test worker] DEBUG o.h.engine.internal.TwoPhaseLoad - Attribute (`photo`)  - enhanced for lazy-loading? - false
20:20:47.683 [Test worker] DEBUG o.h.engine.internal.TwoPhaseLoad - Processing attribute `telephone` : value = null
20:20:47.684 [Test worker] DEBUG o.h.engine.internal.TwoPhaseLoad - Attribute (`telephone`)  - enhanced for lazy-loading? - false
20:20:47.684 [Test worker] DEBUG o.h.engine.internal.TwoPhaseLoad - Processing attribute `work` : value = null
20:20:47.684 [Test worker] DEBUG o.h.engine.internal.TwoPhaseLoad - Attribute (`work`)  - enhanced for lazy-loading? - false
20:20:47.684 [Test worker] DEBUG o.h.engine.internal.TwoPhaseLoad - Done materializing entity [pft.adressbook.model.ContactData#216]
20:20:47.697 [Test worker] DEBUG o.h.l.c.p.AbstractLoadPlanBasedCollectionInitializer - Loading collection: [pft.adressbook.model.ContactData.groups#216]
20:20:47.698 [Test worker] DEBUG org.hibernate.SQL - select groups0_.id as id1_0_0_, groups0_.group_id as group_id2_0_0_, groupdata1_.group_id as group_id1_2_1_, groupdata1_.group_footer as group_fo2_2_1_, groupdata1_.group_header as group_he3_2_1_, groupdata1_.group_name as group_na4_2_1_ from address_in_groups groups0_ inner join group_list groupdata1_ on groups0_.group_id=groupdata1_.group_id where groups0_.id=?
Hibernate: select groups0_.id as id1_0_0_, groups0_.group_id as group_id2_0_0_, groupdata1_.group_id as group_id1_2_1_, groupdata1_.group_footer as group_fo2_2_1_, groupdata1_.group_header as group_he3_2_1_, groupdata1_.group_name as group_na4_2_1_ from address_in_groups groups0_ inner join group_list groupdata1_ on groups0_.group_id=groupdata1_.group_id where groups0_.id=?
20:20:47.710 [Test worker] DEBUG o.h.l.p.e.p.i.ResultSetProcessorImpl - Preparing collection initializer : [pft.adressbook.model.ContactData.groups#216]
20:20:47.720 [Test worker] DEBUG o.h.e.l.i.CollectionLoadContext - 1 collections were found in result set for role: pft.adressbook.model.ContactData.groups
20:20:47.721 [Test worker] DEBUG o.h.e.l.i.CollectionLoadContext - Collection fully initialized: [pft.adressbook.model.ContactData.groups#216]
20:20:47.721 [Test worker] DEBUG o.h.e.l.i.CollectionLoadContext - 1 collections initialized for role: pft.adressbook.model.ContactData.groups
20:20:47.722 [Test worker] DEBUG o.h.l.c.p.AbstractLoadPlanBasedCollectionInitializer - Done loading collection
20:20:47.722 [Test worker] DEBUG o.h.l.c.p.AbstractLoadPlanBasedCollectionInitializer - Loading collection: [pft.adressbook.model.ContactData.groups#174]
20:20:47.722 [Test worker] DEBUG org.hibernate.SQL - select groups0_.id as id1_0_0_, groups0_.group_id as group_id2_0_0_, groupdata1_.group_id as group_id1_2_1_, groupdata1_.group_footer as group_fo2_2_1_, groupdata1_.group_header as group_he3_2_1_, groupdata1_.group_name as group_na4_2_1_ from address_in_groups groups0_ inner join group_list groupdata1_ on groups0_.group_id=groupdata1_.group_id where groups0_.id=?
Hibernate: select groups0_.id as id1_0_0_, groups0_.group_id as group_id2_0_0_, groupdata1_.group_id as group_id1_2_1_, groupdata1_.group_footer as group_fo2_2_1_, groupdata1_.group_header as group_he3_2_1_, groupdata1_.group_name as group_na4_2_1_ from address_in_groups groups0_ inner join group_list groupdata1_ on groups0_.group_id=groupdata1_.group_id where groups0_.id=?
20:20:47.725 [Test worker] DEBUG o.h.l.p.e.p.i.ResultSetProcessorImpl - Preparing collection initializer : [pft.adressbook.model.ContactData.groups#174]
20:20:47.725 [Test worker] DEBUG o.h.e.l.i.CollectionLoadContext - 1 collections were found in result set for role: pft.adressbook.model.ContactData.groups
20:20:47.725 [Test worker] DEBUG o.h.e.l.i.CollectionLoadContext - Collection fully initialized: [pft.adressbook.model.ContactData.groups#174]
20:20:47.725 [Test worker] DEBUG o.h.e.l.i.CollectionLoadContext - 1 collections initialized for role: pft.adressbook.model.ContactData.groups
20:20:47.725 [Test worker] DEBUG o.h.l.c.p.AbstractLoadPlanBasedCollectionInitializer - Done loading collection
20:20:47.727 [Test worker] DEBUG o.h.e.t.internal.TransactionImpl - committing
20:20:47.729 [Test worker] DEBUG o.h.e.i.AbstractFlushingEventListener - Processing flush-time cascades
20:20:47.736 [Test worker] DEBUG o.h.e.i.AbstractFlushingEventListener - Dirty checking collections
20:20:47.745 [Test worker] DEBUG o.h.engine.internal.Collections - Collection found: [pft.adressbook.model.ContactData.groups#174], was: [pft.adressbook.model.ContactData.groups#174] (initialized)
20:20:47.746 [Test worker] DEBUG o.h.engine.internal.Collections - Collection found: [pft.adressbook.model.ContactData.groups#216], was: [pft.adressbook.model.ContactData.groups#216] (initialized)
20:20:47.748 [Test worker] DEBUG o.h.e.i.AbstractFlushingEventListener - Flushed: 0 insertions, 0 updates, 0 deletions to 2 objects
20:20:47.750 [Test worker] DEBUG o.h.e.i.AbstractFlushingEventListener - Flushed: 0 (re)creations, 0 updates, 0 removals to 2 collections
20:20:47.753 [Test worker] DEBUG o.h.internal.util.EntityPrinter - Listing entities:
20:20:47.755 [Test worker] DEBUG o.h.internal.util.EntityPrinter - pft.adressbook.model.ContactData{address=Ekaterinburg, work=null, mobile=null, name=Victor, groups=[], photo=, telephone=null, id=216, family=Smirnov, email=null}
20:20:47.755 [Test worker] DEBUG o.h.internal.util.EntityPrinter - pft.adressbook.model.ContactData{address=Екатеринбург, work=333, mobile=222, name=Олег, groups=[], photo=, telephone=4951251, id=174, family=Соколов, email=sokolov85@mail.ru}
20:20:47.760 [Test worker] DEBUG o.h.r.j.i.LogicalConnectionManagedImpl - Initiating JDBC connection release from afterTransaction
20:20:47.763 [Test worker] DEBUG o.h.r.j.i.LogicalConnectionManagedImpl - Initiating JDBC connection release from afterTransaction
20:20:47.768 [Test worker] DEBUG o.h.e.t.internal.TransactionImpl - On TransactionImpl creation, JpaCompliance#isJpaTransactionComplianceEnabled == false
20:20:47.768 [Test worker] DEBUG o.h.e.t.internal.TransactionImpl - begin
20:20:47.772 [Test worker] DEBUG o.h.h.i.ast.QueryTranslatorImpl - parse() - HQL: from pft.adressbook.model.GroupData
20:20:47.774 [Test worker] DEBUG o.h.hql.internal.ast.ErrorTracker - throwQueryException() : no errors
20:20:47.776 [Test worker] DEBUG o.h.h.i.ast.QueryTranslatorImpl - --- HQL AST ---
 \-[QUERY] Node: 'query'
    \-[SELECT_FROM] Node: 'SELECT_FROM'
       \-[FROM] Node: 'from'
          \-[RANGE] Node: 'RANGE'
             \-[DOT] Node: '.'
                +-[DOT] Node: '.'
                |  +-[DOT] Node: '.'
                |  |  +-[IDENT] Node: 'pft'
                |  |  \-[IDENT] Node: 'adressbook'
                |  \-[IDENT] Node: 'model'
                \-[IDENT] Node: 'GroupData'

20:20:47.776 [Test worker] DEBUG o.h.h.i.antlr.HqlSqlBaseWalker - select << begin [level=1, statement=select]
20:20:47.777 [Test worker] DEBUG o.h.h.internal.ast.tree.FromElement - FromClause{level=1} : pft.adressbook.model.GroupData (<no alias>) -> groupdata0_
20:20:47.777 [Test worker] DEBUG o.h.h.i.antlr.HqlSqlBaseWalker - select : finishing up [level=1, statement=select]
20:20:47.777 [Test worker] DEBUG o.h.hql.internal.ast.HqlSqlWalker - processQuery() :  ( SELECT ( FromClause{level=1} group_list groupdata0_ ) )
20:20:47.777 [Test worker] DEBUG o.h.hql.internal.ast.HqlSqlWalker - Derived SELECT clause created.
20:20:47.778 [Test worker] DEBUG o.h.h.i.ast.util.JoinProcessor - Tables referenced from query nodes:
 \-QueryNode
    +-SelectClause
    | referencedTables(entity GroupData): [group_list]
    |  +-SelectExpressionImpl
    |  | persister: SingleTableEntityPersister(pft.adressbook.model.GroupData)
    |  \-SqlFragment
    \-FromClause
       \-FromElement

20:20:47.778 [Test worker] DEBUG o.h.h.i.ast.util.JoinProcessor - Using FROM fragment [group_list groupdata0_]
20:20:47.778 [Test worker] DEBUG o.h.h.i.antlr.HqlSqlBaseWalker - select >> end [level=1, statement=select]
20:20:47.778 [Test worker] DEBUG o.h.h.i.ast.QueryTranslatorImpl - --- SQL AST ---
 \-[SELECT] QueryNode: 'SELECT'  querySpaces (group_list)
    +-[SELECT_CLAUSE] SelectClause: '{derived select clause}'
    |  +-[SELECT_EXPR] SelectExpressionImpl: 'groupdata0_.group_id as group_id1_2_' {FromElement{explicit,not a collection join,not a fetch join,fetch non-lazy properties,classAlias=null,role=null,tableName=group_list,tableAlias=groupdata0_,origin=null,columns={,className=pft.adressbook.model.GroupData}}}
    |  \-[SQL_TOKEN] SqlFragment: 'groupdata0_.group_footer as group_fo2_2_, groupdata0_.group_header as group_he3_2_, groupdata0_.group_name as group_na4_2_'
    \-[FROM] FromClause: 'from' FromClause{level=1, fromElementCounter=1, fromElements=1, fromElementByClassAlias=[], fromElementByTableAlias=[groupdata0_], fromElementsByPath=[], collectionJoinFromElementsByPath=[], impliedElements=[]}
       \-[FROM_FRAGMENT] FromElement: 'group_list groupdata0_' FromElement{explicit,not a collection join,not a fetch join,fetch non-lazy properties,classAlias=null,role=null,tableName=group_list,tableAlias=groupdata0_,origin=null,columns={,className=pft.adressbook.model.GroupData}}

20:20:47.779 [Test worker] DEBUG o.h.hql.internal.ast.ErrorTracker - throwQueryException() : no errors
20:20:47.779 [Test worker] DEBUG o.h.h.i.ast.QueryTranslatorImpl - HQL: from pft.adressbook.model.GroupData
20:20:47.779 [Test worker] DEBUG o.h.h.i.ast.QueryTranslatorImpl - SQL: select groupdata0_.group_id as group_id1_2_, groupdata0_.group_footer as group_fo2_2_, groupdata0_.group_header as group_he3_2_, groupdata0_.group_name as group_na4_2_ from group_list groupdata0_
20:20:47.779 [Test worker] DEBUG o.h.hql.internal.ast.ErrorTracker - throwQueryException() : no errors
20:20:47.780 [Test worker] DEBUG org.hibernate.SQL - select groupdata0_.group_id as group_id1_2_, groupdata0_.group_footer as group_fo2_2_, groupdata0_.group_header as group_he3_2_, groupdata0_.group_name as group_na4_2_ from group_list groupdata0_
Hibernate: select groupdata0_.group_id as group_id1_2_, groupdata0_.group_footer as group_fo2_2_, groupdata0_.group_header as group_he3_2_, groupdata0_.group_name as group_na4_2_ from group_list groupdata0_
20:20:47.782 [Test worker] DEBUG org.hibernate.loader.Loader - Result set row: 0
20:20:47.783 [Test worker] DEBUG org.hibernate.loader.Loader - Result row: EntityKey[pft.adressbook.model.GroupData#175]
20:20:47.784 [Test worker] DEBUG org.hibernate.loader.Loader - Result set row: 1
20:20:47.785 [Test worker] DEBUG org.hibernate.loader.Loader - Result row: EntityKey[pft.adressbook.model.GroupData#177]
20:20:47.785 [Test worker] DEBUG o.h.engine.internal.TwoPhaseLoad - Resolving attributes for [pft.adressbook.model.GroupData#175]
20:20:47.786 [Test worker] DEBUG o.h.engine.internal.TwoPhaseLoad - Processing attribute `contacts` : value = NOT NULL COLLECTION
20:20:47.786 [Test worker] DEBUG o.h.engine.internal.TwoPhaseLoad - Attribute (`contacts`)  - enhanced for lazy-loading? - false
20:20:47.786 [Test worker] DEBUG o.h.engine.internal.TwoPhaseLoad - Processing attribute `footer` : value = footer 0
20:20:47.786 [Test worker] DEBUG o.h.engine.internal.TwoPhaseLoad - Attribute (`footer`)  - enhanced for lazy-loading? - false
20:20:47.786 [Test worker] DEBUG o.h.engine.internal.TwoPhaseLoad - Processing attribute `header` : value = header 0
20:20:47.786 [Test worker] DEBUG o.h.engine.internal.TwoPhaseLoad - Attribute (`header`)  - enhanced for lazy-loading? - false
20:20:47.786 [Test worker] DEBUG o.h.engine.internal.TwoPhaseLoad - Processing attribute `name` : value = test 0
20:20:47.786 [Test worker] DEBUG o.h.engine.internal.TwoPhaseLoad - Attribute (`name`)  - enhanced for lazy-loading? - false
20:20:47.786 [Test worker] DEBUG o.h.engine.internal.TwoPhaseLoad - Done materializing entity [pft.adressbook.model.GroupData#175]
20:20:47.787 [Test worker] DEBUG o.h.engine.internal.TwoPhaseLoad - Resolving attributes for [pft.adressbook.model.GroupData#177]
20:20:47.787 [Test worker] DEBUG o.h.engine.internal.TwoPhaseLoad - Processing attribute `contacts` : value = NOT NULL COLLECTION
20:20:47.787 [Test worker] DEBUG o.h.engine.internal.TwoPhaseLoad - Attribute (`contacts`)  - enhanced for lazy-loading? - false
20:20:47.787 [Test worker] DEBUG o.h.engine.internal.TwoPhaseLoad - Processing attribute `footer` : value = test3
20:20:47.787 [Test worker] DEBUG o.h.engine.internal.TwoPhaseLoad - Attribute (`footer`)  - enhanced for lazy-loading? - false
20:20:47.787 [Test worker] DEBUG o.h.engine.internal.TwoPhaseLoad - Processing attribute `header` : value = test2
20:20:47.787 [Test worker] DEBUG o.h.engine.internal.TwoPhaseLoad - Attribute (`header`)  - enhanced for lazy-loading? - false
20:20:47.787 [Test worker] DEBUG o.h.engine.internal.TwoPhaseLoad - Processing attribute `name` : value = test1
20:20:47.787 [Test worker] DEBUG o.h.engine.internal.TwoPhaseLoad - Attribute (`name`)  - enhanced for lazy-loading? - false
20:20:47.787 [Test worker] DEBUG o.h.engine.internal.TwoPhaseLoad - Done materializing entity [pft.adressbook.model.GroupData#177]
20:20:47.787 [Test worker] DEBUG o.h.e.t.internal.TransactionImpl - committing
20:20:47.788 [Test worker] DEBUG o.h.e.i.AbstractFlushingEventListener - Processing flush-time cascades
20:20:47.788 [Test worker] DEBUG o.h.e.i.AbstractFlushingEventListener - Dirty checking collections
20:20:47.788 [Test worker] DEBUG o.h.engine.internal.Collections - Collection found: [pft.adressbook.model.GroupData.contacts#175], was: [pft.adressbook.model.GroupData.contacts#175] (uninitialized)
20:20:47.789 [Test worker] DEBUG o.h.engine.internal.Collections - Collection found: [pft.adressbook.model.GroupData.contacts#177], was: [pft.adressbook.model.GroupData.contacts#177] (uninitialized)
20:20:47.789 [Test worker] DEBUG o.h.e.i.AbstractFlushingEventListener - Flushed: 0 insertions, 0 updates, 0 deletions to 2 objects
20:20:47.789 [Test worker] DEBUG o.h.e.i.AbstractFlushingEventListener - Flushed: 0 (re)creations, 0 updates, 0 removals to 2 collections
20:20:47.789 [Test worker] DEBUG o.h.internal.util.EntityPrinter - Listing entities:
20:20:47.789 [Test worker] DEBUG o.h.internal.util.EntityPrinter - pft.adressbook.model.GroupData{footer=footer 0, name=test 0, header=header 0, id=175, contacts=<uninitialized>}
20:20:47.789 [Test worker] DEBUG o.h.internal.util.EntityPrinter - pft.adressbook.model.GroupData{footer=test3, name=test1, header=test2, id=177, contacts=<uninitialized>}
20:20:47.790 [Test worker] DEBUG o.h.r.j.i.LogicalConnectionManagedImpl - Initiating JDBC connection release from afterTransaction
20:20:47.791 [Test worker] DEBUG o.h.r.j.i.LogicalConnectionManagedImpl - Initiating JDBC connection release from afterTransaction
20:20:48.849 [Test worker] DEBUG o.h.e.t.internal.TransactionImpl - On TransactionImpl creation, JpaCompliance#isJpaTransactionComplianceEnabled == false
20:20:48.850 [Test worker] DEBUG o.h.e.t.internal.TransactionImpl - begin
20:20:48.853 [Test worker] DEBUG o.h.h.i.ast.QueryTranslatorImpl - parse() - HQL: from pft.adressbook.model.GroupData where id =175
20:20:48.855 [Test worker] DEBUG o.h.hql.internal.ast.ErrorTracker - throwQueryException() : no errors
20:20:48.855 [Test worker] DEBUG o.h.h.i.ast.QueryTranslatorImpl - --- HQL AST ---
 \-[QUERY] Node: 'query'
    +-[SELECT_FROM] Node: 'SELECT_FROM'
    |  \-[FROM] Node: 'from'
    |     \-[RANGE] Node: 'RANGE'
    |        \-[DOT] Node: '.'
    |           +-[DOT] Node: '.'
    |           |  +-[DOT] Node: '.'
    |           |  |  +-[IDENT] Node: 'pft'
    |           |  |  \-[IDENT] Node: 'adressbook'
    |           |  \-[IDENT] Node: 'model'
    |           \-[IDENT] Node: 'GroupData'
    \-[WHERE] Node: 'where'
       \-[EQ] Node: '='
          +-[IDENT] Node: 'id'
          \-[NUM_INT] Node: '175'

20:20:48.856 [Test worker] DEBUG o.h.h.i.antlr.HqlSqlBaseWalker - select << begin [level=1, statement=select]
20:20:48.858 [Test worker] DEBUG o.h.h.internal.ast.tree.FromElement - FromClause{level=1} : pft.adressbook.model.GroupData (<no alias>) -> groupdata0_
20:20:48.867 [Test worker] DEBUG o.h.h.i.ast.tree.FromReferenceNode - Resolved : {synthetic-alias} -> {synthetic-alias}
20:20:48.873 [Test worker] DEBUG o.h.hql.internal.ast.tree.DotNode - getDataType() : id -> org.hibernate.type.IntegerType@72eb1e20
20:20:48.878 [Test worker] DEBUG o.h.h.i.ast.tree.FromReferenceNode - Resolved : {synthetic-alias}.id -> groupdata0_.group_id
20:20:48.880 [Test worker] DEBUG o.h.h.i.antlr.HqlSqlBaseWalker - select : finishing up [level=1, statement=select]
20:20:48.880 [Test worker] DEBUG o.h.hql.internal.ast.HqlSqlWalker - processQuery() :  ( SELECT ( FromClause{level=1} group_list groupdata0_ ) ( where ( = ( groupdata0_.group_id {synthetic-alias} id ) 175 ) ) )
20:20:48.881 [Test worker] DEBUG o.h.hql.internal.ast.HqlSqlWalker - Derived SELECT clause created.
20:20:48.881 [Test worker] DEBUG o.h.h.i.ast.util.JoinProcessor - Tables referenced from query nodes:
 \-QueryNode
    +-SelectClause
    | referencedTables(entity GroupData): [group_list]
    |  +-SelectExpressionImpl
    |  | persister: SingleTableEntityPersister(pft.adressbook.model.GroupData)
    |  \-SqlFragment
    +-FromClause
    |  \-FromElement
    \-SqlNode
       \-BinaryLogicOperatorNode
          +-DotNode
          | persister: SingleTableEntityPersister(pft.adressbook.model.GroupData)
          | path: {synthetic-alias}.id
          |  +-IdentNode
          |  | persister: SingleTableEntityPersister(pft.adressbook.model.GroupData)
          |  | originalText: {synthetic-alias}
          |  \-IdentNode
          |    persister: null
          |    originalText: id
          \-LiteralNode

20:20:48.882 [Test worker] DEBUG o.h.h.i.ast.util.JoinProcessor - Using FROM fragment [group_list groupdata0_]
20:20:48.882 [Test worker] DEBUG o.h.h.i.antlr.HqlSqlBaseWalker - select >> end [level=1, statement=select]
20:20:48.883 [Test worker] DEBUG o.h.h.i.ast.QueryTranslatorImpl - --- SQL AST ---
 \-[SELECT] QueryNode: 'SELECT'  querySpaces (group_list)
    +-[SELECT_CLAUSE] SelectClause: '{derived select clause}'
    |  +-[SELECT_EXPR] SelectExpressionImpl: 'groupdata0_.group_id as group_id1_2_' {FromElement{explicit,not a collection join,not a fetch join,fetch non-lazy properties,classAlias=null,role=null,tableName=group_list,tableAlias=groupdata0_,origin=null,columns={,className=pft.adressbook.model.GroupData}}}
    |  \-[SQL_TOKEN] SqlFragment: 'groupdata0_.group_footer as group_fo2_2_, groupdata0_.group_header as group_he3_2_, groupdata0_.group_name as group_na4_2_'
    +-[FROM] FromClause: 'from' FromClause{level=1, fromElementCounter=1, fromElements=1, fromElementByClassAlias=[], fromElementByTableAlias=[groupdata0_], fromElementsByPath=[], collectionJoinFromElementsByPath=[], impliedElements=[]}
    |  \-[FROM_FRAGMENT] FromElement: 'group_list groupdata0_' FromElement{explicit,not a collection join,not a fetch join,fetch non-lazy properties,classAlias=null,role=null,tableName=group_list,tableAlias=groupdata0_,origin=null,columns={,className=pft.adressbook.model.GroupData}}
    \-[WHERE] SqlNode: 'where'
       \-[EQ] BinaryLogicOperatorNode: '='
          +-[DOT] DotNode: 'groupdata0_.group_id' {propertyName=id,dereferenceType=PRIMITIVE,getPropertyPath=id,path={synthetic-alias}.id,tableAlias=groupdata0_,className=pft.adressbook.model.GroupData,classAlias=null}
          |  +-[IDENT] IdentNode: '{synthetic-alias}' {originalText={synthetic-alias}}
          |  \-[IDENT] IdentNode: 'id' {originalText=id}
          \-[NUM_INT] LiteralNode: '175'

20:20:48.883 [Test worker] DEBUG o.h.hql.internal.ast.ErrorTracker - throwQueryException() : no errors
20:20:48.883 [Test worker] DEBUG o.h.h.i.ast.QueryTranslatorImpl - HQL: from pft.adressbook.model.GroupData where id =175
20:20:48.883 [Test worker] DEBUG o.h.h.i.ast.QueryTranslatorImpl - SQL: select groupdata0_.group_id as group_id1_2_, groupdata0_.group_footer as group_fo2_2_, groupdata0_.group_header as group_he3_2_, groupdata0_.group_name as group_na4_2_ from group_list groupdata0_ where groupdata0_.group_id=175
20:20:48.883 [Test worker] DEBUG o.h.hql.internal.ast.ErrorTracker - throwQueryException() : no errors
20:20:48.883 [Test worker] DEBUG org.hibernate.SQL - select groupdata0_.group_id as group_id1_2_, groupdata0_.group_footer as group_fo2_2_, groupdata0_.group_header as group_he3_2_, groupdata0_.group_name as group_na4_2_ from group_list groupdata0_ where groupdata0_.group_id=175
Hibernate: select groupdata0_.group_id as group_id1_2_, groupdata0_.group_footer as group_fo2_2_, groupdata0_.group_header as group_he3_2_, groupdata0_.group_name as group_na4_2_ from group_list groupdata0_ where groupdata0_.group_id=175
20:20:48.886 [Test worker] DEBUG org.hibernate.loader.Loader - Result set row: 0
20:20:48.887 [Test worker] DEBUG org.hibernate.loader.Loader - Result row: EntityKey[pft.adressbook.model.GroupData#175]
20:20:48.889 [Test worker] DEBUG o.h.engine.internal.TwoPhaseLoad - Resolving attributes for [pft.adressbook.model.GroupData#175]
20:20:48.889 [Test worker] DEBUG o.h.engine.internal.TwoPhaseLoad - Processing attribute `contacts` : value = NOT NULL COLLECTION
20:20:48.890 [Test worker] DEBUG o.h.engine.internal.TwoPhaseLoad - Attribute (`contacts`)  - enhanced for lazy-loading? - false
20:20:48.890 [Test worker] DEBUG o.h.engine.internal.TwoPhaseLoad - Processing attribute `footer` : value = footer 0
20:20:48.890 [Test worker] DEBUG o.h.engine.internal.TwoPhaseLoad - Attribute (`footer`)  - enhanced for lazy-loading? - false
20:20:48.890 [Test worker] DEBUG o.h.engine.internal.TwoPhaseLoad - Processing attribute `header` : value = header 0
20:20:48.890 [Test worker] DEBUG o.h.engine.internal.TwoPhaseLoad - Attribute (`header`)  - enhanced for lazy-loading? - false
20:20:48.890 [Test worker] DEBUG o.h.engine.internal.TwoPhaseLoad - Processing attribute `name` : value = test 0
20:20:48.890 [Test worker] DEBUG o.h.engine.internal.TwoPhaseLoad - Attribute (`name`)  - enhanced for lazy-loading? - false
20:20:48.890 [Test worker] DEBUG o.h.engine.internal.TwoPhaseLoad - Done materializing entity [pft.adressbook.model.GroupData#175]
20:20:48.891 [Test worker] DEBUG o.h.e.t.internal.TransactionImpl - committing
20:20:48.891 [Test worker] DEBUG o.h.e.i.AbstractFlushingEventListener - Processing flush-time cascades
20:20:48.891 [Test worker] DEBUG o.h.e.i.AbstractFlushingEventListener - Dirty checking collections
20:20:48.892 [Test worker] DEBUG o.h.engine.internal.Collections - Collection found: [pft.adressbook.model.GroupData.contacts#175], was: [pft.adressbook.model.GroupData.contacts#175] (uninitialized)
20:20:48.892 [Test worker] DEBUG o.h.e.i.AbstractFlushingEventListener - Flushed: 0 insertions, 0 updates, 0 deletions to 1 objects
20:20:48.892 [Test worker] DEBUG o.h.e.i.AbstractFlushingEventListener - Flushed: 0 (re)creations, 0 updates, 0 removals to 1 collections
20:20:48.893 [Test worker] DEBUG o.h.internal.util.EntityPrinter - Listing entities:
20:20:48.893 [Test worker] DEBUG o.h.internal.util.EntityPrinter - pft.adressbook.model.GroupData{footer=footer 0, name=test 0, header=header 0, id=175, contacts=<uninitialized>}
20:20:48.894 [Test worker] DEBUG o.h.r.j.i.LogicalConnectionManagedImpl - Initiating JDBC connection release from afterTransaction
20:20:48.895 [Test worker] DEBUG o.h.r.j.i.LogicalConnectionManagedImpl - Initiating JDBC connection release from afterTransaction
]]></system-out>
  <system-err><![CDATA[]]></system-err>
</testsuite>
