<?xml version="1.0" encoding="UTF-8"?>
<testsuite name="pft.adressbook.tests.ContactCreationTest" tests="1" skipped="0" failures="0" errors="0" timestamp="2020-01-02T07:10:44" hostname="Earp" time="2.242">
  <properties/>
  <testcase name="testContactCreation" classname="pft.adressbook.tests.ContactCreationTest" time="2.242"/>
  <system-out><![CDATA[]]></system-out>
  <system-err><![CDATA[]]></system-err>
</testsuite>
