<?xml version="1.0" encoding="UTF-8"?>
<testsuite name="pft.adressbook.tests.ContactCreationTest" tests="2" skipped="0" failures="2" errors="0" timestamp="2020-02-17T07:14:34" hostname="Earp" time="15.644">
  <properties/>
  <testcase name="testContactCreation[0](ContactData{name='Ivan', family='Ivanov'})" classname="pft.adressbook.tests.ContactCreationTest" time="8.05">
    <failure message="java.lang.AssertionError: &#13;&#10;Expected: &lt;[ContactData{name='Ivan', family='Ivanov'}, ContactData{name='Олег', family='Соколов'}, ContactData{name='Ivan', family='Ivanov'}, ContactData{name='Petr', family='Petrov'}]&gt;&#13;&#10;     but: was &lt;[ContactData{name='Олег', family='Соколов'}, ContactData{name='Ivan', family='Ivanov'}, ContactData{name='Petr', family='Petrov'}, ContactData{name='Ivan', family='Ivanov'}]&gt;" type="java.lang.AssertionError">java.lang.AssertionError: 
Expected: &lt;[ContactData{name='Ivan', family='Ivanov'}, ContactData{name='Олег', family='Соколов'}, ContactData{name='Ivan', family='Ivanov'}, ContactData{name='Petr', family='Petrov'}]&gt;
     but: was &lt;[ContactData{name='Олег', family='Соколов'}, ContactData{name='Ivan', family='Ivanov'}, ContactData{name='Petr', family='Petrov'}, ContactData{name='Ivan', family='Ivanov'}]&gt;
	at org.hamcrest.MatcherAssert.assertThat(MatcherAssert.java:20)
	at org.hamcrest.MatcherAssert.assertThat(MatcherAssert.java:6)
	at pft.adressbook.tests.ContactCreationTest.testContactCreation(ContactCreationTest.java:65)
	at sun.reflect.NativeMethodAccessorImpl.invoke0(Native Method)
	at sun.reflect.NativeMethodAccessorImpl.invoke(NativeMethodAccessorImpl.java:62)
	at sun.reflect.DelegatingMethodAccessorImpl.invoke(DelegatingMethodAccessorImpl.java:43)
	at java.lang.reflect.Method.invoke(Method.java:498)
	at org.testng.internal.MethodInvocationHelper.invokeMethod(MethodInvocationHelper.java:86)
	at org.testng.internal.Invoker.invokeMethod(Invoker.java:643)
	at org.testng.internal.Invoker.invokeTestMethod(Invoker.java:820)
	at org.testng.internal.Invoker.invokeTestMethods(Invoker.java:1128)
	at org.testng.internal.TestMethodWorker.invokeTestMethods(TestMethodWorker.java:129)
	at org.testng.internal.TestMethodWorker.run(TestMethodWorker.java:112)
	at org.testng.TestRunner.privateRun(TestRunner.java:782)
	at org.testng.TestRunner.run(TestRunner.java:632)
	at org.testng.SuiteRunner.runTest(SuiteRunner.java:366)
	at org.testng.SuiteRunner.runSequentially(SuiteRunner.java:361)
	at org.testng.SuiteRunner.privateRun(SuiteRunner.java:319)
	at org.testng.SuiteRunner.run(SuiteRunner.java:268)
	at org.testng.SuiteRunnerWorker.runSuite(SuiteRunnerWorker.java:52)
	at org.testng.SuiteRunnerWorker.run(SuiteRunnerWorker.java:86)
	at org.testng.TestNG.runSuitesSequentially(TestNG.java:1244)
	at org.testng.TestNG.runSuitesLocally(TestNG.java:1169)
	at org.testng.TestNG.run(TestNG.java:1064)
	at org.gradle.api.internal.tasks.testing.testng.TestNGTestClassProcessor.runTests(TestNGTestClassProcessor.java:141)
	at org.gradle.api.internal.tasks.testing.testng.TestNGTestClassProcessor.stop(TestNGTestClassProcessor.java:90)
	at org.gradle.api.internal.tasks.testing.SuiteTestClassProcessor.stop(SuiteTestClassProcessor.java:61)
	at sun.reflect.NativeMethodAccessorImpl.invoke0(Native Method)
	at sun.reflect.NativeMethodAccessorImpl.invoke(NativeMethodAccessorImpl.java:62)
	at sun.reflect.DelegatingMethodAccessorImpl.invoke(DelegatingMethodAccessorImpl.java:43)
	at java.lang.reflect.Method.invoke(Method.java:498)
	at org.gradle.internal.dispatch.ReflectionDispatch.dispatch(ReflectionDispatch.java:36)
	at org.gradle.internal.dispatch.ReflectionDispatch.dispatch(ReflectionDispatch.java:24)
	at org.gradle.internal.dispatch.ContextClassLoaderDispatch.dispatch(ContextClassLoaderDispatch.java:33)
	at org.gradle.internal.dispatch.ProxyDispatchAdapter$DispatchingInvocationHandler.invoke(ProxyDispatchAdapter.java:94)
	at com.sun.proxy.$Proxy2.stop(Unknown Source)
	at org.gradle.api.internal.tasks.testing.worker.TestWorker.stop(TestWorker.java:132)
	at sun.reflect.NativeMethodAccessorImpl.invoke0(Native Method)
	at sun.reflect.NativeMethodAccessorImpl.invoke(NativeMethodAccessorImpl.java:62)
	at sun.reflect.DelegatingMethodAccessorImpl.invoke(DelegatingMethodAccessorImpl.java:43)
	at java.lang.reflect.Method.invoke(Method.java:498)
	at org.gradle.internal.dispatch.ReflectionDispatch.dispatch(ReflectionDispatch.java:36)
	at org.gradle.internal.dispatch.ReflectionDispatch.dispatch(ReflectionDispatch.java:24)
	at org.gradle.internal.remote.internal.hub.MessageHubBackedObjectConnection$DispatchWrapper.dispatch(MessageHubBackedObjectConnection.java:182)
	at org.gradle.internal.remote.internal.hub.MessageHubBackedObjectConnection$DispatchWrapper.dispatch(MessageHubBackedObjectConnection.java:164)
	at org.gradle.internal.remote.internal.hub.MessageHub$Handler.run(MessageHub.java:412)
	at org.gradle.internal.concurrent.ExecutorPolicy$CatchAndRecordFailures.onExecute(ExecutorPolicy.java:64)
	at org.gradle.internal.concurrent.ManagedExecutorImpl$1.run(ManagedExecutorImpl.java:48)
	at java.util.concurrent.ThreadPoolExecutor.runWorker(ThreadPoolExecutor.java:1149)
	at java.util.concurrent.ThreadPoolExecutor$Worker.run(ThreadPoolExecutor.java:624)
	at org.gradle.internal.concurrent.ThreadFactoryImpl$ManagedThreadRunnable.run(ThreadFactoryImpl.java:56)
	at java.lang.Thread.run(Thread.java:748)
</failure>
  </testcase>
  <testcase name="testContactCreation[1](ContactData{name='Petr', family='Petrov'})" classname="pft.adressbook.tests.ContactCreationTest" time="7.59">
    <failure message="java.lang.AssertionError: &#13;&#10;Expected: &lt;[ContactData{name='Petr', family='Petrov'}, ContactData{name='Олег', family='Соколов'}, ContactData{name='Ivan', family='Ivanov'}, ContactData{name='Petr', family='Petrov'}, ContactData{name='Ivan', family='Ivanov'}]&gt;&#13;&#10;     but: was &lt;[ContactData{name='Petr', family='Petrov'}, ContactData{name='Олег', family='Соколов'}, ContactData{name='Ivan', family='Ivanov'}, ContactData{name='Petr', family='Petrov'}, ContactData{name='Ivan', family='Ivanov'}]&gt;" type="java.lang.AssertionError">java.lang.AssertionError: 
Expected: &lt;[ContactData{name='Petr', family='Petrov'}, ContactData{name='Олег', family='Соколов'}, ContactData{name='Ivan', family='Ivanov'}, ContactData{name='Petr', family='Petrov'}, ContactData{name='Ivan', family='Ivanov'}]&gt;
     but: was &lt;[ContactData{name='Petr', family='Petrov'}, ContactData{name='Олег', family='Соколов'}, ContactData{name='Ivan', family='Ivanov'}, ContactData{name='Petr', family='Petrov'}, ContactData{name='Ivan', family='Ivanov'}]&gt;
	at org.hamcrest.MatcherAssert.assertThat(MatcherAssert.java:20)
	at org.hamcrest.MatcherAssert.assertThat(MatcherAssert.java:6)
	at pft.adressbook.tests.ContactCreationTest.testContactCreation(ContactCreationTest.java:65)
	at sun.reflect.NativeMethodAccessorImpl.invoke0(Native Method)
	at sun.reflect.NativeMethodAccessorImpl.invoke(NativeMethodAccessorImpl.java:62)
	at sun.reflect.DelegatingMethodAccessorImpl.invoke(DelegatingMethodAccessorImpl.java:43)
	at java.lang.reflect.Method.invoke(Method.java:498)
	at org.testng.internal.MethodInvocationHelper.invokeMethod(MethodInvocationHelper.java:86)
	at org.testng.internal.Invoker.invokeMethod(Invoker.java:643)
	at org.testng.internal.Invoker.invokeTestMethod(Invoker.java:820)
	at org.testng.internal.Invoker.invokeTestMethods(Invoker.java:1128)
	at org.testng.internal.TestMethodWorker.invokeTestMethods(TestMethodWorker.java:129)
	at org.testng.internal.TestMethodWorker.run(TestMethodWorker.java:112)
	at org.testng.TestRunner.privateRun(TestRunner.java:782)
	at org.testng.TestRunner.run(TestRunner.java:632)
	at org.testng.SuiteRunner.runTest(SuiteRunner.java:366)
	at org.testng.SuiteRunner.runSequentially(SuiteRunner.java:361)
	at org.testng.SuiteRunner.privateRun(SuiteRunner.java:319)
	at org.testng.SuiteRunner.run(SuiteRunner.java:268)
	at org.testng.SuiteRunnerWorker.runSuite(SuiteRunnerWorker.java:52)
	at org.testng.SuiteRunnerWorker.run(SuiteRunnerWorker.java:86)
	at org.testng.TestNG.runSuitesSequentially(TestNG.java:1244)
	at org.testng.TestNG.runSuitesLocally(TestNG.java:1169)
	at org.testng.TestNG.run(TestNG.java:1064)
	at org.gradle.api.internal.tasks.testing.testng.TestNGTestClassProcessor.runTests(TestNGTestClassProcessor.java:141)
	at org.gradle.api.internal.tasks.testing.testng.TestNGTestClassProcessor.stop(TestNGTestClassProcessor.java:90)
	at org.gradle.api.internal.tasks.testing.SuiteTestClassProcessor.stop(SuiteTestClassProcessor.java:61)
	at sun.reflect.NativeMethodAccessorImpl.invoke0(Native Method)
	at sun.reflect.NativeMethodAccessorImpl.invoke(NativeMethodAccessorImpl.java:62)
	at sun.reflect.DelegatingMethodAccessorImpl.invoke(DelegatingMethodAccessorImpl.java:43)
	at java.lang.reflect.Method.invoke(Method.java:498)
	at org.gradle.internal.dispatch.ReflectionDispatch.dispatch(ReflectionDispatch.java:36)
	at org.gradle.internal.dispatch.ReflectionDispatch.dispatch(ReflectionDispatch.java:24)
	at org.gradle.internal.dispatch.ContextClassLoaderDispatch.dispatch(ContextClassLoaderDispatch.java:33)
	at org.gradle.internal.dispatch.ProxyDispatchAdapter$DispatchingInvocationHandler.invoke(ProxyDispatchAdapter.java:94)
	at com.sun.proxy.$Proxy2.stop(Unknown Source)
	at org.gradle.api.internal.tasks.testing.worker.TestWorker.stop(TestWorker.java:132)
	at sun.reflect.NativeMethodAccessorImpl.invoke0(Native Method)
	at sun.reflect.NativeMethodAccessorImpl.invoke(NativeMethodAccessorImpl.java:62)
	at sun.reflect.DelegatingMethodAccessorImpl.invoke(DelegatingMethodAccessorImpl.java:43)
	at java.lang.reflect.Method.invoke(Method.java:498)
	at org.gradle.internal.dispatch.ReflectionDispatch.dispatch(ReflectionDispatch.java:36)
	at org.gradle.internal.dispatch.ReflectionDispatch.dispatch(ReflectionDispatch.java:24)
	at org.gradle.internal.remote.internal.hub.MessageHubBackedObjectConnection$DispatchWrapper.dispatch(MessageHubBackedObjectConnection.java:182)
	at org.gradle.internal.remote.internal.hub.MessageHubBackedObjectConnection$DispatchWrapper.dispatch(MessageHubBackedObjectConnection.java:164)
	at org.gradle.internal.remote.internal.hub.MessageHub$Handler.run(MessageHub.java:412)
	at org.gradle.internal.concurrent.ExecutorPolicy$CatchAndRecordFailures.onExecute(ExecutorPolicy.java:64)
	at org.gradle.internal.concurrent.ManagedExecutorImpl$1.run(ManagedExecutorImpl.java:48)
	at java.util.concurrent.ThreadPoolExecutor.runWorker(ThreadPoolExecutor.java:1149)
	at java.util.concurrent.ThreadPoolExecutor$Worker.run(ThreadPoolExecutor.java:624)
	at org.gradle.internal.concurrent.ThreadFactoryImpl$ManagedThreadRunnable.run(ThreadFactoryImpl.java:56)
	at java.lang.Thread.run(Thread.java:748)
</failure>
  </testcase>
  <system-out><![CDATA[12:14:34.823 [Test worker] DEBUG o.h.s.internal.StatisticsInitiator - Statistics initialized [enabled=false]
12:14:34.829 [Test worker] DEBUG o.h.e.t.internal.TransactionImpl - On TransactionImpl creation, JpaCompliance#isJpaTransactionComplianceEnabled == false
12:14:34.829 [Test worker] DEBUG o.h.e.t.internal.TransactionImpl - begin
12:14:34.844 [Test worker] DEBUG org.hibernate.orm.query.plan.cache - Creating and caching HqlInterpretation - from ContactData
12:14:35.040 [Test worker] DEBUG o.h.q.h.i.SemanticQueryBuilder - Handling root path - ContactData
12:14:35.045 [Test worker] DEBUG o.h.q.h.i.SemanticQueryBuilder - Encountered implicit select clause : fromContactData
12:14:35.054 [Test worker] DEBUG org.hibernate.orm.query.sqm.ast - SqmStatement Tree :
    -> [select]
      -> [query-spec]
        -> [select]
          -> [selection]
            -> [root] - `pft.adressbook.model.ContactData`
            <- [root] - `pft.adressbook.model.ContactData`
          <- [selection]
        <- [select]
        -> [from]
          -> [root] - `pft.adressbook.model.ContactData`
          <- [root] - `pft.adressbook.model.ContactData`
        <- [from]
      <- [query-spec]
    <- [select]

12:14:35.086 [Test worker] DEBUG org.hibernate.orm.sql.ast.create - Created new SQL alias : c1_0
12:14:35.108 [Test worker] DEBUG org.hibernate.orm.sql.ast.tree - Error processing node {query-spec}
java.lang.NullPointerException: null
	at org.hibernate.sql.ast.SqlTreePrinter.lambda$visitQuerySpec$18(SqlTreePrinter.java:250)
	at org.hibernate.sql.ast.SqlTreePrinter.logNode(SqlTreePrinter.java:189)
	at org.hibernate.sql.ast.SqlTreePrinter.logNode(SqlTreePrinter.java:178)
	at org.hibernate.sql.ast.SqlTreePrinter.visitQuerySpec(SqlTreePrinter.java:234)
	at org.hibernate.sql.ast.SqlTreePrinter.lambda$visitStatement$0(SqlTreePrinter.java:78)
	at org.hibernate.sql.ast.SqlTreePrinter.logNode(SqlTreePrinter.java:189)
	at org.hibernate.sql.ast.SqlTreePrinter.logNode(SqlTreePrinter.java:178)
	at org.hibernate.sql.ast.SqlTreePrinter.visitStatement(SqlTreePrinter.java:76)
	at org.hibernate.sql.ast.SqlTreePrinter.print(SqlTreePrinter.java:63)
	at org.hibernate.sql.ast.spi.StandardSqlAstSelectTranslator.translate(StandardSqlAstSelectTranslator.java:85)
	at org.hibernate.query.sqm.internal.ConcreteSqmSelectQueryPlan.buildCacheableSqmInterpretation(ConcreteSqmSelectQueryPlan.java:230)
	at org.hibernate.query.sqm.internal.ConcreteSqmSelectQueryPlan.resolveCacheableSqmInterpretation(ConcreteSqmSelectQueryPlan.java:191)
	at org.hibernate.query.sqm.internal.ConcreteSqmSelectQueryPlan.performList(ConcreteSqmSelectQueryPlan.java:153)
	at org.hibernate.query.sqm.internal.QuerySqmImpl.doList(QuerySqmImpl.java:413)
	at org.hibernate.query.spi.AbstractQuery.list(AbstractQuery.java:1356)
	at pft.adressbook.appmanager.DbHelper.contacts(DbHelper.java:38)
	at pft.adressbook.tests.ContactCreationTest.testContactCreation(ContactCreationTest.java:60)
	at sun.reflect.NativeMethodAccessorImpl.invoke0(Native Method)
	at sun.reflect.NativeMethodAccessorImpl.invoke(NativeMethodAccessorImpl.java:62)
	at sun.reflect.DelegatingMethodAccessorImpl.invoke(DelegatingMethodAccessorImpl.java:43)
	at java.lang.reflect.Method.invoke(Method.java:498)
	at org.testng.internal.MethodInvocationHelper.invokeMethod(MethodInvocationHelper.java:86)
	at org.testng.internal.Invoker.invokeMethod(Invoker.java:643)
	at org.testng.internal.Invoker.invokeTestMethod(Invoker.java:820)
	at org.testng.internal.Invoker.invokeTestMethods(Invoker.java:1128)
	at org.testng.internal.TestMethodWorker.invokeTestMethods(TestMethodWorker.java:129)
	at org.testng.internal.TestMethodWorker.run(TestMethodWorker.java:112)
	at org.testng.TestRunner.privateRun(TestRunner.java:782)
	at org.testng.TestRunner.run(TestRunner.java:632)
	at org.testng.SuiteRunner.runTest(SuiteRunner.java:366)
	at org.testng.SuiteRunner.runSequentially(SuiteRunner.java:361)
	at org.testng.SuiteRunner.privateRun(SuiteRunner.java:319)
	at org.testng.SuiteRunner.run(SuiteRunner.java:268)
	at org.testng.SuiteRunnerWorker.runSuite(SuiteRunnerWorker.java:52)
	at org.testng.SuiteRunnerWorker.run(SuiteRunnerWorker.java:86)
	at org.testng.TestNG.runSuitesSequentially(TestNG.java:1244)
	at org.testng.TestNG.runSuitesLocally(TestNG.java:1169)
	at org.testng.TestNG.run(TestNG.java:1064)
	at org.gradle.api.internal.tasks.testing.testng.TestNGTestClassProcessor.runTests(TestNGTestClassProcessor.java:141)
	at org.gradle.api.internal.tasks.testing.testng.TestNGTestClassProcessor.stop(TestNGTestClassProcessor.java:90)
	at org.gradle.api.internal.tasks.testing.SuiteTestClassProcessor.stop(SuiteTestClassProcessor.java:61)
	at sun.reflect.NativeMethodAccessorImpl.invoke0(Native Method)
	at sun.reflect.NativeMethodAccessorImpl.invoke(NativeMethodAccessorImpl.java:62)
	at sun.reflect.DelegatingMethodAccessorImpl.invoke(DelegatingMethodAccessorImpl.java:43)
	at java.lang.reflect.Method.invoke(Method.java:498)
	at org.gradle.internal.dispatch.ReflectionDispatch.dispatch(ReflectionDispatch.java:36)
	at org.gradle.internal.dispatch.ReflectionDispatch.dispatch(ReflectionDispatch.java:24)
	at org.gradle.internal.dispatch.ContextClassLoaderDispatch.dispatch(ContextClassLoaderDispatch.java:33)
	at org.gradle.internal.dispatch.ProxyDispatchAdapter$DispatchingInvocationHandler.invoke(ProxyDispatchAdapter.java:94)
	at com.sun.proxy.$Proxy2.stop(Unknown Source)
	at org.gradle.api.internal.tasks.testing.worker.TestWorker.stop(TestWorker.java:132)
	at sun.reflect.NativeMethodAccessorImpl.invoke0(Native Method)
	at sun.reflect.NativeMethodAccessorImpl.invoke(NativeMethodAccessorImpl.java:62)
	at sun.reflect.DelegatingMethodAccessorImpl.invoke(DelegatingMethodAccessorImpl.java:43)
	at java.lang.reflect.Method.invoke(Method.java:498)
	at org.gradle.internal.dispatch.ReflectionDispatch.dispatch(ReflectionDispatch.java:36)
	at org.gradle.internal.dispatch.ReflectionDispatch.dispatch(ReflectionDispatch.java:24)
	at org.gradle.internal.remote.internal.hub.MessageHubBackedObjectConnection$DispatchWrapper.dispatch(MessageHubBackedObjectConnection.java:182)
	at org.gradle.internal.remote.internal.hub.MessageHubBackedObjectConnection$DispatchWrapper.dispatch(MessageHubBackedObjectConnection.java:164)
	at org.gradle.internal.remote.internal.hub.MessageHub$Handler.run(MessageHub.java:412)
	at org.gradle.internal.concurrent.ExecutorPolicy$CatchAndRecordFailures.onExecute(ExecutorPolicy.java:64)
	at org.gradle.internal.concurrent.ManagedExecutorImpl$1.run(ManagedExecutorImpl.java:48)
	at java.util.concurrent.ThreadPoolExecutor.runWorker(ThreadPoolExecutor.java:1149)
	at java.util.concurrent.ThreadPoolExecutor$Worker.run(ThreadPoolExecutor.java:624)
	at org.gradle.internal.concurrent.ThreadFactoryImpl$ManagedThreadRunnable.run(ThreadFactoryImpl.java:56)
	at java.lang.Thread.run(Thread.java:748)
12:14:35.110 [Test worker] DEBUG org.hibernate.orm.sql.ast.tree - SQL AST Tree:
    -> [select-statement]
      -> [query-spec]
        -> [select]
          selection - org.hibernate.sql.results.internal.SqlSelectionImpl@cdf81d2a
          selection - org.hibernate.sql.results.internal.SqlSelectionImpl@539d1d65
          selection - org.hibernate.sql.results.internal.SqlSelectionImpl@a57c792d
          selection - org.hibernate.sql.results.internal.SqlSelectionImpl@11aafe90
          selection - org.hibernate.sql.results.internal.SqlSelectionImpl@17c720b1
          selection - org.hibernate.sql.results.internal.SqlSelectionImpl@b2d36dec
          selection - org.hibernate.sql.results.internal.SqlSelectionImpl@a6157b43
          selection - org.hibernate.sql.results.internal.SqlSelectionImpl@2ea2e04e
          selection - org.hibernate.sql.results.internal.SqlSelectionImpl@2ea9b660
        <- [select]
        -> [from]
          -> [table-group]
            -> [addressbook as c1_0]
          <- [table-group]
        <- [from]
      <- [query-spec]
    <- [select-statement]

12:14:35.124 [Test worker] DEBUG o.h.s.e.i.JdbcSelectExecutorStandardImpl - Skipping reading Query result cache data: cache-enabled = false, cache-mode = NORMAL
12:14:35.146 [Test worker] DEBUG org.hibernate.orm.sql.results - Adding initializer : EntityRootInitializer(pft.adressbook.model.ContactData)
12:14:35.158 [Test worker] DEBUG org.hibernate.SQL - select c1_0.id, c1_0.address, c1_0.email, c1_0.lastname, c1_0.mobile, c1_0.firstname, c1_0.photo, c1_0.home, c1_0.work from addressbook as c1_0
Hibernate: select c1_0.id, c1_0.address, c1_0.email, c1_0.lastname, c1_0.mobile, c1_0.firstname, c1_0.photo, c1_0.home, c1_0.work from addressbook as c1_0
12:14:35.174 [Test worker] DEBUG o.h.s.r.internal.StandardRowReader - ---Processing Row---
12:14:35.177 [Test worker] DEBUG org.hibernate.orm.sql.results - Extracted JDBC value [0] - [174]
12:14:35.178 [Test worker] DEBUG o.h.orm.sql.resultsloading.entity - (o.h.s.r.g.e.i.EntityResultInitializer) Hydrated EntityKey (NavigablePath[pft.adressbook.model.ContactData]): 174
12:14:35.180 [Test worker] DEBUG o.h.orm.sql.resultsloading.entity - Created new entity instance [pft.adressbook.model.ContactData#174] : ContactData{name='null', family='null'}
12:14:35.182 [Test worker] DEBUG org.hibernate.orm.sql.results - Extracted JDBC value [1] - [Екатеринбург]
12:14:35.182 [Test worker] DEBUG org.hibernate.orm.sql.results - Extracted JDBC value [2] - [sokolov85@mail.ru]
12:14:35.182 [Test worker] DEBUG org.hibernate.orm.sql.results - Extracted JDBC value [3] - [Соколов]
12:14:35.182 [Test worker] DEBUG org.hibernate.orm.sql.results - Extracted JDBC value [4] - [222]
12:14:35.182 [Test worker] DEBUG org.hibernate.orm.sql.results - Extracted JDBC value [5] - [Олег]
12:14:35.183 [Test worker] DEBUG org.hibernate.orm.sql.results - Extracted JDBC value [6] - []
12:14:35.183 [Test worker] DEBUG org.hibernate.orm.sql.results - Extracted JDBC value [7] - [4951251]
12:14:35.183 [Test worker] DEBUG org.hibernate.orm.sql.results - Extracted JDBC value [8] - [333]
12:14:35.194 [Test worker] DEBUG o.h.orm.sql.resultsloading.entity - Done materializing entityInstance : pft.adressbook.model.ContactData#174
12:14:35.195 [Test worker] DEBUG o.h.s.r.internal.StandardRowReader - ---Processing Row---
12:14:35.195 [Test worker] DEBUG org.hibernate.orm.sql.results - Extracted JDBC value [0] - [202]
12:14:35.195 [Test worker] DEBUG o.h.orm.sql.resultsloading.entity - (o.h.s.r.g.e.i.EntityResultInitializer) Hydrated EntityKey (NavigablePath[pft.adressbook.model.ContactData]): 202
12:14:35.195 [Test worker] DEBUG o.h.orm.sql.resultsloading.entity - Created new entity instance [pft.adressbook.model.ContactData#202] : ContactData{name='null', family='null'}
12:14:35.195 [Test worker] DEBUG org.hibernate.orm.sql.results - Extracted JDBC value [1] - [Ekaterinburg]
12:14:35.195 [Test worker] DEBUG org.hibernate.orm.sql.results - Extracted JDBC value [2] - [null]
12:14:35.196 [Test worker] DEBUG org.hibernate.orm.sql.results - Extracted JDBC value [3] - [Ivanov]
12:14:35.196 [Test worker] DEBUG org.hibernate.orm.sql.results - Extracted JDBC value [4] - [null]
12:14:35.196 [Test worker] DEBUG org.hibernate.orm.sql.results - Extracted JDBC value [5] - [Ivan]
12:14:35.196 [Test worker] DEBUG org.hibernate.orm.sql.results - Extracted JDBC value [6] - []
12:14:35.196 [Test worker] DEBUG org.hibernate.orm.sql.results - Extracted JDBC value [7] - [null]
12:14:35.196 [Test worker] DEBUG org.hibernate.orm.sql.results - Extracted JDBC value [8] - [null]
12:14:35.196 [Test worker] DEBUG o.h.orm.sql.resultsloading.entity - Done materializing entityInstance : pft.adressbook.model.ContactData#202
12:14:35.197 [Test worker] DEBUG o.h.s.r.internal.StandardRowReader - ---Processing Row---
12:14:35.197 [Test worker] DEBUG org.hibernate.orm.sql.results - Extracted JDBC value [0] - [203]
12:14:35.197 [Test worker] DEBUG o.h.orm.sql.resultsloading.entity - (o.h.s.r.g.e.i.EntityResultInitializer) Hydrated EntityKey (NavigablePath[pft.adressbook.model.ContactData]): 203
12:14:35.197 [Test worker] DEBUG o.h.orm.sql.resultsloading.entity - Created new entity instance [pft.adressbook.model.ContactData#203] : ContactData{name='null', family='null'}
12:14:35.197 [Test worker] DEBUG org.hibernate.orm.sql.results - Extracted JDBC value [1] - [Ekaterinburg]
12:14:35.197 [Test worker] DEBUG org.hibernate.orm.sql.results - Extracted JDBC value [2] - [null]
12:14:35.198 [Test worker] DEBUG org.hibernate.orm.sql.results - Extracted JDBC value [3] - [Petrov]
12:14:35.199 [Test worker] DEBUG org.hibernate.orm.sql.results - Extracted JDBC value [4] - [null]
12:14:35.200 [Test worker] DEBUG org.hibernate.orm.sql.results - Extracted JDBC value [5] - [Petr]
12:14:35.201 [Test worker] DEBUG org.hibernate.orm.sql.results - Extracted JDBC value [6] - []
12:14:35.201 [Test worker] DEBUG org.hibernate.orm.sql.results - Extracted JDBC value [7] - [null]
12:14:35.201 [Test worker] DEBUG org.hibernate.orm.sql.results - Extracted JDBC value [8] - [null]
12:14:35.201 [Test worker] DEBUG o.h.orm.sql.resultsloading.entity - Done materializing entityInstance : pft.adressbook.model.ContactData#203
12:14:35.202 [Test worker] DEBUG o.h.r.j.i.ResourceRegistryStandardImpl - HHH000387: ResultSet's statement was not registered
12:14:35.202 [Test worker] DEBUG o.h.e.t.internal.TransactionImpl - committing
12:14:35.203 [Test worker] DEBUG o.h.e.i.AbstractFlushingEventListener - Processing flush-time cascades
12:14:35.220 [Test worker] DEBUG o.h.e.i.AbstractFlushingEventListener - Dirty checking collections
12:14:35.227 [Test worker] DEBUG o.h.e.i.AbstractFlushingEventListener - Flushed: 0 insertions, 0 updates, 0 deletions to 3 objects
12:14:35.227 [Test worker] DEBUG o.h.e.i.AbstractFlushingEventListener - Flushed: 0 (re)creations, 0 updates, 0 removals to 0 collections
12:14:35.229 [Test worker] DEBUG o.h.internal.util.EntityPrinter - Listing entities:
12:14:35.231 [Test worker] DEBUG o.h.internal.util.EntityPrinter - pft.adressbook.model.ContactData{address=Екатеринбург, work=333, mobile=222, name=Олег, photo=, telephone=4951251, id=174, family=Соколов, email=sokolov85@mail.ru}
12:14:35.231 [Test worker] DEBUG o.h.internal.util.EntityPrinter - pft.adressbook.model.ContactData{address=Ekaterinburg, work=null, mobile=null, name=Petr, photo=, telephone=null, id=203, family=Petrov, email=null}
12:14:35.231 [Test worker] DEBUG o.h.internal.util.EntityPrinter - pft.adressbook.model.ContactData{address=Ekaterinburg, work=null, mobile=null, name=Ivan, photo=, telephone=null, id=202, family=Ivanov, email=null}
12:14:35.238 [Test worker] DEBUG o.h.r.j.i.LogicalConnectionManagedImpl - Initiating JDBC connection release from afterTransaction
12:14:35.239 [Test worker] DEBUG o.h.r.j.i.LogicalConnectionManagedImpl - Initiating JDBC connection release from afterTransaction
12:14:42.784 [Test worker] DEBUG o.h.e.t.internal.TransactionImpl - On TransactionImpl creation, JpaCompliance#isJpaTransactionComplianceEnabled == false
12:14:42.785 [Test worker] DEBUG o.h.e.t.internal.TransactionImpl - begin
12:14:42.786 [Test worker] DEBUG o.h.s.e.i.JdbcSelectExecutorStandardImpl - Skipping reading Query result cache data: cache-enabled = false, cache-mode = NORMAL
12:14:42.786 [Test worker] DEBUG org.hibernate.orm.sql.results - Adding initializer : EntityRootInitializer(pft.adressbook.model.ContactData)
12:14:42.786 [Test worker] DEBUG org.hibernate.SQL - select c1_0.id, c1_0.address, c1_0.email, c1_0.lastname, c1_0.mobile, c1_0.firstname, c1_0.photo, c1_0.home, c1_0.work from addressbook as c1_0
Hibernate: select c1_0.id, c1_0.address, c1_0.email, c1_0.lastname, c1_0.mobile, c1_0.firstname, c1_0.photo, c1_0.home, c1_0.work from addressbook as c1_0
12:14:42.788 [Test worker] DEBUG o.h.s.r.internal.StandardRowReader - ---Processing Row---
12:14:42.788 [Test worker] DEBUG org.hibernate.orm.sql.results - Extracted JDBC value [0] - [174]
12:14:42.789 [Test worker] DEBUG o.h.orm.sql.resultsloading.entity - (o.h.s.r.g.e.i.EntityResultInitializer) Hydrated EntityKey (NavigablePath[pft.adressbook.model.ContactData]): 174
12:14:42.789 [Test worker] DEBUG o.h.orm.sql.resultsloading.entity - Created new entity instance [pft.adressbook.model.ContactData#174] : ContactData{name='null', family='null'}
12:14:42.789 [Test worker] DEBUG org.hibernate.orm.sql.results - Extracted JDBC value [1] - [Екатеринбург]
12:14:42.789 [Test worker] DEBUG org.hibernate.orm.sql.results - Extracted JDBC value [2] - [sokolov85@mail.ru]
12:14:42.789 [Test worker] DEBUG org.hibernate.orm.sql.results - Extracted JDBC value [3] - [Соколов]
12:14:42.790 [Test worker] DEBUG org.hibernate.orm.sql.results - Extracted JDBC value [4] - [222]
12:14:42.790 [Test worker] DEBUG org.hibernate.orm.sql.results - Extracted JDBC value [5] - [Олег]
12:14:42.790 [Test worker] DEBUG org.hibernate.orm.sql.results - Extracted JDBC value [6] - []
12:14:42.790 [Test worker] DEBUG org.hibernate.orm.sql.results - Extracted JDBC value [7] - [4951251]
12:14:42.790 [Test worker] DEBUG org.hibernate.orm.sql.results - Extracted JDBC value [8] - [333]
12:14:42.790 [Test worker] DEBUG o.h.orm.sql.resultsloading.entity - Done materializing entityInstance : pft.adressbook.model.ContactData#174
12:14:42.791 [Test worker] DEBUG o.h.s.r.internal.StandardRowReader - ---Processing Row---
12:14:42.791 [Test worker] DEBUG org.hibernate.orm.sql.results - Extracted JDBC value [0] - [202]
12:14:42.791 [Test worker] DEBUG o.h.orm.sql.resultsloading.entity - (o.h.s.r.g.e.i.EntityResultInitializer) Hydrated EntityKey (NavigablePath[pft.adressbook.model.ContactData]): 202
12:14:42.792 [Test worker] DEBUG o.h.orm.sql.resultsloading.entity - Created new entity instance [pft.adressbook.model.ContactData#202] : ContactData{name='null', family='null'}
12:14:42.795 [Test worker] DEBUG org.hibernate.orm.sql.results - Extracted JDBC value [1] - [Ekaterinburg]
12:14:42.796 [Test worker] DEBUG org.hibernate.orm.sql.results - Extracted JDBC value [2] - [null]
12:14:42.797 [Test worker] DEBUG org.hibernate.orm.sql.results - Extracted JDBC value [3] - [Ivanov]
12:14:42.797 [Test worker] DEBUG org.hibernate.orm.sql.results - Extracted JDBC value [4] - [null]
12:14:42.797 [Test worker] DEBUG org.hibernate.orm.sql.results - Extracted JDBC value [5] - [Ivan]
12:14:42.797 [Test worker] DEBUG org.hibernate.orm.sql.results - Extracted JDBC value [6] - []
12:14:42.797 [Test worker] DEBUG org.hibernate.orm.sql.results - Extracted JDBC value [7] - [null]
12:14:42.797 [Test worker] DEBUG org.hibernate.orm.sql.results - Extracted JDBC value [8] - [null]
12:14:42.797 [Test worker] DEBUG o.h.orm.sql.resultsloading.entity - Done materializing entityInstance : pft.adressbook.model.ContactData#202
12:14:42.798 [Test worker] DEBUG o.h.s.r.internal.StandardRowReader - ---Processing Row---
12:14:42.798 [Test worker] DEBUG org.hibernate.orm.sql.results - Extracted JDBC value [0] - [203]
12:14:42.798 [Test worker] DEBUG o.h.orm.sql.resultsloading.entity - (o.h.s.r.g.e.i.EntityResultInitializer) Hydrated EntityKey (NavigablePath[pft.adressbook.model.ContactData]): 203
12:14:42.798 [Test worker] DEBUG o.h.orm.sql.resultsloading.entity - Created new entity instance [pft.adressbook.model.ContactData#203] : ContactData{name='null', family='null'}
12:14:42.798 [Test worker] DEBUG org.hibernate.orm.sql.results - Extracted JDBC value [1] - [Ekaterinburg]
12:14:42.799 [Test worker] DEBUG org.hibernate.orm.sql.results - Extracted JDBC value [2] - [null]
12:14:42.799 [Test worker] DEBUG org.hibernate.orm.sql.results - Extracted JDBC value [3] - [Petrov]
12:14:42.799 [Test worker] DEBUG org.hibernate.orm.sql.results - Extracted JDBC value [4] - [null]
12:14:42.799 [Test worker] DEBUG org.hibernate.orm.sql.results - Extracted JDBC value [5] - [Petr]
12:14:42.799 [Test worker] DEBUG org.hibernate.orm.sql.results - Extracted JDBC value [6] - []
12:14:42.799 [Test worker] DEBUG org.hibernate.orm.sql.results - Extracted JDBC value [7] - [null]
12:14:42.799 [Test worker] DEBUG org.hibernate.orm.sql.results - Extracted JDBC value [8] - [null]
12:14:42.799 [Test worker] DEBUG o.h.orm.sql.resultsloading.entity - Done materializing entityInstance : pft.adressbook.model.ContactData#203
12:14:42.799 [Test worker] DEBUG o.h.s.r.internal.StandardRowReader - ---Processing Row---
12:14:42.800 [Test worker] DEBUG org.hibernate.orm.sql.results - Extracted JDBC value [0] - [204]
12:14:42.800 [Test worker] DEBUG o.h.orm.sql.resultsloading.entity - (o.h.s.r.g.e.i.EntityResultInitializer) Hydrated EntityKey (NavigablePath[pft.adressbook.model.ContactData]): 204
12:14:42.800 [Test worker] DEBUG o.h.orm.sql.resultsloading.entity - Created new entity instance [pft.adressbook.model.ContactData#204] : ContactData{name='null', family='null'}
12:14:42.800 [Test worker] DEBUG org.hibernate.orm.sql.results - Extracted JDBC value [1] - [Ekaterinburg]
12:14:42.800 [Test worker] DEBUG org.hibernate.orm.sql.results - Extracted JDBC value [2] - [null]
12:14:42.800 [Test worker] DEBUG org.hibernate.orm.sql.results - Extracted JDBC value [3] - [Ivanov]
12:14:42.800 [Test worker] DEBUG org.hibernate.orm.sql.results - Extracted JDBC value [4] - [null]
12:14:42.800 [Test worker] DEBUG org.hibernate.orm.sql.results - Extracted JDBC value [5] - [Ivan]
12:14:42.800 [Test worker] DEBUG org.hibernate.orm.sql.results - Extracted JDBC value [6] - []
12:14:42.800 [Test worker] DEBUG org.hibernate.orm.sql.results - Extracted JDBC value [7] - [null]
12:14:42.801 [Test worker] DEBUG org.hibernate.orm.sql.results - Extracted JDBC value [8] - [null]
12:14:42.801 [Test worker] DEBUG o.h.orm.sql.resultsloading.entity - Done materializing entityInstance : pft.adressbook.model.ContactData#204
12:14:42.801 [Test worker] DEBUG o.h.r.j.i.ResourceRegistryStandardImpl - HHH000387: ResultSet's statement was not registered
12:14:42.801 [Test worker] DEBUG o.h.e.t.internal.TransactionImpl - committing
12:14:42.801 [Test worker] DEBUG o.h.e.i.AbstractFlushingEventListener - Processing flush-time cascades
12:14:42.801 [Test worker] DEBUG o.h.e.i.AbstractFlushingEventListener - Dirty checking collections
12:14:42.801 [Test worker] DEBUG o.h.e.i.AbstractFlushingEventListener - Flushed: 0 insertions, 0 updates, 0 deletions to 4 objects
12:14:42.802 [Test worker] DEBUG o.h.e.i.AbstractFlushingEventListener - Flushed: 0 (re)creations, 0 updates, 0 removals to 0 collections
12:14:42.802 [Test worker] DEBUG o.h.internal.util.EntityPrinter - Listing entities:
12:14:42.802 [Test worker] DEBUG o.h.internal.util.EntityPrinter - pft.adressbook.model.ContactData{address=Екатеринбург, work=333, mobile=222, name=Олег, photo=, telephone=4951251, id=174, family=Соколов, email=sokolov85@mail.ru}
12:14:42.802 [Test worker] DEBUG o.h.internal.util.EntityPrinter - pft.adressbook.model.ContactData{address=Ekaterinburg, work=null, mobile=null, name=Petr, photo=, telephone=null, id=203, family=Petrov, email=null}
12:14:42.802 [Test worker] DEBUG o.h.internal.util.EntityPrinter - pft.adressbook.model.ContactData{address=Ekaterinburg, work=null, mobile=null, name=Ivan, photo=, telephone=null, id=204, family=Ivanov, email=null}
12:14:42.802 [Test worker] DEBUG o.h.internal.util.EntityPrinter - pft.adressbook.model.ContactData{address=Ekaterinburg, work=null, mobile=null, name=Ivan, photo=, telephone=null, id=202, family=Ivanov, email=null}
12:14:42.803 [Test worker] DEBUG o.h.r.j.i.LogicalConnectionManagedImpl - Initiating JDBC connection release from afterTransaction
12:14:42.803 [Test worker] DEBUG o.h.r.j.i.LogicalConnectionManagedImpl - Initiating JDBC connection release from afterTransaction
12:14:42.814 [Test worker] DEBUG o.h.e.t.internal.TransactionImpl - On TransactionImpl creation, JpaCompliance#isJpaTransactionComplianceEnabled == false
12:14:42.814 [Test worker] DEBUG o.h.e.t.internal.TransactionImpl - begin
12:14:42.815 [Test worker] DEBUG o.h.s.e.i.JdbcSelectExecutorStandardImpl - Skipping reading Query result cache data: cache-enabled = false, cache-mode = NORMAL
12:14:42.815 [Test worker] DEBUG org.hibernate.orm.sql.results - Adding initializer : EntityRootInitializer(pft.adressbook.model.ContactData)
12:14:42.815 [Test worker] DEBUG org.hibernate.SQL - select c1_0.id, c1_0.address, c1_0.email, c1_0.lastname, c1_0.mobile, c1_0.firstname, c1_0.photo, c1_0.home, c1_0.work from addressbook as c1_0
Hibernate: select c1_0.id, c1_0.address, c1_0.email, c1_0.lastname, c1_0.mobile, c1_0.firstname, c1_0.photo, c1_0.home, c1_0.work from addressbook as c1_0
12:14:42.816 [Test worker] DEBUG o.h.s.r.internal.StandardRowReader - ---Processing Row---
12:14:42.817 [Test worker] DEBUG org.hibernate.orm.sql.results - Extracted JDBC value [0] - [174]
12:14:42.817 [Test worker] DEBUG o.h.orm.sql.resultsloading.entity - (o.h.s.r.g.e.i.EntityResultInitializer) Hydrated EntityKey (NavigablePath[pft.adressbook.model.ContactData]): 174
12:14:42.817 [Test worker] DEBUG o.h.orm.sql.resultsloading.entity - Created new entity instance [pft.adressbook.model.ContactData#174] : ContactData{name='null', family='null'}
12:14:42.817 [Test worker] DEBUG org.hibernate.orm.sql.results - Extracted JDBC value [1] - [Екатеринбург]
12:14:42.817 [Test worker] DEBUG org.hibernate.orm.sql.results - Extracted JDBC value [2] - [sokolov85@mail.ru]
12:14:42.817 [Test worker] DEBUG org.hibernate.orm.sql.results - Extracted JDBC value [3] - [Соколов]
12:14:42.817 [Test worker] DEBUG org.hibernate.orm.sql.results - Extracted JDBC value [4] - [222]
12:14:42.817 [Test worker] DEBUG org.hibernate.orm.sql.results - Extracted JDBC value [5] - [Олег]
12:14:42.817 [Test worker] DEBUG org.hibernate.orm.sql.results - Extracted JDBC value [6] - []
12:14:42.817 [Test worker] DEBUG org.hibernate.orm.sql.results - Extracted JDBC value [7] - [4951251]
12:14:42.817 [Test worker] DEBUG org.hibernate.orm.sql.results - Extracted JDBC value [8] - [333]
12:14:42.818 [Test worker] DEBUG o.h.orm.sql.resultsloading.entity - Done materializing entityInstance : pft.adressbook.model.ContactData#174
12:14:42.818 [Test worker] DEBUG o.h.s.r.internal.StandardRowReader - ---Processing Row---
12:14:42.818 [Test worker] DEBUG org.hibernate.orm.sql.results - Extracted JDBC value [0] - [202]
12:14:42.818 [Test worker] DEBUG o.h.orm.sql.resultsloading.entity - (o.h.s.r.g.e.i.EntityResultInitializer) Hydrated EntityKey (NavigablePath[pft.adressbook.model.ContactData]): 202
12:14:42.818 [Test worker] DEBUG o.h.orm.sql.resultsloading.entity - Created new entity instance [pft.adressbook.model.ContactData#202] : ContactData{name='null', family='null'}
12:14:42.818 [Test worker] DEBUG org.hibernate.orm.sql.results - Extracted JDBC value [1] - [Ekaterinburg]
12:14:42.818 [Test worker] DEBUG org.hibernate.orm.sql.results - Extracted JDBC value [2] - [null]
12:14:42.818 [Test worker] DEBUG org.hibernate.orm.sql.results - Extracted JDBC value [3] - [Ivanov]
12:14:42.818 [Test worker] DEBUG org.hibernate.orm.sql.results - Extracted JDBC value [4] - [null]
12:14:42.819 [Test worker] DEBUG org.hibernate.orm.sql.results - Extracted JDBC value [5] - [Ivan]
12:14:42.819 [Test worker] DEBUG org.hibernate.orm.sql.results - Extracted JDBC value [6] - []
12:14:42.819 [Test worker] DEBUG org.hibernate.orm.sql.results - Extracted JDBC value [7] - [null]
12:14:42.819 [Test worker] DEBUG org.hibernate.orm.sql.results - Extracted JDBC value [8] - [null]
12:14:42.819 [Test worker] DEBUG o.h.orm.sql.resultsloading.entity - Done materializing entityInstance : pft.adressbook.model.ContactData#202
12:14:42.819 [Test worker] DEBUG o.h.s.r.internal.StandardRowReader - ---Processing Row---
12:14:42.819 [Test worker] DEBUG org.hibernate.orm.sql.results - Extracted JDBC value [0] - [203]
12:14:42.819 [Test worker] DEBUG o.h.orm.sql.resultsloading.entity - (o.h.s.r.g.e.i.EntityResultInitializer) Hydrated EntityKey (NavigablePath[pft.adressbook.model.ContactData]): 203
12:14:42.819 [Test worker] DEBUG o.h.orm.sql.resultsloading.entity - Created new entity instance [pft.adressbook.model.ContactData#203] : ContactData{name='null', family='null'}
12:14:42.819 [Test worker] DEBUG org.hibernate.orm.sql.results - Extracted JDBC value [1] - [Ekaterinburg]
12:14:42.819 [Test worker] DEBUG org.hibernate.orm.sql.results - Extracted JDBC value [2] - [null]
12:14:42.819 [Test worker] DEBUG org.hibernate.orm.sql.results - Extracted JDBC value [3] - [Petrov]
12:14:42.819 [Test worker] DEBUG org.hibernate.orm.sql.results - Extracted JDBC value [4] - [null]
12:14:42.819 [Test worker] DEBUG org.hibernate.orm.sql.results - Extracted JDBC value [5] - [Petr]
12:14:42.819 [Test worker] DEBUG org.hibernate.orm.sql.results - Extracted JDBC value [6] - []
12:14:42.819 [Test worker] DEBUG org.hibernate.orm.sql.results - Extracted JDBC value [7] - [null]
12:14:42.820 [Test worker] DEBUG org.hibernate.orm.sql.results - Extracted JDBC value [8] - [null]
12:14:42.820 [Test worker] DEBUG o.h.orm.sql.resultsloading.entity - Done materializing entityInstance : pft.adressbook.model.ContactData#203
12:14:42.820 [Test worker] DEBUG o.h.s.r.internal.StandardRowReader - ---Processing Row---
12:14:42.820 [Test worker] DEBUG org.hibernate.orm.sql.results - Extracted JDBC value [0] - [204]
12:14:42.820 [Test worker] DEBUG o.h.orm.sql.resultsloading.entity - (o.h.s.r.g.e.i.EntityResultInitializer) Hydrated EntityKey (NavigablePath[pft.adressbook.model.ContactData]): 204
12:14:42.820 [Test worker] DEBUG o.h.orm.sql.resultsloading.entity - Created new entity instance [pft.adressbook.model.ContactData#204] : ContactData{name='null', family='null'}
12:14:42.820 [Test worker] DEBUG org.hibernate.orm.sql.results - Extracted JDBC value [1] - [Ekaterinburg]
12:14:42.820 [Test worker] DEBUG org.hibernate.orm.sql.results - Extracted JDBC value [2] - [null]
12:14:42.820 [Test worker] DEBUG org.hibernate.orm.sql.results - Extracted JDBC value [3] - [Ivanov]
12:14:42.820 [Test worker] DEBUG org.hibernate.orm.sql.results - Extracted JDBC value [4] - [null]
12:14:42.820 [Test worker] DEBUG org.hibernate.orm.sql.results - Extracted JDBC value [5] - [Ivan]
12:14:42.820 [Test worker] DEBUG org.hibernate.orm.sql.results - Extracted JDBC value [6] - []
12:14:42.820 [Test worker] DEBUG org.hibernate.orm.sql.results - Extracted JDBC value [7] - [null]
12:14:42.820 [Test worker] DEBUG org.hibernate.orm.sql.results - Extracted JDBC value [8] - [null]
12:14:42.820 [Test worker] DEBUG o.h.orm.sql.resultsloading.entity - Done materializing entityInstance : pft.adressbook.model.ContactData#204
12:14:42.821 [Test worker] DEBUG o.h.r.j.i.ResourceRegistryStandardImpl - HHH000387: ResultSet's statement was not registered
12:14:42.821 [Test worker] DEBUG o.h.e.t.internal.TransactionImpl - committing
12:14:42.821 [Test worker] DEBUG o.h.e.i.AbstractFlushingEventListener - Processing flush-time cascades
12:14:42.821 [Test worker] DEBUG o.h.e.i.AbstractFlushingEventListener - Dirty checking collections
12:14:42.821 [Test worker] DEBUG o.h.e.i.AbstractFlushingEventListener - Flushed: 0 insertions, 0 updates, 0 deletions to 4 objects
12:14:42.821 [Test worker] DEBUG o.h.e.i.AbstractFlushingEventListener - Flushed: 0 (re)creations, 0 updates, 0 removals to 0 collections
12:14:42.821 [Test worker] DEBUG o.h.internal.util.EntityPrinter - Listing entities:
12:14:42.821 [Test worker] DEBUG o.h.internal.util.EntityPrinter - pft.adressbook.model.ContactData{address=Екатеринбург, work=333, mobile=222, name=Олег, photo=, telephone=4951251, id=174, family=Соколов, email=sokolov85@mail.ru}
12:14:42.821 [Test worker] DEBUG o.h.internal.util.EntityPrinter - pft.adressbook.model.ContactData{address=Ekaterinburg, work=null, mobile=null, name=Petr, photo=, telephone=null, id=203, family=Petrov, email=null}
12:14:42.821 [Test worker] DEBUG o.h.internal.util.EntityPrinter - pft.adressbook.model.ContactData{address=Ekaterinburg, work=null, mobile=null, name=Ivan, photo=, telephone=null, id=204, family=Ivanov, email=null}
12:14:42.821 [Test worker] DEBUG o.h.internal.util.EntityPrinter - pft.adressbook.model.ContactData{address=Ekaterinburg, work=null, mobile=null, name=Ivan, photo=, telephone=null, id=202, family=Ivanov, email=null}
12:14:42.822 [Test worker] DEBUG o.h.r.j.i.LogicalConnectionManagedImpl - Initiating JDBC connection release from afterTransaction
12:14:42.822 [Test worker] DEBUG o.h.r.j.i.LogicalConnectionManagedImpl - Initiating JDBC connection release from afterTransaction
12:14:50.374 [Test worker] DEBUG o.h.e.t.internal.TransactionImpl - On TransactionImpl creation, JpaCompliance#isJpaTransactionComplianceEnabled == false
12:14:50.374 [Test worker] DEBUG o.h.e.t.internal.TransactionImpl - begin
12:14:50.375 [Test worker] DEBUG o.h.s.e.i.JdbcSelectExecutorStandardImpl - Skipping reading Query result cache data: cache-enabled = false, cache-mode = NORMAL
12:14:50.375 [Test worker] DEBUG org.hibernate.orm.sql.results - Adding initializer : EntityRootInitializer(pft.adressbook.model.ContactData)
12:14:50.375 [Test worker] DEBUG org.hibernate.SQL - select c1_0.id, c1_0.address, c1_0.email, c1_0.lastname, c1_0.mobile, c1_0.firstname, c1_0.photo, c1_0.home, c1_0.work from addressbook as c1_0
Hibernate: select c1_0.id, c1_0.address, c1_0.email, c1_0.lastname, c1_0.mobile, c1_0.firstname, c1_0.photo, c1_0.home, c1_0.work from addressbook as c1_0
12:14:50.378 [Test worker] DEBUG o.h.s.r.internal.StandardRowReader - ---Processing Row---
12:14:50.379 [Test worker] DEBUG org.hibernate.orm.sql.results - Extracted JDBC value [0] - [174]
12:14:50.379 [Test worker] DEBUG o.h.orm.sql.resultsloading.entity - (o.h.s.r.g.e.i.EntityResultInitializer) Hydrated EntityKey (NavigablePath[pft.adressbook.model.ContactData]): 174
12:14:50.381 [Test worker] DEBUG o.h.orm.sql.resultsloading.entity - Created new entity instance [pft.adressbook.model.ContactData#174] : ContactData{name='null', family='null'}
12:14:50.383 [Test worker] DEBUG org.hibernate.orm.sql.results - Extracted JDBC value [1] - [Екатеринбург]
12:14:50.384 [Test worker] DEBUG org.hibernate.orm.sql.results - Extracted JDBC value [2] - [sokolov85@mail.ru]
12:14:50.384 [Test worker] DEBUG org.hibernate.orm.sql.results - Extracted JDBC value [3] - [Соколов]
12:14:50.384 [Test worker] DEBUG org.hibernate.orm.sql.results - Extracted JDBC value [4] - [222]
12:14:50.384 [Test worker] DEBUG org.hibernate.orm.sql.results - Extracted JDBC value [5] - [Олег]
12:14:50.384 [Test worker] DEBUG org.hibernate.orm.sql.results - Extracted JDBC value [6] - []
12:14:50.384 [Test worker] DEBUG org.hibernate.orm.sql.results - Extracted JDBC value [7] - [4951251]
12:14:50.384 [Test worker] DEBUG org.hibernate.orm.sql.results - Extracted JDBC value [8] - [333]
12:14:50.385 [Test worker] DEBUG o.h.orm.sql.resultsloading.entity - Done materializing entityInstance : pft.adressbook.model.ContactData#174
12:14:50.385 [Test worker] DEBUG o.h.s.r.internal.StandardRowReader - ---Processing Row---
12:14:50.386 [Test worker] DEBUG org.hibernate.orm.sql.results - Extracted JDBC value [0] - [202]
12:14:50.387 [Test worker] DEBUG o.h.orm.sql.resultsloading.entity - (o.h.s.r.g.e.i.EntityResultInitializer) Hydrated EntityKey (NavigablePath[pft.adressbook.model.ContactData]): 202
12:14:50.388 [Test worker] DEBUG o.h.orm.sql.resultsloading.entity - Created new entity instance [pft.adressbook.model.ContactData#202] : ContactData{name='null', family='null'}
12:14:50.388 [Test worker] DEBUG org.hibernate.orm.sql.results - Extracted JDBC value [1] - [Ekaterinburg]
12:14:50.388 [Test worker] DEBUG org.hibernate.orm.sql.results - Extracted JDBC value [2] - [null]
12:14:50.388 [Test worker] DEBUG org.hibernate.orm.sql.results - Extracted JDBC value [3] - [Ivanov]
12:14:50.388 [Test worker] DEBUG org.hibernate.orm.sql.results - Extracted JDBC value [4] - [null]
12:14:50.388 [Test worker] DEBUG org.hibernate.orm.sql.results - Extracted JDBC value [5] - [Ivan]
12:14:50.389 [Test worker] DEBUG org.hibernate.orm.sql.results - Extracted JDBC value [6] - []
12:14:50.389 [Test worker] DEBUG org.hibernate.orm.sql.results - Extracted JDBC value [7] - [null]
12:14:50.389 [Test worker] DEBUG org.hibernate.orm.sql.results - Extracted JDBC value [8] - [null]
12:14:50.390 [Test worker] DEBUG o.h.orm.sql.resultsloading.entity - Done materializing entityInstance : pft.adressbook.model.ContactData#202
12:14:50.390 [Test worker] DEBUG o.h.s.r.internal.StandardRowReader - ---Processing Row---
12:14:50.390 [Test worker] DEBUG org.hibernate.orm.sql.results - Extracted JDBC value [0] - [203]
12:14:50.391 [Test worker] DEBUG o.h.orm.sql.resultsloading.entity - (o.h.s.r.g.e.i.EntityResultInitializer) Hydrated EntityKey (NavigablePath[pft.adressbook.model.ContactData]): 203
12:14:50.391 [Test worker] DEBUG o.h.orm.sql.resultsloading.entity - Created new entity instance [pft.adressbook.model.ContactData#203] : ContactData{name='null', family='null'}
12:14:50.392 [Test worker] DEBUG org.hibernate.orm.sql.results - Extracted JDBC value [1] - [Ekaterinburg]
12:14:50.392 [Test worker] DEBUG org.hibernate.orm.sql.results - Extracted JDBC value [2] - [null]
12:14:50.392 [Test worker] DEBUG org.hibernate.orm.sql.results - Extracted JDBC value [3] - [Petrov]
12:14:50.393 [Test worker] DEBUG org.hibernate.orm.sql.results - Extracted JDBC value [4] - [null]
12:14:50.394 [Test worker] DEBUG org.hibernate.orm.sql.results - Extracted JDBC value [5] - [Petr]
12:14:50.396 [Test worker] DEBUG org.hibernate.orm.sql.results - Extracted JDBC value [6] - []
12:14:50.397 [Test worker] DEBUG org.hibernate.orm.sql.results - Extracted JDBC value [7] - [null]
12:14:50.397 [Test worker] DEBUG org.hibernate.orm.sql.results - Extracted JDBC value [8] - [null]
12:14:50.398 [Test worker] DEBUG o.h.orm.sql.resultsloading.entity - Done materializing entityInstance : pft.adressbook.model.ContactData#203
12:14:50.398 [Test worker] DEBUG o.h.s.r.internal.StandardRowReader - ---Processing Row---
12:14:50.399 [Test worker] DEBUG org.hibernate.orm.sql.results - Extracted JDBC value [0] - [204]
12:14:50.399 [Test worker] DEBUG o.h.orm.sql.resultsloading.entity - (o.h.s.r.g.e.i.EntityResultInitializer) Hydrated EntityKey (NavigablePath[pft.adressbook.model.ContactData]): 204
12:14:50.399 [Test worker] DEBUG o.h.orm.sql.resultsloading.entity - Created new entity instance [pft.adressbook.model.ContactData#204] : ContactData{name='null', family='null'}
12:14:50.400 [Test worker] DEBUG org.hibernate.orm.sql.results - Extracted JDBC value [1] - [Ekaterinburg]
12:14:50.400 [Test worker] DEBUG org.hibernate.orm.sql.results - Extracted JDBC value [2] - [null]
12:14:50.400 [Test worker] DEBUG org.hibernate.orm.sql.results - Extracted JDBC value [3] - [Ivanov]
12:14:50.400 [Test worker] DEBUG org.hibernate.orm.sql.results - Extracted JDBC value [4] - [null]
12:14:50.400 [Test worker] DEBUG org.hibernate.orm.sql.results - Extracted JDBC value [5] - [Ivan]
12:14:50.400 [Test worker] DEBUG org.hibernate.orm.sql.results - Extracted JDBC value [6] - []
12:14:50.400 [Test worker] DEBUG org.hibernate.orm.sql.results - Extracted JDBC value [7] - [null]
12:14:50.400 [Test worker] DEBUG org.hibernate.orm.sql.results - Extracted JDBC value [8] - [null]
12:14:50.400 [Test worker] DEBUG o.h.orm.sql.resultsloading.entity - Done materializing entityInstance : pft.adressbook.model.ContactData#204
12:14:50.401 [Test worker] DEBUG o.h.s.r.internal.StandardRowReader - ---Processing Row---
12:14:50.401 [Test worker] DEBUG org.hibernate.orm.sql.results - Extracted JDBC value [0] - [205]
12:14:50.401 [Test worker] DEBUG o.h.orm.sql.resultsloading.entity - (o.h.s.r.g.e.i.EntityResultInitializer) Hydrated EntityKey (NavigablePath[pft.adressbook.model.ContactData]): 205
12:14:50.401 [Test worker] DEBUG o.h.orm.sql.resultsloading.entity - Created new entity instance [pft.adressbook.model.ContactData#205] : ContactData{name='null', family='null'}
12:14:50.401 [Test worker] DEBUG org.hibernate.orm.sql.results - Extracted JDBC value [1] - [Ekaterinburg]
12:14:50.401 [Test worker] DEBUG org.hibernate.orm.sql.results - Extracted JDBC value [2] - [null]
12:14:50.401 [Test worker] DEBUG org.hibernate.orm.sql.results - Extracted JDBC value [3] - [Petrov]
12:14:50.402 [Test worker] DEBUG org.hibernate.orm.sql.results - Extracted JDBC value [4] - [null]
12:14:50.402 [Test worker] DEBUG org.hibernate.orm.sql.results - Extracted JDBC value [5] - [Petr]
12:14:50.402 [Test worker] DEBUG org.hibernate.orm.sql.results - Extracted JDBC value [6] - []
12:14:50.402 [Test worker] DEBUG org.hibernate.orm.sql.results - Extracted JDBC value [7] - [null]
12:14:50.402 [Test worker] DEBUG org.hibernate.orm.sql.results - Extracted JDBC value [8] - [null]
12:14:50.402 [Test worker] DEBUG o.h.orm.sql.resultsloading.entity - Done materializing entityInstance : pft.adressbook.model.ContactData#205
12:14:50.402 [Test worker] DEBUG o.h.r.j.i.ResourceRegistryStandardImpl - HHH000387: ResultSet's statement was not registered
12:14:50.402 [Test worker] DEBUG o.h.e.t.internal.TransactionImpl - committing
12:14:50.402 [Test worker] DEBUG o.h.e.i.AbstractFlushingEventListener - Processing flush-time cascades
12:14:50.402 [Test worker] DEBUG o.h.e.i.AbstractFlushingEventListener - Dirty checking collections
12:14:50.403 [Test worker] DEBUG o.h.e.i.AbstractFlushingEventListener - Flushed: 0 insertions, 0 updates, 0 deletions to 5 objects
12:14:50.403 [Test worker] DEBUG o.h.e.i.AbstractFlushingEventListener - Flushed: 0 (re)creations, 0 updates, 0 removals to 0 collections
12:14:50.403 [Test worker] DEBUG o.h.internal.util.EntityPrinter - Listing entities:
12:14:50.403 [Test worker] DEBUG o.h.internal.util.EntityPrinter - pft.adressbook.model.ContactData{address=Ekaterinburg, work=null, mobile=null, name=Petr, photo=, telephone=null, id=205, family=Petrov, email=null}
12:14:50.403 [Test worker] DEBUG o.h.internal.util.EntityPrinter - pft.adressbook.model.ContactData{address=Екатеринбург, work=333, mobile=222, name=Олег, photo=, telephone=4951251, id=174, family=Соколов, email=sokolov85@mail.ru}
12:14:50.403 [Test worker] DEBUG o.h.internal.util.EntityPrinter - pft.adressbook.model.ContactData{address=Ekaterinburg, work=null, mobile=null, name=Petr, photo=, telephone=null, id=203, family=Petrov, email=null}
12:14:50.403 [Test worker] DEBUG o.h.internal.util.EntityPrinter - pft.adressbook.model.ContactData{address=Ekaterinburg, work=null, mobile=null, name=Ivan, photo=, telephone=null, id=204, family=Ivanov, email=null}
12:14:50.403 [Test worker] DEBUG o.h.internal.util.EntityPrinter - pft.adressbook.model.ContactData{address=Ekaterinburg, work=null, mobile=null, name=Ivan, photo=, telephone=null, id=202, family=Ivanov, email=null}
12:14:50.404 [Test worker] DEBUG o.h.r.j.i.LogicalConnectionManagedImpl - Initiating JDBC connection release from afterTransaction
12:14:50.404 [Test worker] DEBUG o.h.r.j.i.LogicalConnectionManagedImpl - Initiating JDBC connection release from afterTransaction
]]></system-out>
  <system-err><![CDATA[]]></system-err>
</testsuite>
