<?xml version="1.0" encoding="UTF-8"?>
<testsuite name="pft.adressbook.tests.ContactModificationTests" tests="1" skipped="0" failures="0" errors="0" timestamp="2020-02-02T14:50:28" hostname="Earp" time="15.116">
  <properties/>
  <testcase name="testContactModification" classname="pft.adressbook.tests.ContactModificationTests" time="15.116"/>
  <system-out><![CDATA[]]></system-out>
  <system-err><![CDATA[]]></system-err>
</testsuite>
