<?xml version="1.0" encoding="UTF-8"?>
<testsuite name="pft.adressbook.tests.ContactModificationTests" tests="1" skipped="0" failures="0" errors="0" timestamp="2020-02-10T06:58:16" hostname="Earp" time="8.272">
  <properties/>
  <testcase name="testContactModification" classname="pft.adressbook.tests.ContactModificationTests" time="8.272"/>
  <system-out><![CDATA[]]></system-out>
  <system-err><![CDATA[]]></system-err>
</testsuite>
