<?xml version="1.0" encoding="UTF-8"?>
<testsuite name="pft.adressbook.tests.GroupModificationTests" tests="1" skipped="0" failures="0" errors="0" timestamp="2020-02-02T12:17:10" hostname="Earp" time="1.627">
  <properties/>
  <testcase name="testGroupModification" classname="pft.adressbook.tests.GroupModificationTests" time="1.627"/>
  <system-out><![CDATA[]]></system-out>
  <system-err><![CDATA[]]></system-err>
</testsuite>
