<?xml version="1.0" encoding="UTF-8"?>
<testsuite name="pft.adressbook.tests.ContactPhoneTests" tests="1" skipped="0" failures="0" errors="0" timestamp="2020-02-10T06:58:25" hostname="Earp" time="0.527">
  <properties/>
  <testcase name="testContactPhones" classname="pft.adressbook.tests.ContactPhoneTests" time="0.527"/>
  <system-out><![CDATA[]]></system-out>
  <system-err><![CDATA[]]></system-err>
</testsuite>
