<?xml version="1.0" encoding="UTF-8"?>
<testsuite name="pft.adressbook.tests.ContactAddressTests" tests="1" skipped="0" failures="0" errors="0" timestamp="2020-02-03T15:58:50" hostname="Earp" time="0.632">
  <properties/>
  <testcase name="testContactAddress" classname="pft.adressbook.tests.ContactAddressTests" time="0.632"/>
  <system-out><![CDATA[]]></system-out>
  <system-err><![CDATA[]]></system-err>
</testsuite>
