<?xml version="1.0" encoding="UTF-8"?>
<testsuite name="pft.adressbook.tests.ContactModificationTests" tests="1" skipped="0" failures="0" errors="0" timestamp="2020-01-28T21:28:20" hostname="Earp" time="14.622">
  <properties/>
  <testcase name="testContactModification" classname="pft.adressbook.tests.ContactModificationTests" time="14.622"/>
  <system-out><![CDATA[]]></system-out>
  <system-err><![CDATA[]]></system-err>
</testsuite>
