<?xml version="1.0" encoding="UTF-8"?>
<testsuite name="pft.adressbook.tests.ContactDeletionTests" tests="1" skipped="0" failures="0" errors="0" timestamp="2020-02-02T18:03:44" hostname="Earp" time="6.537">
  <properties/>
  <testcase name="testContactDeletion" classname="pft.adressbook.tests.ContactDeletionTests" time="6.537"/>
  <system-out><![CDATA[]]></system-out>
  <system-err><![CDATA[]]></system-err>
</testsuite>
