<?xml version="1.0" encoding="UTF-8"?>
<testsuite name="soap.GeoIpServiceTests" tests="1" skipped="0" failures="0" errors="0" timestamp="2020-02-29T07:43:34" hostname="Earp" time="0.829">
  <properties/>
  <testcase name="testMyIp" classname="soap.GeoIpServiceTests" time="0.829"/>
  <system-out><![CDATA[<GeoIP><Country>RU</Country><State>71</State></GeoIP>
]]></system-out>
  <system-err><![CDATA[]]></system-err>
</testsuite>
